10:14:53.461 [qtp6992979-24] INFO  REQUEST 30 - GET	/product/22/comment	436ms	{star=[0],sign=[4e9f91384b48876d1daf71d623d77e21],expired=[1500000000000],count=[2],start=[1]}
11:28:04.035 [qtp12059792-21] INFO  REQUEST 30 - POST	/product/22/comment/add	502ms	{sign=[4e9f91384b48876d1daf71d623d77e21],commentJson=[{"customerId":4,"serverId":4,"skuId":4,"productId":22,"star":4,"content":"perfect"}],expired=[1500000000000]}
11:28:50.437 [qtp12059792-23] INFO  REQUEST 30 - GET	/product/22/comment	6ms	{star=[0],sign=[4e9f91384b48876d1daf71d623d77e21],expired=[1500000000000],count=[2],start=[1]}
11:28:59.383 [qtp12059792-20] INFO  REQUEST 30 - GET	/product/22/comment	2ms	{star=[0],count=[2],start=[1]}
11:29:08.087 [qtp12059792-19] INFO  REQUEST 30 - GET	/product/22/comment	1ms	{star=[0],sign=[4e9f91384b48876d1daf71d623d77e21],expired=[1500000000000],count=[2],start=[1]}
11:32:25.575 [qtp12059792-23] INFO  REQUEST 30 - GET	/product/22/	2ms	{sign=[4e9f91384b48876d1daf71d623d77e21],expired=[1500000000000]}
11:38:00.264 [qtp12059792-19] INFO  REQUEST 30 - GET	/product/22/	2ms	{sign=[4e9f91384b48876d1daf71d623d77e21],expired=[1500000000000]}
11:40:13.148 [qtp21575155-25] INFO  REQUEST 30 - GET	/product/22/	449ms	{}
11:40:24.665 [qtp21575155-20] INFO  REQUEST 30 - POST	/product/22/comment/add	39ms	{commentJson=[{"customerId":4,"serverId":4,"skuId":4,"productId":22,"star":4,"content":"perfect"}]}
11:40:44.174 [qtp21575155-24] INFO  REQUEST 30 - POST	/product/22/comment/add	29ms	{commentJson=["{"customerId":4,"serverId":4,"skuId":4,"productId":22,"star":4,"content":"perfect"}"]}
11:40:45.159 [qtp21575155-21] INFO  REQUEST 30 - POST	/product/22/comment/add	5ms	{commentJson=["{"customerId":4,"serverId":4,"skuId":4,"productId":22,"star":4,"content":"perfect"}"]}
11:42:07.823 [qtp21575155-20] INFO  REQUEST 30 - POST	/product/22/comment/add	99ms	{skuId=[4],commentJson=[{"customerId":4,"serverId":4,"skuId":4,"productId":22,"star":4,"content":"perfect"}]}
11:43:31.168 [qtp21575155-25] INFO  REQUEST 30 - POST	/product/22/comment/	21ms	{count=[2],start=[1],star =[0]}
11:43:40.702 [qtp21575155-21] INFO  REQUEST 30 - GET	/product/22/comment/	11ms	{count=[2],start=[1],star =[0]}
11:44:07.382 [qtp21575155-24] INFO  REQUEST 30 - GET	/product/22/comment/	31ms	{star=[0],count=[2],start=[1]}
11:44:21.964 [qtp21575155-23] INFO  REQUEST 30 - GET	/product/22/comment/	26ms	{star=[0],count=[2],start=[1]}
11:44:26.737 [qtp21575155-20] INFO  REQUEST 30 - GET	/product/22/comment/	16ms	{star=[0],count=[1],start=[1]}
11:55:58.906 [qtp24443576-23] INFO  REQUEST 30 - GET	/product/22/comment/	20ms	{star=[0],count=[1],start=[1]}
12:07:00.950 [qtp24443576-21] INFO  REQUEST 30 - GET	/product/22/comment/	126ms	{star=[0],count=[1],start=[1]}
12:07:08.543 [qtp24443576-20] INFO  REQUEST 30 - GET	/product/22/comment/	25ms	{star=[4],count=[1],start=[1]}
13:37:27.200 [qtp24443576-19] INFO  REQUEST 30 - GET	/product/22/comment/	16ms	{star=[0],count=[1],start=[1]}
13:37:51.127 [qtp24443576-20] INFO  REQUEST 30 - GET	/product/22/comment/	22ms	{star=[0],count=[1],start=[1]}
13:50:32.881 [qtp4333592-20] INFO  REQUEST 30 - GET	/product/22/	134ms	{}
13:53:30.966 [qtp4333592-24] INFO  REQUEST 30 - GET	/product/22/sku	354ms	{}
13:53:44.913 [qtp4333592-21] INFO  REQUEST 30 - GET	/product/22/comment/	88ms	{star=[0],count=[1],start=[0]}
14:09:55.496 [qtp28691323-23] INFO  REQUEST 30 - GET	/user/1	493ms	{}
14:12:58.444 [qtp21575155-22] INFO  REQUEST 30 - POST	/user/1/participant/add	265ms	{participantJson=[{"userId":1,"name":"yangsiman","sex":1,"birthday":"1991-3-2"}]}
14:15:41.399 [qtp4333592-23] INFO  REQUEST 30 - POST	/user/1/participant/add	239ms	{participantJson=[{"userId":1,"name":"yangsiman","sex":1,"birthday":"1991-3-2"}]}
14:17:10.561 [qtp4333592-24] INFO  REQUEST 30 - POST	/user/1/participant/add	21ms	{participantJson=[{"userId":1,"name":"yangsiman","sex":1,"birthday":"1991-3-2"}]}
14:21:58.339 [qtp4333592-25] INFO  REQUEST 30 - POST	/user/1/participant/add	359ms	{participantJson=[{"userId":1,"name":"yangsiman","sex":1,"birthday":"1991-3-2"}]}
14:22:31.492 [qtp4333592-22] INFO  REQUEST 30 - POST	/user/1/participant/add	17ms	{participantJson=[{"userId":1,"name":"yangsiman","sex":1,"birthday":"1991-3-2"}]}
14:22:57.358 [qtp4333592-21] INFO  REQUEST 30 - POST	/user/1/participant/add	7ms	{participantJson=[{"userId":1,"name":"yangsiman","sex":1,"birthday":"1991-3-2"}]}
14:24:37.058 [qtp4333592-24] INFO  REQUEST 30 - POST	/user/1/participant/add	7ms	{participantJson=[{"userId":1,"name":"yangsiman","sex":1,"birthday":"1991-03-02"}]}
14:25:38.286 [qtp4333592-22] INFO  REQUEST 30 - POST	/user/1/participant/add	4ms	{participantJson=[{"name":"yangsiman","sex":1,"birthday":"1991-03-02"}]}
14:26:18.063 [qtp4333592-22] INFO  REQUEST 30 - POST	/user/1/participant/add	244ms	{participantJson=[{"name":"yangsiman","sex":1,"birthday":"1991-03-02"}]}
14:27:34.443 [qtp21575155-23] INFO  REQUEST 30 - POST	/user/1/participant/add	247ms	{participantJson=[{"name":"yangsiman","sex":1,"birthday":"1991-03-02"}]}
14:29:35.280 [qtp16281814-22] INFO  REQUEST 30 - POST	/user/1/participant/add	286ms	{participantJson=[{"name":"yangsiman","sex":1,birthday:1991-03-02}]}
14:32:53.476 [qtp28691323-20] INFO  REQUEST 30 - POST	/user/1/participant/add	243ms	{participantJson=[{"name":"yangsiman","sex":1,"birthday":"1991-03-02"}]}
14:33:21.539 [qtp28691323-25] INFO  REQUEST 30 - POST	/user/1/participant/add	17ms	{participantJson=[{"name":"yangsiman","sex":1,"birthday":"1991-03-02"}]}
14:37:02.861 [qtp16281814-22] INFO  REQUEST 30 - POST	/user/1/participant/add	539ms	{participantJson=[{"name":"yangsiman","sex":1,"birthday":"1991-03-02"}]}
14:40:01.868 [qtp4333592-25] INFO  REQUEST 30 - POST	/user/1/participant/add	249ms	{participantJson=[{"name":"yangsiman","sex":1,"birthday":"1991-03-02"}]}
14:40:54.763 [qtp4333592-20] INFO  REQUEST 30 - POST	/user/1/participant/add	31ms	{participantJson=[{"name":"yangsiman","sex":1,"birthday":"1991-03-02"}]}
14:43:04.791 [qtp21575155-22] INFO  REQUEST 30 - POST	/user/1/participant/add	357ms	{participantJson=[{"name":"yangsiman","sex":1,"birthday":"1991-03-02"}]}
14:43:46.978 [qtp21575155-25] INFO  REQUEST 30 - GET	/user/1	165ms	{}
14:45:30.425 [qtp21575155-25] INFO  REQUEST 30 - POST	/user/1/participant/add	15ms	{participantJson=[{"name":"yangsiman","sex":1,"birthday":"2000-1-2"}]}
14:48:37.429 [qtp21575155-24] INFO  REQUEST 30 - POST	/user/1/participant/add	345ms	{participantJson=[{"name":"yangsiman","sex":1,"birthday":"2000-1-2"}]}
14:49:18.278 [qtp21575155-23] INFO  REQUEST 30 - POST	/product/22/comment/add	281ms	{skuId=[4],commentJson=[{"customerId":4,"serverId":4,"skuId":4,"productId":22,"star":4,"content":"perfect"}]}
14:52:03.823 [qtp21575155-20] INFO  REQUEST 30 - POST	/user/1/participant/add	8ms	{participantJson=[{"name":"123","sex":1,"birthday":"1999-9-9"}]}
15:42:55.916 [qtp21575155-23] INFO  REQUEST 30 - GET	/product/1/customer	333ms	{count=[1],start=[0]}
15:50:23.524 [qtp28691323-24] INFO  REQUEST 30 - DELETE	/user/1/participant/delete	395ms	{participantId=[7]}
15:55:01.405 [qtp28691323-21] INFO  REQUEST 30 - POST	/user/1/participant/add	30ms	{participantJson=["{userId:1,name:yangsiman,sex:1,birthday:1999-9-9}"]}
15:55:11.346 [qtp28691323-22] INFO  REQUEST 30 - POST	/user/1/participant/add	8ms	{participantJson=[{userId:1,name:yangsiman,sex:1,birthday:1999-9-9}]}
15:55:12.457 [qtp28691323-24] INFO  REQUEST 30 - POST	/user/1/participant/add	5ms	{participantJson=[{userId:1,name:yangsiman,sex:1,birthday:1999-9-9}]}
15:59:18.030 [qtp21575155-23] INFO  REQUEST 30 - POST	/user/1/participant/add	264ms	{participantJson=[{'userId':1,'name':'yangsiman','sex':1,'birthday':'1999-9-9'}]}
15:59:26.301 [qtp21575155-23] INFO  REQUEST 30 - POST	/user/1/participant/add	26ms	{participantJson=[{'userId':1,'name':'yangsiman','sex':1,'birthday':'1999-9-9'}]}
16:02:18.463 [qtp21575155-20] INFO  REQUEST 30 - POST	/user/1/participant/add	8ms	{participantJson=[{'userId':1,'name':'yangsiman','sex':1,'birthday':'1999-9-9'}]}
16:02:41.390 [qtp21575155-20] INFO  REQUEST 30 - POST	/user/1/participant/add	10ms	{participantJson=[{'name':'yangsiman','sex':1,'birthday':'1999-9-9'}]}
16:02:43.184 [qtp21575155-24] INFO  REQUEST 30 - POST	/user/1/participant/add	5ms	{participantJson=[{'name':'yangsiman','sex':1,'birthday':'1999-9-9'}]}
16:03:06.035 [qtp21575155-25] INFO  REQUEST 30 - POST	/user/1/participant/add	6ms	{participantJson=[{'name':'yangsiman','sex':1,'birthday':'1999-9-9'}]}
16:18:08.996 [qtp21575155-22] INFO  REQUEST 30 - POST	/user/1/participant/add	7ms	{participantJson=["{userId:1,name:yangsiman,sex:1,birthday:1999-9-9}"]}
16:19:22.240 [qtp21575155-24] INFO  REQUEST 30 - POST	/user/1/participant/add	8ms	{participantJson=[{“name”:“yangsiman”,“sex”:1,“birthday”:"1999-9-9"}]}
16:19:23.167 [qtp21575155-23] INFO  REQUEST 30 - POST	/user/1/participant/add	14ms	{participantJson=[{“name”:“yangsiman”,“sex”:1,“birthday”:"1999-9-9"}]}
16:24:03.419 [qtp21575155-20] INFO  REQUEST 30 - POST	/user/1/participant/add	6ms	{participantJson=[{"name":"yangsiman","sex":1,"birthday":"1999-9-9"}]}
16:24:28.167 [qtp21575155-21] INFO  REQUEST 30 - POST	/user/1/participant/add	7ms	{participantJson=[{"name":"yangsiman","sex":1,"birthday":"1999-9-9"}]}
16:25:23.511 [qtp21575155-24] INFO  REQUEST 30 - POST	/user/1/participant/add	4ms	{participantJson=[{"name":"wx","sex":1,"birthday":"2000-09-09"}]}
16:26:36.225 [qtp21575155-21] INFO  REQUEST 30 - GET	/user/1/participant	137ms	{}
16:29:10.276 [qtp21575155-21] INFO  REQUEST 30 - POST	/user/1/participant/add	4ms	{participantJson=[{ "birthday": "1987-9-9", "name": "add", "sex": 1}]}
16:30:14.856 [qtp21575155-23] INFO  REQUEST 30 - POST	/user/1/participant/add	335ms	{participantJson=[{ "birthday": "1987-9-9", "name": "add", "sex": 1}]}
