14:47:37.952 [qtp14424488-25] INFO  REQUEST 30 - GET	/user/1	454ms	{}
14:50:38.849 [qtp14424488-18] INFO  REQUEST 30 - GET	/user/2	27ms	{}
14:52:21.295 [qtp14424488-21] INFO  REQUEST 30 - PUT	/user/1/name	31ms	{}
14:53:33.310 [qtp14424488-22] INFO  REQUEST 30 - GET	/user/1	29ms	{}
14:54:37.884 [qtp14424488-19] INFO  REQUEST 30 - PUT	/user/1/sex	12ms	{}
14:55:44.782 [qtp14424488-18] INFO  REQUEST 30 - PUT	/user/1/sex	3ms	{}
14:56:25.367 [qtp14424488-18] INFO  REQUEST 30 - PUT	/user/1/birthday	38ms	{}
14:57:47.135 [qtp14424488-21] INFO  REQUEST 30 - PUT	/user/1/birthday	7ms	{}
14:59:48.702 [qtp14424488-20] INFO  REQUEST 30 - GET	/user/1/participant	204ms	{}
15:03:28.862 [qtp14424488-20] INFO  REQUEST 30 - POST	/user/1/participant	33ms	{}
15:05:34.528 [qtp14424488-19] INFO  REQUEST 30 - POST	/user/1/participant	39ms	{}
15:11:34.777 [qtp14424488-19] INFO  REQUEST 30 - DELETE	/user/1/participant/8	29ms	{}
15:13:48.364 [qtp14424488-21] INFO  REQUEST 30 - DELETE	/user/1/participant/8	5ms	{}
15:13:53.745 [qtp14424488-25] INFO  REQUEST 30 - DELETE	/user/1/participant/9	22ms	{}
15:15:51.854 [qtp14424488-25] INFO  REQUEST 30 - GET	/user/1/favorite	7ms	{}
15:17:00.907 [qtp14424488-18] INFO  REQUEST 30 - GET	/user/1/order	12ms	{}
15:17:14.548 [qtp14424488-19] INFO  REQUEST 30 - GET	/user/1/order	10ms	{}
15:24:26.534 [qtp14424488-18] INFO  REQUEST 30 - GET	/product/1/sku	64ms	{}
15:24:26.550 [qtp14424488-19] INFO  REQUEST 30 - GET	/product/1/place	3ms	{}
15:24:26.565 [qtp14424488-19] INFO  REQUEST 30 - GET	/product/1/customer	10ms	{}
15:24:26.566 [qtp14424488-21] INFO  REQUEST 30 - GET	/product/1	128ms	{}
15:24:42.053 [qtp14424488-21] INFO  REQUEST 30 - GET	/user/1	21ms	{}
15:25:12.881 [qtp14424488-18] INFO  REQUEST 30 - GET	/product/1/sku	23ms	{}
15:25:12.895 [qtp14424488-19] INFO  REQUEST 30 - GET	/product/1/place	4ms	{}
15:25:12.899 [qtp14424488-25] INFO  REQUEST 30 - GET	/product/1	66ms	{}
15:25:12.924 [qtp14424488-21] INFO  REQUEST 30 - GET	/product/1/server	10ms	{}
15:25:51.419 [qtp14424488-21] INFO  REQUEST 30 - GET	/product/22/sku	64ms	{}
15:25:51.425 [qtp14424488-21] INFO  REQUEST 30 - GET	/product/22/place	4ms	{}
15:25:51.458 [qtp14424488-21] INFO  REQUEST 30 - GET	/product/22/comment	29ms	{}
15:25:51.461 [qtp14424488-25] INFO  REQUEST 30 - GET	/product/22	119ms	{}
15:28:10.388 [qtp14424488-21] INFO  REQUEST 30 - GET	/product/22/sku	23ms	{}
15:28:33.260 [qtp14424488-25] INFO  REQUEST 30 - GET	/product/2/sku	17ms	{}
15:28:37.447 [qtp14424488-18] INFO  REQUEST 30 - GET	/product/22/sku	23ms	{}
15:32:26.807 [qtp14424488-19] INFO  REQUEST 30 - GET	/product/22/sku	21ms	{}
15:32:26.815 [qtp14424488-19] INFO  REQUEST 30 - GET	/product/22/place	4ms	{}
15:32:26.821 [qtp14424488-22] INFO  REQUEST 30 - GET	/product/22	46ms	{}
15:35:57.507 [qtp14424488-18] INFO  REQUEST 30 - GET	/user/1/participant	23ms	{}
15:38:38.000 [qtp14424488-20] INFO  REQUEST 30 - GET	/user/1	16ms	{}
15:39:18.412 [qtp14424488-19] INFO  REQUEST 30 - PUT	/user/1/name	2ms	{}
15:43:35.480 [qtp14424488-20] INFO  REQUEST 30 - PUT	/user/1/name	2ms	{name=[222]}
15:43:59.204 [qtp14424488-19] INFO  REQUEST 30 - PUT	/user/1/name	2ms	{name=[222]}
15:44:22.593 [qtp14424488-18] INFO  REQUEST 30 - GET	/user/1	74ms	{}
15:45:00.597 [qtp14424488-18] INFO  REQUEST 30 - PUT	/user/1/name	2ms	{name=[newName]}
15:45:08.995 [qtp14424488-19] INFO  REQUEST 30 - PUT	/user/1/	4ms	{name=[newName]}
15:47:04.179 [qtp14424488-22] INFO  REQUEST 30 - POST	/user/1/participant/add	286ms	{participantJson=[{"name":"lili","sex":0,"birthday":"2009-09-09"}]}
16:56:18.873 [qtp14424488-25] INFO  REQUEST 30 - POST	/user/1/participant/23/name	13ms	{name=[123]}
16:56:26.294 [qtp14424488-22] INFO  REQUEST 30 - PUT	/user/1/participant/23/name	298ms	{name=[123]}
