09:49:02.586 [qtp14593040-22] INFO  REQUEST 30 - POST	/participant	417ms	{participant=[{"birthday":"2012-01-01","name":"杨","sex":"女","userId":1}]}
10:14:25.219 [qtp25481633-22] INFO  REQUEST 30 - POST	/participant	660ms	{participant=[{"birthday":"2012-01-01","name":"杨","sex":"女","userId":1}]}
10:14:35.934 [qtp25481633-23] INFO  REQUEST 30 - GET	/product	398ms	{count=[1],start=[0]}
10:14:52.996 [qtp25481633-26] INFO  REQUEST 30 - GET	/participant	103ms	{utoken=[]}
10:15:52.429 [qtp25481633-22] INFO  REQUEST 30 - POST	/participant	3ms	{participant=[{ "birthday": "2011-1-1", "name": "杨","sex": "女",  "userId": 1 }]}
10:16:02.923 [qtp25481633-25] INFO  REQUEST 30 - POST	/participant	20ms	{participant=[{ "birthday": "2011-01-01", "name": "杨","sex": "女",  "userId": 1 }]}
10:19:37.151 [qtp15888572-21] INFO  REQUEST 30 - POST	/participant	1224ms	{participant=[{ "birthday": "2011-01-01", "name": "杨","sex": "女",  "userId": 1 }]}
10:20:51.064 [qtp13065124-23] INFO  REQUEST 30 - GET	/product	639ms	{count=[2],start=[0]}
10:21:24.581 [qtp13065124-24] INFO  REQUEST 30 - POST	/participant	23ms	{}
10:21:58.657 [qtp13065124-24] INFO  REQUEST 30 - POST	/participant	9ms	{}
10:23:16.048 [qtp13065124-26] INFO  REQUEST 30 - POST	/participant	13ms	{}
10:24:57.344 [qtp13065124-21] INFO  REQUEST 30 - POST	/participant	11ms	{participant=[{"userId":1,"sex":"女","name":"杨","birthday":"2012-02-02"}]}
10:25:39.754 [qtp13065124-24] INFO  REQUEST 30 - POST	/participant	20ms	{participant=[{"userId":1,"sex":"女","name":"杨","birthday":"2012-02-02"}]}
10:26:04.283 [qtp13065124-24] INFO  REQUEST 30 - POST	/participant	3ms	{participant=[{"userId":1,"sex":"女","name":"杨","birthday":"2012-02-02"}]}
10:27:12.349 [qtp13065124-21] INFO  REQUEST 30 - PUT	/participant	2ms	{participant=[{"userId":1,"sex":"女","name":"杨","birthday":"2012-02-02"}]}
10:27:20.638 [qtp13065124-23] INFO  REQUEST 30 - PUT	/participant	2ms	{participant=[{"userId":1,"sex":"女","name":"杨","birthday":"2012-02-02"}]}
10:28:11.638 [qtp13065124-25] INFO  REQUEST 30 - POST	/participant	3ms	{participant=[{"userId":1,"sex":"女","name":"杨","birthday":"2012-02-02"}]}
10:29:07.226 [qtp13065124-23] INFO  REQUEST 30 - POST	/participant	3ms	{participant=[{"userId":1,"sex":"女","name":"杨","birthday":"2012-02-02"}]}
10:30:34.387 [qtp1486879-22] INFO  REQUEST 30 - POST	/participant	243ms	{participant=[{"userId":1,"sex":"女","name":"杨","birthday":"2012-02-02"}]}
10:30:42.251 [qtp1486879-26] INFO  REQUEST 30 - POST	/participant	161ms	{participant=[{"userId":1,"sex":"女","name":"杨","birthday":"2012-02-02"}]}
10:30:54.610 [qtp1486879-23] INFO  REQUEST 30 - GET	/product	274ms	{count=[2],start=[0]}
10:32:19.625 [qtp1486879-22] INFO  REQUEST 30 - GET	/participant/1	86ms	{}
10:33:59.228 [qtp1486879-24] INFO  REQUEST 30 - POST	/participant	3ms	{participant=[{         "birthday": "2011-01-01",        "name": "杨",         "sex": "女",         "userId": 1     }]}
10:38:02.491 [qtp15888572-21] INFO  REQUEST 30 - POST	/participant	472ms	{participant=[{ "birthday": "2011-01-01",  "name": "杨",         "sex": "女",         "userId": 1     }]}
10:43:02.328 [qtp14593040-21] INFO  REQUEST 30 - POST	/participant	280ms	{participant=[{ "birthday": "2011-01-01",  "name": "杨",         "sex": "女",         "userId": 1     }]}
10:51:08.830 [qtp14593040-26] INFO  REQUEST 30 - POST	/participant	246ms	{participant=[{ "birthday": "2011-01-01",  "name": "杨",         "sex": "女",         "userId": 1     }]}
11:04:45.115 [qtp14593040-25] INFO  REQUEST 30 - POST	/participant	562ms	{participant=[{ "birthday": "2011-01-01",  "name": "杨",         "sex": "女",         "userId": 1     }]}
11:06:25.353 [qtp25481633-22] INFO  REQUEST 30 - POST	/participant	360ms	{participant=[{ "birthday": "2011-01-01",  "name": "杨",         "sex": "女",         "userId": 1     }]}
11:13:15.960 [qtp3266290-21] INFO  REQUEST 30 - POST	/participant	320ms	{participant=[{ "birthday": "2011-01-01",  "name": "杨",         "sex": "女",         "userId": 1     }]}
11:13:20.140 [qtp3266290-21] INFO  REQUEST 30 - GET	/participant/1	203ms	{}
11:13:51.095 [qtp25481633-23] INFO  REQUEST 30 - GET	/participant/1	353ms	{}
11:13:55.609 [qtp25481633-25] INFO  REQUEST 30 - POST	/participant	85ms	{participant=[{ "birthday": "2011-01-01",  "name": "杨",         "sex": "女",         "userId": 1     }]}
11:14:48.873 [qtp1486879-21] INFO  REQUEST 30 - POST	/participant	367ms	{participant=[{ "birthday": "2011-01-01",  "name": "杨",         "sex": "女",         "userId": 1     }]}
11:15:37.523 [qtp1486879-22] INFO  REQUEST 30 - POST	/participant	257ms	{participant=[{ "birthday": "2011-01-01",  "name": "杨",         "sex": "女",         "userId": 1     }]}
11:16:48.989 [qtp15888572-26] INFO  REQUEST 30 - POST	/participant	261ms	{participant=[{ "birthday": "2011-01-01",  "name": "杨",         "sex": "女",         "userId": 1     }]}
11:18:41.141 [qtp14593040-23] INFO  REQUEST 30 - POST	/participant	247ms	{participant=[{ "birthday": "2011-01-01",  "name": "杨",         "sex": "女",         "userId": 1     }]}
15:48:05.506 [qtp14593040-26] INFO  REQUEST 30 - POST	/participant	466ms	{participant=[{ "birthday": "2011-01-01",  "name": "杨",         "sex": "女",         "userId": 1     }]}
15:48:47.541 [qtp14593040-22] INFO  REQUEST 30 - GET	/participant	301ms	{utoken=[]}
15:48:51.980 [qtp14593040-24] INFO  REQUEST 30 - POST	/participant	5ms	{participant=[{ "birthday": "2011-01-01",  "name": "杨",         "sex": "女",         "userId": 1     }]}
15:49:43.933 [qtp14593040-22] INFO  REQUEST 30 - POST	/participant	259ms	{participant=[{ "birthday": "2011-01-01",  "name": "杨",         "sex": "女",         "userId": 1     }]}
16:23:15.794 [qtp5345090-26] INFO  REQUEST 30 - POST	/participant	258ms	{participant=[{ "birthday": "2011-01-01",  "name": "杨",         "sex": "女",         "userId": 1     }]}
16:23:53.006 [qtp5345090-26] INFO  REQUEST 30 - POST	/participant	3ms	{participant=[{ "birthday": "2011-01-01", "name": "杨", "sex": "女","userId": 1}]}
16:24:27.961 [qtp1486879-23] INFO  REQUEST 30 - POST	/participant	229ms	{participant=[{ "birthday": "2011-01-01", "name": "杨", "sex": "女","userId": 1}]}
16:46:28.209 [qtp14593040-20] INFO  REQUEST 30 - POST	/participant	429ms	{participant=[{ "birthday": "2011-01-01", "name": "杨", "sex": "女","userId": 1}]}
16:52:35.472 [qtp14593040-21] INFO  REQUEST 30 - POST	/test	270ms	{persion=[{"name":"ysm","birthday":"1999-09-09"}]}
16:52:40.715 [qtp14593040-24] INFO  REQUEST 30 - POST	/test	29ms	{persion=[{"name":"ysm","birthday":"1999-09-09"}]}
16:53:56.388 [qtp1486879-26] INFO  REQUEST 30 - POST	/participant	262ms	{participant=[{ "birthday": "2011-01-01", "name": "杨", "sex": "女","userId": 1}]}
17:01:42.610 [qtp1486879-21] INFO  REQUEST 30 - POST	/participant	4ms	{participant=[{ "birthday":"2011-01-01", "name": "杨", "sex": "女","userId": 1}]}
17:02:07.936 [qtp1486879-21] INFO  REQUEST 30 - POST	/participant	4ms	{participant=[{ "birthday":"2011-01-01", "name": "杨", "sex": "女","userId": 1}]}
17:02:09.037 [qtp1486879-25] INFO  REQUEST 30 - POST	/participant	8ms	{participant=[{ "birthday":"2011-01-01", "name": "杨", "sex": "女","userId": 1}]}
17:02:09.950 [qtp1486879-24] INFO  REQUEST 30 - POST	/participant	4ms	{participant=[{ "birthday":"2011-01-01", "name": "杨", "sex": "女","userId": 1}]}
17:03:45.583 [qtp1486879-24] INFO  REQUEST 30 - GET	/participant	546ms	{utoken=[]}
17:04:24.370 [qtp1486879-24] INFO  REQUEST 30 - GET	/product	317ms	{count=[1],start=[0]}
17:04:51.089 [qtp1486879-22] INFO  REQUEST 30 - PUT	/participant	1ms	{participant=[{ "birthday":"2011-01-01", "name": "杨", "sex": "女","userId": 1}]}
17:05:07.600 [qtp1486879-22] INFO  REQUEST 30 - POST	/participant	4ms	{participant=[{ "birthday":"2011-01-01", "name": "杨", "sex": "女","userId": 1}]}
17:05:43.411 [qtp1486879-26] INFO  REQUEST 30 - POST	/participant	7ms	{participant=[[{ "birthday":"2011-01-01", "name": "杨", "sex": "女","userId": 1}]]}
17:05:46.788 [qtp1486879-21] INFO  REQUEST 30 - POST	/participant	4ms	{participant=[[{ "birthday":"2011-01-01", "name": "杨", "sex": "女","userId": 1}]]}
17:05:48.347 [qtp1486879-25] INFO  REQUEST 30 - POST	/participant	3ms	{participant=[[{ "birthday":"2011-01-01", "name": "杨", "sex": "女","userId": 1}]]}
17:12:46.461 [qtp1486879-21] INFO  REQUEST 30 - POST	/participant	6ms	{participant=[{ "birthday":"2011-01-01", "name": "杨", "sex": "女","userId": 1}]}
17:13:10.006 [qtp1486879-23] INFO  REQUEST 30 - POST	/participant	3ms	{participant=[{ "birthday":"", "name": "杨", "sex": "女","userId": 1}]}
17:13:16.023 [qtp1486879-22] INFO  REQUEST 30 - POST	/participant	2ms	{participant=[{ "birthday":, "name": "杨", "sex": "女","userId": 1}]}
17:14:36.538 [qtp14593040-22] INFO  REQUEST 30 - POST	/participant	241ms	{participant=[{ "birthday":"2011-01-01", "name": "杨", "sex": "女","userId": 1}]}
17:17:57.834 [qtp14593040-22] INFO  REQUEST 30 - POST	/kill	15ms	{}
17:20:11.926 [qtp14593040-26] INFO  REQUEST 30 - POST	/participant	74ms	{participant=[{ "birthday":"2011-01-01", "name": "杨", "sex": "女","userId": 1}]}
17:31:21.321 [qtp25481633-26] INFO  REQUEST 30 - POST	/participant	299ms	{participant=[{ "birthday":"2011-01-01", "name": "杨", "sex": "女","userId": 1}]}
17:31:31.275 [qtp25481633-25] INFO  REQUEST 30 - POST	/participant	3ms	{participant=[{ "birthday":"2011-01-01", "name": "杨", "sex": "女","userId": 1}]}
17:31:43.558 [qtp25481633-25] INFO  REQUEST 30 - POST	/participant	4ms	{participant=[{ "birthday":"2011-01-01", "name": "杨", "sex": "女","userId": 1}]}
