09:30:15.388 [qtp15888572-23] INFO  REQUEST 30 - PUT	/user/name	55ms	{}
11:03:29.392 [qtp15888572-24] INFO  REQUEST 30 - PUT	/user/name	2ms	{}
13:50:22.181 [qtp21673653-24] INFO  REQUEST 30 - GET	/participant	476ms	{utoken=[]}
13:50:50.382 [qtp21673653-23] INFO  REQUEST 30 - GET	/product	23ms	{count=[1],start=[0]}
13:51:37.197 [qtp21673653-23] INFO  REQUEST 30 - GET	/user	11ms	{id=[1]}
14:03:53.710 [qtp21673653-22] INFO  REQUEST 30 - GET	/user	4ms	{id=[1]}
14:13:24.688 [qtp21673653-20] INFO  REQUEST 30 - GET	/user	2ms	{id=[1]}
14:14:13.871 [qtp21673653-21] INFO  REQUEST 30 - GET	/user	90ms	{utoken=[123]}
14:14:20.646 [qtp21673653-23] INFO  REQUEST 30 - GET	/user	24ms	{utoken=[]}
14:14:51.630 [qtp21673653-24] INFO  REQUEST 30 - GET	/user/1	27ms	{}
14:15:48.468 [qtp21673653-22] INFO  REQUEST 30 - GET	/product/1	165ms	{}
14:15:48.520 [qtp21673653-21] INFO  REQUEST 30 - GET	/product/1/customer	220ms	{count=[6],start=[0]}
14:15:48.762 [qtp21673653-24] INFO  REQUEST 30 - GET	/user/1	28ms	{}
14:15:48.848 [qtp21673653-22] INFO  REQUEST 30 - GET	/user/1/order	14ms	{}
14:15:48.930 [qtp21673653-20] INFO  REQUEST 30 - GET	/user	16ms	{utoken=[]}
14:15:49.343 [qtp21673653-23] INFO  REQUEST 30 - POST	/kill	7ms	{}
14:15:49.972 [qtp21673653-25] INFO  REQUEST 30 - PUT	/user/avatar	1001ms	{avatar=[http://s.momia.cn/test/admin1.jpg],utoken=[123]}
14:15:53.387 [qtp21673653-20] INFO  REQUEST 30 - GET	/user/1	33ms	{}
14:15:53.408 [qtp21673653-21] INFO  REQUEST 30 - POST	/kill	5ms	{}
14:16:53.209 [qtp21673653-24] INFO  REQUEST 30 - GET	/user	20ms	{utoken=[123]}
14:16:53.236 [qtp21673653-25] INFO  REQUEST 30 - POST	/kill	7ms	{}
14:17:16.399 [qtp21673653-25] INFO  REQUEST 30 - PUT	/user/avatar	66ms	{avatar=[http://s.momia.cn/test/admin],utoken=[123]}
14:17:16.426 [qtp21673653-21] INFO  REQUEST 30 - POST	/kill	9ms	{}
14:17:29.753 [qtp21673653-21] INFO  REQUEST 30 - PUT	/user/name	23ms	{utoken=[],name=[吴秋枫]}
14:17:29.779 [qtp21673653-23] INFO  REQUEST 30 - POST	/kill	6ms	{}
14:17:50.433 [qtp21673653-25] INFO  REQUEST 30 - PUT	/user/name	49ms	{utoken=[123],name=[吴秋枫]}
14:17:50.462 [qtp21673653-21] INFO  REQUEST 30 - POST	/kill	8ms	{}
14:18:03.373 [qtp21673653-20] INFO  REQUEST 30 - PUT	/user/sex	67ms	{utoken=[123],sex=[男]}
14:18:03.397 [qtp21673653-25] INFO  REQUEST 30 - POST	/kill	5ms	{}
14:18:21.039 [qtp21673653-23] INFO  REQUEST 30 - PUT	/user/birthday	108ms	{birthday=[1986-01-01],utoken=[123]}
14:18:21.072 [qtp21673653-22] INFO  REQUEST 30 - POST	/kill	12ms	{}
14:18:34.631 [qtp21673653-23] INFO  REQUEST 30 - PUT	/user/city	55ms	{utoken=[123],city=[1]}
14:18:34.663 [qtp21673653-22] INFO  REQUEST 30 - POST	/kill	11ms	{}
14:18:48.196 [qtp21673653-25] INFO  REQUEST 30 - PUT	/user/address	53ms	{address=[上海市长宁区长宁路969号],utoken=[123]}
14:18:48.219 [qtp21673653-23] INFO  REQUEST 30 - POST	/kill	5ms	{}
14:19:40.565 [qtp21673653-21] INFO  REQUEST 30 - POST	/kill	12ms	{}
14:26:45.137 [qtp21673653-25] INFO  REQUEST 30 - GET	/product/1	42ms	{}
14:26:45.164 [qtp21673653-21] INFO  REQUEST 30 - POST	/kill	6ms	{}
14:26:54.779 [qtp21673653-24] INFO  REQUEST 30 - POST	/kill	5ms	{}
14:30:39.404 [qtp21673653-25] INFO  REQUEST 30 - GET	/user/1	641ms	{}
14:31:58.761 [qtp21673653-23] INFO  REQUEST 30 - GET	/user	200ms	{utoken=[123]}
14:32:20.020 [qtp21673653-21] INFO  REQUEST 30 - GET	/user	20ms	{utoken=[123]}
14:32:20.136 [qtp21673653-22] INFO  REQUEST 30 - POST	/kill	11ms	{}
14:33:00.708 [qtp21673653-24] INFO  REQUEST 30 - GET	/user	18ms	{utoken=[123]}
14:33:00.815 [qtp21673653-21] INFO  REQUEST 30 - POST	/kill	10ms	{}
14:33:18.333 [qtp21673653-25] INFO  REQUEST 30 - GET	/user	110ms	{utoken=[123]}
14:34:25.843 [qtp21673653-20] INFO  REQUEST 30 - POST	/kill	10ms	{}
14:34:50.045 [qtp21673653-23] INFO  REQUEST 30 - POST	/kill	5ms	{}
14:35:10.946 [qtp21673653-22] INFO  REQUEST 30 - POST	/kill	5ms	{}
14:35:31.837 [qtp21673653-21] INFO  REQUEST 30 - POST	/kill	6ms	{}
14:36:01.986 [qtp21673653-23] INFO  REQUEST 30 - GET	/user	21ms	{utoken=[123]}
14:36:02.010 [qtp21673653-25] INFO  REQUEST 30 - POST	/kill	4ms	{}
14:38:56.121 [qtp24813241-23] INFO  REQUEST 30 - GET	/product/1	191ms	{}
14:39:13.264 [qtp24813241-21] INFO  REQUEST 30 - GET	/user	97ms	{utoken=[123]}
14:39:13.595 [qtp24813241-22] INFO  REQUEST 30 - GET	/product/1	36ms	{}
14:39:13.622 [qtp24813241-23] INFO  REQUEST 30 - POST	/kill	8ms	{}
14:39:38.467 [qtp24813241-22] INFO  REQUEST 30 - GET	/user	16ms	{utoken=[123]}
14:39:38.718 [qtp24813241-20] INFO  REQUEST 30 - POST	/kill	6ms	{}
14:48:53.609 [qtp24813241-21] INFO  REQUEST 30 - GET	/product/1/place	212ms	{}
14:49:06.018 [qtp24813241-21] INFO  REQUEST 30 - GET	/user	19ms	{utoken=[123]}
14:49:06.114 [qtp24813241-25] INFO  REQUEST 30 - GET	/product/1/place	61ms	{}
14:49:06.142 [qtp24813241-24] INFO  REQUEST 30 - POST	/kill	11ms	{}
14:49:20.350 [qtp24813241-20] INFO  REQUEST 30 - GET	/user	21ms	{utoken=[123]}
14:49:20.438 [qtp24813241-24] INFO  REQUEST 30 - POST	/kill	8ms	{}
14:50:34.190 [qtp24813241-23] INFO  REQUEST 30 - GET	/user	19ms	{utoken=[123]}
14:50:34.415 [qtp24813241-22] INFO  REQUEST 30 - GET	/product/1/customer	195ms	{count=[2],start=[0]}
14:50:34.438 [qtp24813241-21] INFO  REQUEST 30 - POST	/kill	5ms	{}
14:50:52.520 [qtp24813241-22] INFO  REQUEST 30 - GET	/user	22ms	{utoken=[123]}
14:50:52.792 [qtp24813241-25] INFO  REQUEST 30 - PUT	/participant	79ms	{}
14:50:52.813 [qtp24813241-24] INFO  REQUEST 30 - POST	/kill	5ms	{}
14:51:02.887 [qtp24813241-23] INFO  REQUEST 30 - GET	/user	21ms	{utoken=[123]}
14:51:02.940 [qtp24813241-22] INFO  REQUEST 30 - GET	/participant	17ms	{utoken=[]}
14:51:02.972 [qtp24813241-25] INFO  REQUEST 30 - POST	/kill	11ms	{}
14:51:17.888 [qtp24813241-24] INFO  REQUEST 30 - GET	/user	21ms	{utoken=[123]}
14:51:18.000 [qtp24813241-21] INFO  REQUEST 30 - GET	/participant	81ms	{utoken=[123]}
14:51:18.028 [qtp24813241-22] INFO  REQUEST 30 - POST	/kill	10ms	{}
14:51:34.040 [qtp24813241-20] INFO  REQUEST 30 - POST	/kill	11ms	{}
14:52:22.532 [qtp24813241-21] INFO  REQUEST 30 - POST	/kill	6ms	{}
14:53:14.046 [qtp24813241-21] INFO  REQUEST 30 - GET	/v1/home	11ms	{pageindex=[0],city=[1]}
15:24:53.060 [qtp24813241-23] INFO  REQUEST 30 - GET	/product	165ms	{count=[2],start=[0],city=[1]}
15:25:10.700 [qtp24813241-21] INFO  REQUEST 30 - GET	/product	51ms	{count=[10],start=[0],city=[1]}
15:25:11.130 [qtp24813241-22] INFO  REQUEST 30 - GET	/product	52ms	{count=[2],start=[0],city=[1]}
15:25:11.162 [qtp24813241-23] INFO  REQUEST 30 - POST	/kill	11ms	{}
15:25:17.021 [qtp24813241-24] INFO  REQUEST 30 - GET	/product	41ms	{count=[10],start=[0],city=[1]}
15:25:17.092 [qtp24813241-21] INFO  REQUEST 30 - GET	/product/1	34ms	{}
15:25:17.120 [qtp24813241-25] INFO  REQUEST 30 - POST	/kill	10ms	{}
15:25:27.359 [qtp24813241-23] INFO  REQUEST 30 - GET	/product	51ms	{count=[10],start=[0],city=[1]}
15:25:27.447 [qtp24813241-21] INFO  REQUEST 30 - GET	/product/1/place	45ms	{}
15:25:27.471 [qtp24813241-22] INFO  REQUEST 30 - POST	/kill	4ms	{}
15:25:32.622 [qtp24813241-21] INFO  REQUEST 30 - GET	/product	53ms	{count=[10],start=[0],city=[1]}
15:25:32.671 [qtp24813241-25] INFO  REQUEST 30 - GET	/product/1/sku	15ms	{}
15:25:32.703 [qtp24813241-24] INFO  REQUEST 30 - POST	/kill	16ms	{}
15:25:39.578 [qtp24813241-21] INFO  REQUEST 30 - GET	/product	54ms	{count=[10],start=[0],city=[1]}
15:25:39.736 [qtp24813241-25] INFO  REQUEST 30 - GET	/product/1/customer	120ms	{count=[2],start=[0]}
15:25:39.769 [qtp24813241-24] INFO  REQUEST 30 - POST	/kill	10ms	{}
15:25:48.523 [qtp24813241-23] INFO  REQUEST 30 - GET	/product	40ms	{count=[10],start=[0],city=[1]}
15:25:48.576 [qtp24813241-22] INFO  REQUEST 30 - DELETE	/participant/10	18ms	{utoken=[]}
15:25:48.605 [qtp24813241-20] INFO  REQUEST 30 - POST	/kill	7ms	{}
15:25:58.027 [qtp24813241-22] INFO  REQUEST 30 - GET	/product	52ms	{count=[10],start=[0],city=[1]}
15:25:58.110 [qtp24813241-20] INFO  REQUEST 30 - GET	/user/1	45ms	{}
15:25:58.139 [qtp24813241-24] INFO  REQUEST 30 - POST	/kill	9ms	{}
15:26:02.923 [qtp24813241-24] INFO  REQUEST 30 - GET	/product	44ms	{count=[10],start=[0],city=[1]}
15:26:02.970 [qtp24813241-21] INFO  REQUEST 30 - GET	/user	14ms	{utoken=[123]}
15:26:02.993 [qtp24813241-23] INFO  REQUEST 30 - POST	/kill	6ms	{}
15:26:10.928 [qtp24813241-24] INFO  REQUEST 30 - GET	/product	60ms	{count=[10],start=[0],city=[1]}
15:26:10.983 [qtp24813241-23] INFO  REQUEST 30 - GET	/product/1/sku	16ms	{}
15:26:11.023 [qtp24813241-22] INFO  REQUEST 30 - POST	/kill	5ms	{}
15:26:19.229 [qtp24813241-23] INFO  REQUEST 30 - GET	/product	48ms	{count=[10],start=[0],city=[1]}
15:26:19.305 [qtp24813241-22] INFO  REQUEST 30 - GET	/product/1/customer	43ms	{count=[2],start=[0]}
15:26:19.348 [qtp24813241-25] INFO  REQUEST 30 - POST	/kill	27ms	{}
15:27:27.114 [qtp24813241-20] INFO  REQUEST 30 - GET	/product	70ms	{count=[10],start=[0],city=[1]}
15:33:28.396 [qtp24813241-24] INFO  REQUEST 30 - GET	/user/1	17ms	{}
15:33:28.554 [qtp24813241-22] INFO  REQUEST 30 - POST	/kill	4ms	{}
15:35:48.584 [qtp24813241-25] INFO  REQUEST 30 - GET	/user	15ms	{utoken=[123]}
15:36:12.192 [qtp24813241-22] INFO  REQUEST 30 - GET	/user	16ms	{utoken=[123]}
15:36:12.266 [qtp24813241-23] INFO  REQUEST 30 - POST	/kill	21ms	{}
15:37:01.181 [qtp24813241-23] INFO  REQUEST 30 - GET	/product	48ms	{count=[10],start=[0],city=[1]}
15:37:01.284 [qtp24813241-21] INFO  REQUEST 30 - GET	/product/1	33ms	{}
15:37:01.354 [qtp24813241-20] INFO  REQUEST 30 - GET	/product/1/sku	24ms	{}
15:37:01.368 [qtp24813241-24] INFO  REQUEST 30 - GET	/product/1/place	44ms	{}
15:37:01.411 [qtp24813241-20] INFO  REQUEST 30 - GET	/product/1/customer	41ms	{count=[6],start=[0]}
15:37:01.562 [qtp24813241-23] INFO  REQUEST 30 - GET	/product/1/sku	17ms	{}
15:37:01.685 [qtp24813241-22] INFO  REQUEST 30 - GET	/user/1	20ms	{}
15:37:01.811 [qtp24813241-20] INFO  REQUEST 30 - GET	/user/1/order	7ms	{}
15:37:01.897 [qtp24813241-23] INFO  REQUEST 30 - GET	/user	13ms	{utoken=[123]}
15:37:02.025 [qtp24813241-24] INFO  REQUEST 30 - PUT	/user/avatar	51ms	{avatar=[http://s.momia.cn/test/admin1.jpg],utoken=[123]}
15:37:02.107 [qtp24813241-25] INFO  REQUEST 30 - PUT	/user/name	16ms	{utoken=[],name=[吴秋枫]}
15:37:02.160 [qtp24813241-22] INFO  REQUEST 30 - PUT	/user/sex	16ms	{utoken=[],sex=[男]}
15:37:02.259 [qtp24813241-24] INFO  REQUEST 30 - PUT	/user/city	21ms	{utoken=[],city=[1]}
15:37:02.307 [qtp24813241-25] INFO  REQUEST 30 - PUT	/user/address	17ms	{address=[上海市长宁区长宁路969号],utoken=[]}
15:37:02.360 [qtp24813241-22] INFO  REQUEST 30 - GET	/user	16ms	{utoken=[123]}
15:37:02.444 [qtp24813241-20] INFO  REQUEST 30 - POST	/participant	62ms	{}
15:37:02.515 [qtp24813241-25] INFO  REQUEST 30 - GET	/participant/1	17ms	{utoken=[]}
15:37:02.566 [qtp24813241-23] INFO  REQUEST 30 - GET	/user	12ms	{utoken=[]}
15:37:02.641 [qtp24813241-21] INFO  REQUEST 30 - DELETE	/participant/5	32ms	{utoken=[123]}
15:37:02.724 [qtp24813241-20] INFO  REQUEST 30 - GET	/participant	40ms	{utoken=[123]}
15:37:02.780 [qtp24813241-23] INFO  REQUEST 30 - GET	/user/1	18ms	{}
15:37:02.814 [qtp24813241-22] INFO  REQUEST 30 - GET	/user	15ms	{utoken=[123]}
15:37:02.881 [qtp24813241-20] INFO  REQUEST 30 - PUT	/user/avatar	42ms	{avatar=[http://s.momia.cn/test/admin],utoken=[123]}
15:37:02.945 [qtp24813241-23] INFO  REQUEST 30 - PUT	/user/name	40ms	{utoken=[123],name=[吴秋枫]}
15:37:03.019 [qtp24813241-22] INFO  REQUEST 30 - PUT	/user/sex	51ms	{utoken=[123],sex=[男]}
15:37:03.100 [qtp24813241-24] INFO  REQUEST 30 - PUT	/user/birthday	61ms	{birthday=[1986-01-01],utoken=[123]}
15:37:03.164 [qtp24813241-20] INFO  REQUEST 30 - PUT	/user/city	39ms	{utoken=[123],city=[1]}
15:37:03.231 [qtp24813241-23] INFO  REQUEST 30 - PUT	/user/address	43ms	{address=[上海市长宁区长宁路969号],utoken=[123]}
15:37:03.305 [qtp24813241-22] INFO  REQUEST 30 - GET	/product	53ms	{count=[2],start=[0],city=[1]}
15:37:03.360 [qtp24813241-24] INFO  REQUEST 30 - GET	/product/1	33ms	{}
15:37:03.424 [qtp24813241-20] INFO  REQUEST 30 - GET	/product/1/place	42ms	{}
15:37:03.461 [qtp24813241-25] INFO  REQUEST 30 - GET	/product/1/sku	17ms	{}
15:37:03.529 [qtp24813241-21] INFO  REQUEST 30 - GET	/product/1/customer	44ms	{count=[2],start=[0]}
15:37:03.597 [qtp24813241-23] INFO  REQUEST 30 - POST	/participant	18ms	{}
15:37:03.638 [qtp24813241-22] INFO  REQUEST 30 - GET	/participant/1	18ms	{}
15:37:03.683 [qtp24813241-20] INFO  REQUEST 30 - PUT	/participant	17ms	{}
15:37:03.719 [qtp24813241-25] INFO  REQUEST 30 - DELETE	/participant/10	17ms	{utoken=[]}
15:37:03.775 [qtp24813241-21] INFO  REQUEST 30 - GET	/participant	34ms	{utoken=[123]}
15:37:03.806 [qtp24813241-24] INFO  REQUEST 30 - POST	/kill	9ms	{}
15:38:36.629 [qtp24813241-22] INFO  REQUEST 30 - GET	/product	434ms	{count=[2],start=[0],query=[],city=[1]}
15:38:36.658 [qtp24813241-20] INFO  REQUEST 30 - POST	/kill	4ms	{}
15:39:36.467 [qtp24813241-26] INFO  REQUEST 30 - GET	/product/1	50ms	{}
15:39:36.492 [qtp24813241-20] INFO  REQUEST 30 - GET	/product/1/customer	56ms	{count=[6],start=[0]}
15:39:36.494 [qtp24813241-26] INFO  REQUEST 30 - GET	/product/1/sku	19ms	{}
15:39:36.544 [qtp24813241-25] INFO  REQUEST 30 - GET	/product/1/place	45ms	{}
15:44:44.838 [qtp24813241-26] INFO  REQUEST 30 - GET	/product/1	70ms	{}
15:44:44.845 [qtp24813241-28] INFO  REQUEST 30 - GET	/product/1/place	63ms	{}
15:44:44.861 [qtp24813241-26] INFO  REQUEST 30 - GET	/product/1/sku	20ms	{}
15:44:45.141 [qtp24813241-28] INFO  REQUEST 30 - GET	/product/1/customer	294ms	{count=[6],start=[0]}
15:49:14.771 [qtp24813241-22] INFO  REQUEST 30 - GET	/product/1/sku	28ms	{}
15:49:14.788 [qtp24813241-27] INFO  REQUEST 30 - GET	/product/1/customer	42ms	{count=[6],start=[0]}
15:49:14.846 [qtp24813241-26] INFO  REQUEST 30 - GET	/product/1	27ms	{}
15:49:14.855 [qtp24813241-21] INFO  REQUEST 30 - GET	/product/1/place	38ms	{}
15:53:24.012 [qtp24813241-21] INFO  REQUEST 30 - GET	/product/1/sku	31ms	{}
15:53:24.035 [qtp24813241-26] INFO  REQUEST 30 - GET	/product/1/place	56ms	{}
15:53:24.073 [qtp24813241-27] INFO  REQUEST 30 - GET	/product/1/customer	59ms	{count=[6],start=[0]}
15:53:24.076 [qtp24813241-24] INFO  REQUEST 30 - GET	/product/1	40ms	{}
15:53:24.158 [qtp24813241-22] INFO  REQUEST 30 - GET	/product/1/customer	43ms	{count=[2],start=[0]}
15:53:24.191 [qtp24813241-26] INFO  REQUEST 30 - POST	/kill	11ms	{}
15:53:36.142 [qtp24813241-24] INFO  REQUEST 30 - GET	/product/1/customer	48ms	{count=[2],start=[0]}
15:53:36.169 [qtp24813241-21] INFO  REQUEST 30 - POST	/kill	11ms	{}
15:54:38.782 [qtp24813241-28] INFO  REQUEST 30 - GET	/product/1/customer	52ms	{count=[2],start=[0]}
15:58:29.284 [qtp24813241-26] INFO  REQUEST 30 - GET	/product/1/customer	47ms	{count=[2],start=[0]}
15:58:29.305 [qtp24813241-21] INFO  REQUEST 30 - POST	/kill	3ms	{}
15:58:44.223 [qtp24813241-24] INFO  REQUEST 30 - GET	/product	45ms	{count=[10],start=[0],city=[1]}
15:58:44.535 [qtp24813241-21] INFO  REQUEST 30 - GET	/product	54ms	{count=[2],start=[0],query=[],city=[1]}
15:58:44.658 [qtp24813241-24] INFO  REQUEST 30 - GET	/product/1/place	37ms	{}
15:58:44.673 [qtp24813241-22] INFO  REQUEST 30 - GET	/product/1/sku	32ms	{}
15:58:44.712 [qtp24813241-22] INFO  REQUEST 30 - GET	/product/1	36ms	{}
15:58:44.724 [qtp24813241-26] INFO  REQUEST 30 - GET	/product/1/customer	61ms	{count=[6],start=[0]}
15:58:44.811 [qtp24813241-27] INFO  REQUEST 30 - GET	/product/1/sku	26ms	{}
15:58:44.924 [qtp24813241-28] INFO  REQUEST 30 - GET	/user/1	17ms	{}
15:58:45.032 [qtp24813241-26] INFO  REQUEST 30 - GET	/user/1/order	4ms	{}
15:58:45.106 [qtp24813241-27] INFO  REQUEST 30 - GET	/user	27ms	{utoken=[123]}
15:58:45.272 [qtp24813241-28] INFO  REQUEST 30 - PUT	/user/avatar	49ms	{avatar=[http://s.momia.cn/test/admin1.jpg],utoken=[123]}
15:58:45.319 [qtp24813241-26] INFO  REQUEST 30 - PUT	/user/name	15ms	{utoken=[],name=[吴秋枫]}
15:58:45.377 [qtp24813241-24] INFO  REQUEST 30 - PUT	/user/sex	23ms	{utoken=[],sex=[男]}
15:58:45.612 [qtp24813241-22] INFO  REQUEST 30 - PUT	/user/city	21ms	{utoken=[],city=[1]}
15:58:45.662 [qtp24813241-26] INFO  REQUEST 30 - PUT	/user/address	16ms	{address=[上海市长宁区长宁路969号],utoken=[]}
15:58:45.730 [qtp24813241-27] INFO  REQUEST 30 - GET	/user	25ms	{utoken=[123]}
15:58:45.762 [qtp24813241-28] INFO  REQUEST 30 - POST	/participant	15ms	{}
15:58:45.833 [qtp24813241-22] INFO  REQUEST 30 - GET	/participant/1	19ms	{utoken=[]}
15:58:45.891 [qtp24813241-21] INFO  REQUEST 30 - GET	/user	15ms	{utoken=[]}
15:58:45.961 [qtp24813241-27] INFO  REQUEST 30 - DELETE	/participant/5	28ms	{utoken=[123]}
15:58:46.027 [qtp24813241-22] INFO  REQUEST 30 - GET	/participant	31ms	{utoken=[123]}
15:58:46.083 [qtp24813241-26] INFO  REQUEST 30 - GET	/user/1	16ms	{}
15:58:46.124 [qtp24813241-24] INFO  REQUEST 30 - GET	/user	19ms	{utoken=[123]}
15:58:46.206 [qtp24813241-22] INFO  REQUEST 30 - PUT	/user/avatar	59ms	{avatar=[http://s.momia.cn/test/admin],utoken=[123]}
15:58:46.272 [qtp24813241-26] INFO  REQUEST 30 - PUT	/user/name	43ms	{utoken=[123],name=[吴秋枫]}
15:58:46.344 [qtp24813241-21] INFO  REQUEST 30 - PUT	/user/sex	47ms	{utoken=[123],sex=[男]}
15:58:46.422 [qtp24813241-24] INFO  REQUEST 30 - PUT	/user/birthday	56ms	{birthday=[1986-01-01],utoken=[123]}
15:58:46.501 [qtp24813241-27] INFO  REQUEST 30 - PUT	/user/city	50ms	{utoken=[123],city=[1]}
15:58:46.576 [qtp24813241-22] INFO  REQUEST 30 - PUT	/user/address	50ms	{address=[上海市长宁区长宁路969号],utoken=[123]}
15:58:46.672 [qtp24813241-21] INFO  REQUEST 30 - GET	/product	72ms	{count=[2],start=[0],city=[1]}
15:58:46.727 [qtp24813241-24] INFO  REQUEST 30 - GET	/product/1	35ms	{}
15:58:46.790 [qtp24813241-27] INFO  REQUEST 30 - GET	/product/1/place	42ms	{}
15:58:46.828 [qtp24813241-28] INFO  REQUEST 30 - GET	/product/1/sku	16ms	{}
15:58:46.907 [qtp24813241-22] INFO  REQUEST 30 - GET	/product/1/customer	55ms	{count=[2],start=[0]}
15:58:46.979 [qtp24813241-26] INFO  REQUEST 30 - POST	/participant	14ms	{}
15:58:47.015 [qtp24813241-21] INFO  REQUEST 30 - GET	/participant/1	16ms	{}
15:58:47.060 [qtp24813241-28] INFO  REQUEST 30 - PUT	/participant	17ms	{}
15:58:47.107 [qtp24813241-26] INFO  REQUEST 30 - DELETE	/participant/10	15ms	{utoken=[]}
15:58:47.164 [qtp24813241-24] INFO  REQUEST 30 - GET	/participant	35ms	{utoken=[123]}
15:58:47.192 [qtp24813241-21] INFO  REQUEST 30 - POST	/kill	7ms	{}
15:59:55.309 [qtp24813241-22] INFO  REQUEST 30 - PUT	/user/name	47ms	{utoken=[123],name=[吴秋枫]}
15:59:55.337 [qtp24813241-31] INFO  REQUEST 30 - POST	/kill	9ms	{}
16:00:09.776 [qtp24813241-22] INFO  REQUEST 30 - PUT	/user/sex	44ms	{utoken=[123],sex=[男]}
16:00:09.802 [qtp24813241-31] INFO  REQUEST 30 - POST	/kill	4ms	{}
16:00:22.457 [qtp24813241-27] INFO  REQUEST 30 - POST	/kill	3ms	{}
16:01:28.473 [qtp24813241-27] INFO  REQUEST 30 - POST	/kill	4ms	{}
16:03:34.098 [qtp24813241-22] INFO  REQUEST 30 - PUT	/user/city	51ms	{utoken=[123],city=[1]}
16:03:34.122 [qtp24813241-24] INFO  REQUEST 30 - POST	/kill	4ms	{}
16:04:04.572 [qtp24813241-27] INFO  REQUEST 30 - PUT	/user/address	40ms	{address=[上海市长宁区长宁路969号],utoken=[123]}
16:04:04.602 [qtp24813241-22] INFO  REQUEST 30 - POST	/kill	4ms	{}
16:04:17.516 [qtp24813241-30] INFO  REQUEST 30 - GET	/user	14ms	{utoken=[]}
16:04:17.545 [qtp24813241-27] INFO  REQUEST 30 - POST	/kill	10ms	{}
16:05:44.121 [qtp24813241-34] INFO  REQUEST 30 - GET	/user	23ms	{utoken=[]}
16:05:44.146 [qtp24813241-32] INFO  REQUEST 30 - POST	/kill	4ms	{}
16:05:58.292 [qtp24813241-30] INFO  REQUEST 30 - GET	/user	14ms	{utoken=[123]}
16:05:58.324 [qtp24813241-27] INFO  REQUEST 30 - PUT	/participant	19ms	{}
16:05:58.368 [qtp24813241-34] INFO  REQUEST 30 - POST	/kill	20ms	{}
16:06:14.090 [qtp24813241-27] INFO  REQUEST 30 - GET	/user	18ms	{utoken=[123]}
16:06:14.120 [qtp24813241-24] INFO  REQUEST 30 - POST	/participant	16ms	{}
16:06:14.148 [qtp24813241-33] INFO  REQUEST 30 - POST	/kill	5ms	{}
16:06:21.599 [qtp24813241-32] INFO  REQUEST 30 - GET	/user	15ms	{utoken=[123]}
16:06:21.627 [qtp24813241-30] INFO  REQUEST 30 - PUT	/participant	14ms	{}
16:06:21.660 [qtp24813241-26] INFO  REQUEST 30 - POST	/kill	9ms	{}
16:06:26.431 [qtp24813241-33] INFO  REQUEST 30 - DELETE	/participant/5	27ms	{utoken=[123]}
16:06:26.461 [qtp24813241-27] INFO  REQUEST 30 - POST	/kill	9ms	{}
16:07:16.036 [qtp24813241-24] INFO  REQUEST 30 - DELETE	/participant/13	26ms	{utoken=[123]}
16:07:16.060 [qtp24813241-30] INFO  REQUEST 30 - POST	/kill	3ms	{}
16:07:53.526 [qtp24813241-34] INFO  REQUEST 30 - GET	/participant	31ms	{utoken=[123]}
16:07:53.554 [qtp24813241-24] INFO  REQUEST 30 - POST	/kill	3ms	{}
16:07:59.551 [qtp24813241-24] INFO  REQUEST 30 - GET	/participant/1	13ms	{utoken=[]}
16:07:59.583 [qtp24813241-30] INFO  REQUEST 30 - POST	/kill	3ms	{}
16:08:06.303 [qtp24813241-24] INFO  REQUEST 30 - PUT	/user/address	40ms	{address=[上海市长宁区长宁路969号],utoken=[123]}
16:08:06.325 [qtp24813241-32] INFO  REQUEST 30 - POST	/kill	4ms	{}
16:08:11.746 [qtp24813241-32] INFO  REQUEST 30 - PUT	/user/city	36ms	{utoken=[123],city=[1]}
16:08:11.772 [qtp24813241-34] INFO  REQUEST 30 - POST	/kill	4ms	{}
16:08:39.369 [qtp24813241-34] INFO  REQUEST 30 - POST	/kill	4ms	{}
16:08:46.684 [qtp24813241-33] INFO  REQUEST 30 - PUT	/user/sex	40ms	{utoken=[123],sex=[男]}
16:08:46.711 [qtp24813241-24] INFO  REQUEST 30 - POST	/kill	3ms	{}
16:08:52.504 [qtp24813241-30] INFO  REQUEST 30 - GET	/user	15ms	{utoken=[123]}
16:08:52.534 [qtp24813241-24] INFO  REQUEST 30 - POST	/kill	4ms	{}
16:08:57.217 [qtp24813241-30] INFO  REQUEST 30 - GET	/user/1/order	4ms	{}
16:08:57.247 [qtp24813241-32] INFO  REQUEST 30 - POST	/kill	8ms	{}
16:09:37.136 [qtp24813241-30] INFO  REQUEST 30 - GET	/user/1/order	5ms	{}
16:09:56.708 [qtp24813241-27] INFO  REQUEST 30 - GET	/user/1	17ms	{}
16:09:56.758 [qtp24813241-30] INFO  REQUEST 30 - POST	/kill	9ms	{}
16:10:29.752 [qtp24813241-27] INFO  REQUEST 30 - GET	/user/1/order	3ms	{}
16:10:29.781 [qtp24813241-33] INFO  REQUEST 30 - POST	/kill	4ms	{}
16:11:22.409 [qtp24813241-34] INFO  REQUEST 30 - GET	/product	52ms	{count=[2],start=[0],query=[],city=[1]}
16:11:22.437 [qtp24813241-27] INFO  REQUEST 30 - POST	/kill	9ms	{}
16:11:27.257 [qtp24813241-27] INFO  REQUEST 30 - GET	/product/1	35ms	{}
16:11:27.270 [qtp24813241-33] INFO  REQUEST 30 - GET	/product/1/place	44ms	{}
16:11:27.287 [qtp24813241-30] INFO  REQUEST 30 - GET	/product/1/sku	15ms	{}
16:11:27.309 [qtp24813241-32] INFO  REQUEST 30 - GET	/product/1/customer	46ms	{count=[6],start=[0]}
16:11:27.341 [qtp24813241-24] INFO  REQUEST 30 - POST	/kill	8ms	{}
16:11:32.729 [qtp24813241-34] INFO  REQUEST 30 - GET	/product/1/sku	16ms	{}
16:11:32.771 [qtp24813241-24] INFO  REQUEST 30 - POST	/kill	4ms	{}
16:11:56.374 [qtp24813241-33] INFO  REQUEST 30 - GET	/user/1/order	3ms	{}
16:13:00.989 [qtp24813241-33] INFO  REQUEST 30 - POST	/kill	4ms	{}
16:15:19.451 [qtp24813241-33] INFO  REQUEST 30 - PUT	/user/birthday	4ms	{birthday=[Sun Jan 01 00:00:00 CST 2012],utoken=[123]}
16:15:19.885 [qtp24813241-34] INFO  REQUEST 30 - POST	/kill	5ms	{}
16:16:13.224 [qtp24813241-20] INFO  REQUEST 30 - PUT	/user/birthday	88ms	{birthday=[Wed Jan 01 00:00:00 CST 1986],utoken=[123]}
16:16:13.471 [qtp24813241-21] INFO  REQUEST 30 - POST	/kill	233ms	{}
16:17:07.241 [qtp24813241-25] INFO  REQUEST 30 - PUT	/user/birthday	5ms	{birthday=[Fri Jan 01 00:00:00 CST 2010],utoken=[123]}
16:28:14.463 [qtp24813241-20] INFO  REQUEST 30 - PUT	/user/birthday	2ms	{birthday=[Fri Jan 01 00:00:00 CST 2010],utoken=[123]}
16:40:07.261 [qtp24813241-24] INFO  REQUEST 30 - PUT	/user/sex	1304ms	{utoken=[123],sex=[男]}
16:40:53.247 [qtp24813241-24] INFO  REQUEST 30 - PUT	/user/birthday	3ms	{birthday=[Fri Jan 01 00:00:00 CST 2010],utoken=[123]}
16:41:57.364 [qtp24813241-21] INFO  REQUEST 30 - POST	/user/birthday	32ms	{birthday=[2010-01-01],utoken=[123]}
16:42:15.318 [qtp24813241-20] INFO  REQUEST 30 - GET	/user/birthday	36ms	{}
16:43:14.180 [qtp24813241-20] INFO  REQUEST 30 - POST	/user/birthday	17ms	{birthday=[2010-01-01],utoken=[123]}
16:43:53.732 [qtp24813241-22] INFO  REQUEST 30 - PUT	/user/birthday	51ms	{birthday=[2010-01-01],utoken=[123]}
16:46:47.394 [qtp24813241-20] INFO  REQUEST 30 - PUT	/user/sex	43ms	{utoken=[123],sex=[男]}
16:47:39.476 [qtp24813241-20] INFO  REQUEST 30 - PUT	/user/birthday	2ms	{birthday=[Fri Jan 01 00:00:00 CST 2010],utoken=[123]}
16:53:33.529 [qtp24813241-23] INFO  REQUEST 30 - PUT	/user/sex	53ms	{utoken=[123],sex=[男]}
17:04:05.482 [qtp24813241-24] INFO  REQUEST 30 - PUT	/user/birthday	1ms	{birthday=[Fri Jan 01 00:00:00 CST 2010],utoken=[123]}
17:08:55.458 [qtp24813241-21] INFO  REQUEST 30 - PUT	/user/sex	103ms	{utoken=[123],sex=[男]}
17:09:28.823 [qtp24813241-23] INFO  REQUEST 30 - PUT	/user/birthday	70ms	{birthday=[2010-01-01],utoken=[123]}
17:09:49.770 [qtp24813241-23] INFO  REQUEST 30 - PUT	/user/birthday	40ms	{birthday=[1986-01-01],utoken=[123]}
17:09:49.799 [qtp24813241-22] INFO  REQUEST 30 - POST	/kill	12ms	{}
17:11:05.677 [qtp24813241-24] INFO  REQUEST 30 - PUT	/user/birthday	42ms	{birthday=[1999-09-09],utoken=[123]}
17:11:08.706 [qtp24813241-22] INFO  REQUEST 30 - PUT	/user/birthday	285ms	{birthday=[1999-09-09],utoken=[123]}
17:11:27.284 [qtp24813241-23] INFO  REQUEST 30 - PUT	/user/birthday	45ms	{birthday=[1986-01-01],utoken=[123]}
17:11:27.312 [qtp24813241-22] INFO  REQUEST 30 - POST	/kill	6ms	{}
17:12:27.908 [qtp24813241-21] INFO  REQUEST 30 - GET	/product/1/sku	2084ms	{}
17:12:28.003 [qtp24813241-20] INFO  REQUEST 30 - GET	/product/1	2179ms	{}
17:12:30.165 [qtp24813241-22] INFO  REQUEST 30 - GET	/product/1/place	2159ms	{}
17:12:30.861 [qtp24813241-25] INFO  REQUEST 30 - POST	/kill	6ms	{}
17:12:31.098 [qtp24813241-23] INFO  REQUEST 30 - GET	/product/1/customer	3157ms	{count=[6],start=[0]}
17:14:05.387 [qtp24813241-24] INFO  REQUEST 30 - GET	/product/1	49ms	{id=[1]}
17:14:05.502 [qtp24813241-23] INFO  REQUEST 30 - GET	/favicon.ico	6ms	{}
17:14:27.327 [qtp24813241-20] INFO  REQUEST 30 - GET	/product/1/sku	209ms	{}
17:14:27.344 [qtp24813241-21] INFO  REQUEST 30 - GET	/product/1	240ms	{}
17:14:27.790 [qtp24813241-20] INFO  REQUEST 30 - GET	/product/1/customer	460ms	{count=[6],start=[0]}
17:14:27.790 [qtp24813241-25] INFO  REQUEST 30 - GET	/product/1/place	444ms	{}
17:17:57.062 [qtp24813241-22] INFO  REQUEST 30 - GET	/user/1	69ms	{}
17:17:57.152 [qtp24813241-23] INFO  REQUEST 30 - GET	/user/1/order	25ms	{}
17:17:57.195 [qtp24813241-21] INFO  REQUEST 30 - POST	/kill	11ms	{}
18:31:17.897 [qtp24813241-24] INFO  REQUEST 30 - GET	/product	570ms	{count=[10],start=[0],city=[1]}
18:31:19.538 [qtp24813241-21] INFO  REQUEST 30 - POST	/kill	11ms	{}
18:37:04.397 [qtp24813241-25] INFO  REQUEST 30 - GET	/banner	95ms	{count=[3],city=[1]}
18:37:14.849 [qtp24813241-24] INFO  REQUEST 30 - GET	/banner	21ms	{count=[3],city=[1]}
18:37:14.887 [qtp24813241-22] INFO  REQUEST 30 - GET	/product	57ms	{count=[10],start=[0],city=[1]}
18:37:15.003 [qtp24813241-20] INFO  REQUEST 30 - POST	/kill	29ms	{}
18:38:29.206 [qtp24813241-22] INFO  REQUEST 30 - GET	/banner	13ms	{count=[3],city=[1]}
18:38:29.255 [qtp24813241-20] INFO  REQUEST 30 - GET	/product	61ms	{count=[10],start=[0],city=[1]}
18:39:14.381 [qtp24813241-24] INFO  REQUEST 30 - GET	/product	77ms	{count=[2],start=[0],query=[],city=[1]}
18:39:14.455 [qtp24813241-22] INFO  REQUEST 30 - POST	/kill	6ms	{}
18:39:19.704 [qtp24813241-23] INFO  REQUEST 30 - GET	/product/1	66ms	{}
18:39:19.718 [qtp24813241-24] INFO  REQUEST 30 - GET	/product/1/place	74ms	{}
18:39:19.742 [qtp24813241-22] INFO  REQUEST 30 - GET	/product/1/sku	22ms	{}
18:39:19.770 [qtp24813241-23] INFO  REQUEST 30 - GET	/product/1/customer	63ms	{count=[6],start=[0]}
18:39:19.808 [qtp24813241-20] INFO  REQUEST 30 - POST	/kill	5ms	{}
