14:16:13.047 [qtp1486879-21] INFO  REQUEST 30 - GET	/user/3	689ms	{}
14:16:13.145 [qtp1486879-24] INFO  REQUEST 30 - POST	/kill	23ms	{}
14:16:19.604 [qtp1486879-25] INFO  REQUEST 30 - GET	/user	53ms	{utoken=[]}
14:16:19.642 [qtp1486879-26] INFO  REQUEST 30 - POST	/kill	15ms	{}
14:16:37.159 [qtp1486879-24] INFO  REQUEST 30 - PUT	/user/avatar	54ms	{avatar=[http://s.momia.cn/test/admin],utoken=[]}
14:16:37.186 [qtp1486879-26] INFO  REQUEST 30 - POST	/kill	6ms	{}
14:16:43.831 [qtp1486879-22] INFO  REQUEST 30 - PUT	/user/name	48ms	{utoken=[],name=[吴秋枫]}
14:16:43.856 [qtp1486879-23] INFO  REQUEST 30 - POST	/kill	6ms	{}
14:16:54.713 [qtp1486879-23] INFO  REQUEST 30 - PUT	/user/sex	51ms	{utoken=[],sex=[男]}
14:16:54.743 [qtp1486879-25] INFO  REQUEST 30 - POST	/kill	11ms	{}
14:17:02.505 [qtp1486879-22] INFO  REQUEST 30 - PUT	/user/birthday	106ms	{birthday=[1986-01-01],utoken=[]}
14:17:02.531 [qtp1486879-21] INFO  REQUEST 30 - POST	/kill	6ms	{}
14:17:08.060 [qtp1486879-21] INFO  REQUEST 30 - PUT	/user/city	53ms	{utoken=[],city=[1]}
14:17:08.095 [qtp1486879-23] INFO  REQUEST 30 - POST	/kill	8ms	{}
14:17:14.390 [qtp1486879-25] INFO  REQUEST 30 - PUT	/user/address	54ms	{address=[上海市长宁区长宁路969号],utoken=[]}
14:17:14.415 [qtp1486879-26] INFO  REQUEST 30 - POST	/kill	6ms	{}
14:17:42.220 [qtp1486879-26] INFO  REQUEST 30 - GET	/product	246ms	{count=[2],start=[0]}
14:17:42.250 [qtp1486879-22] INFO  REQUEST 30 - POST	/kill	11ms	{}
14:17:48.336 [qtp1486879-21] INFO  REQUEST 30 - GET	/product/37	90ms	{}
14:17:48.377 [qtp1486879-23] INFO  REQUEST 30 - POST	/kill	22ms	{}
14:17:57.690 [qtp1486879-21] INFO  REQUEST 30 - GET	/product/37/place	65ms	{}
14:17:57.714 [qtp1486879-24] INFO  REQUEST 30 - POST	/kill	6ms	{}
14:18:03.234 [qtp1486879-24] INFO  REQUEST 30 - GET	/product/37/sku	19ms	{}
14:18:03.265 [qtp1486879-25] INFO  REQUEST 30 - POST	/kill	10ms	{}
14:18:09.050 [qtp1486879-24] INFO  REQUEST 30 - GET	/product/37/customer	220ms	{count=[2],start=[0]}
14:18:09.084 [qtp1486879-25] INFO  REQUEST 30 - POST	/kill	5ms	{}
14:23:07.014 [qtp1486879-24] INFO  REQUEST 30 - GET	/user/3	82ms	{}
14:23:57.547 [qtp1486879-22] INFO  REQUEST 30 - GET	/user/3	16ms	{}
14:24:06.757 [qtp1486879-21] INFO  REQUEST 30 - GET	/user/3	117ms	{}
14:26:59.112 [qtp1486879-26] INFO  REQUEST 30 - GET	/user/3	17ms	{}
14:42:22.752 [qtp3266290-22] INFO  REQUEST 30 - GET	/user/1	383ms	{}
14:47:10.297 [qtp3266290-26] INFO  REQUEST 30 - GET	/user/1	83ms	{}
14:47:36.240 [qtp3266290-23] INFO  REQUEST 30 - GET	/user/1	522ms	{}
14:47:36.306 [qtp3266290-21] INFO  REQUEST 30 - POST	/kill	28ms	{}
14:47:45.014 [qtp3266290-25] INFO  REQUEST 30 - GET	/user/1	18ms	{}
14:47:45.043 [qtp3266290-26] INFO  REQUEST 30 - POST	/kill	5ms	{}
14:48:12.038 [qtp3266290-22] INFO  REQUEST 30 - GET	/user	91ms	{utoken=[]}
14:48:18.491 [qtp3266290-24] INFO  REQUEST 30 - GET	/user	16ms	{utoken=[]}
14:48:18.519 [qtp3266290-23] INFO  REQUEST 30 - POST	/kill	6ms	{}
14:48:27.455 [qtp3266290-26] INFO  REQUEST 30 - PUT	/user/avatar	49ms	{avatar=[http://s.momia.cn/test/admin],utoken=[]}
14:48:27.483 [qtp3266290-24] INFO  REQUEST 30 - POST	/kill	7ms	{}
14:48:47.611 [qtp3266290-26] INFO  REQUEST 30 - PUT	/user/name	52ms	{utoken=[],name=[吴秋枫]}
14:48:47.639 [qtp3266290-24] INFO  REQUEST 30 - POST	/kill	8ms	{}
14:49:04.609 [qtp3266290-21] INFO  REQUEST 30 - PUT	/user/sex	54ms	{utoken=[],sex=[男]}
14:49:04.749 [qtp3266290-22] INFO  REQUEST 30 - PUT	/user/birthday	117ms	{birthday=[1986-01-01],utoken=[]}
14:49:04.773 [qtp3266290-24] INFO  REQUEST 30 - POST	/kill	7ms	{}
14:49:25.926 [qtp3266290-26] INFO  REQUEST 30 - PUT	/user/city	47ms	{utoken=[],city=[1]}
14:49:25.994 [qtp3266290-23] INFO  REQUEST 30 - PUT	/user/address	47ms	{address=[上海市长宁区长宁路969号],utoken=[]}
14:49:26.028 [qtp3266290-25] INFO  REQUEST 30 - POST	/kill	5ms	{}
15:33:39.211 [qtp3266290-26] INFO  REQUEST 30 - POST	/kill	6ms	{}
15:33:49.740 [qtp3266290-24] INFO  REQUEST 30 - GET	/product/37	46ms	{}
15:33:49.766 [qtp3266290-23] INFO  REQUEST 30 - POST	/kill	7ms	{}
15:34:04.351 [qtp3266290-21] INFO  REQUEST 30 - POST	/kill	11ms	{}
15:37:00.391 [qtp3266290-26] INFO  REQUEST 30 - GET	/product/1	237ms	{}
15:37:00.456 [qtp3266290-24] INFO  REQUEST 30 - POST	/kill	47ms	{}
15:37:09.908 [qtp3266290-23] INFO  REQUEST 30 - POST	/kill	7ms	{}
15:58:33.279 [qtp3266290-21] INFO  REQUEST 30 - POST	/kill	5ms	{}
15:58:58.012 [qtp3266290-24] INFO  REQUEST 30 - GET	/product/1	50ms	{}
16:01:02.648 [qtp1611334-24] INFO  REQUEST 30 - GET	/product	718ms	{count=[1],start=[0]}
16:01:15.188 [qtp1611334-24] INFO  REQUEST 30 - GET	/product	48ms	{count=[2],start=[0]}
16:01:15.234 [qtp1611334-21] INFO  REQUEST 30 - POST	/kill	23ms	{}
16:01:23.843 [qtp1611334-24] INFO  REQUEST 30 - GET	/product/37/place	57ms	{}
16:01:23.872 [qtp1611334-21] INFO  REQUEST 30 - POST	/kill	12ms	{}
16:01:48.435 [qtp1611334-23] INFO  REQUEST 30 - GET	/product/1/place	103ms	{}
16:01:48.458 [qtp1611334-26] INFO  REQUEST 30 - POST	/kill	6ms	{}
16:02:06.677 [qtp1611334-25] INFO  REQUEST 30 - GET	/product/1/sku	18ms	{}
16:02:06.711 [qtp1611334-24] INFO  REQUEST 30 - POST	/kill	6ms	{}
16:02:21.660 [qtp1611334-24] INFO  REQUEST 30 - GET	/product/1/customer	158ms	{count=[2],start=[0]}
16:02:21.682 [qtp1611334-22] INFO  REQUEST 30 - POST	/kill	6ms	{}
16:02:35.138 [qtp1611334-24] INFO  REQUEST 30 - GET	/participant/30	66ms	{}
16:02:35.160 [qtp1611334-22] INFO  REQUEST 30 - POST	/kill	6ms	{}
16:03:08.309 [qtp1611334-24] INFO  REQUEST 30 - GET	/participant/1	30ms	{}
16:03:08.357 [qtp1611334-26] INFO  REQUEST 30 - POST	/kill	11ms	{}
16:04:48.937 [qtp1611334-24] INFO  REQUEST 30 - POST	/participant	13ms	{participant=[{"birthday":667843200000,"name":"杨","sex":"女","userId":1}]}
16:08:33.257 [qtp1611334-21] INFO  REQUEST 30 - POST	/participant	7ms	{participant=[{"birthday":2015-01-01,"name":"杨","sex":"女","userId":1}]}
16:09:18.790 [qtp1611334-23] INFO  REQUEST 30 - POST	/participant	12ms	{participant=[{"birthday":"2015-01-01","name":"杨","sex":"女","userId":1}]}
16:09:54.148 [qtp1611334-24] INFO  REQUEST 30 - POST	/participant	7ms	{participant=[{"birthday":"2015-01-01","name":"ysm","sex":"女","userId":1}]}
16:13:18.776 [qtp1611334-23] INFO  REQUEST 30 - POST	/participant	11ms	{participant=[{"birthday":"2015-01-01","name":"ysm","sex":"nan","userId":1}]}
16:16:52.496 [qtp1611334-21] INFO  REQUEST 30 - POST	/participant	14ms	{participant=[[{"data":{"birthday":"1991-03-02","name":"杨","sex":"女","userId":1}]]}
16:26:15.356 [qtp1611334-23] INFO  REQUEST 30 - POST	/participant	10ms	{participant=[{"participant":{"birthday":667843200000,"id":1,"name":"杨","sex":"女","userId":1}}]}
16:26:42.936 [qtp1611334-21] INFO  REQUEST 30 - POST	/participant	11ms	{participant=[{"participant":[{"birthday":667843200000,"id":1,"name":"杨","sex":"女","userId":1}]}]}
16:26:43.265 [qtp1611334-24] INFO  REQUEST 30 - POST	/participant	12ms	{participant=[{"participant":[{"birthday":667843200000,"id":1,"name":"杨","sex":"女","userId":1}]}]}
16:27:15.299 [qtp1611334-21] INFO  REQUEST 30 - POST	/participant	9ms	{participant=[{"birthday":"2015-01-01","name":"杨","sex":"女","userId":1}]}
16:29:16.436 [qtp1611334-24] INFO  REQUEST 30 - POST	/kill	7ms	{}
16:31:52.306 [qtp1611334-21] INFO  REQUEST 30 - POST	/participant	6ms	{application/json=[{"birthday":"2015-01-01","name":"杨","sex":"女","userId":1}]}
16:37:50.082 [qtp1611334-26] INFO  REQUEST 30 - GET	/participant/1	28ms	{}
16:37:50.108 [qtp1611334-21] INFO  REQUEST 30 - POST	/kill	5ms	{}
16:38:08.044 [qtp1611334-24] INFO  REQUEST 30 - GET	/user/1	82ms	{}
16:38:08.117 [qtp1611334-22] INFO  REQUEST 30 - GET	/user	34ms	{utoken=[]}
16:38:08.213 [qtp1611334-26] INFO  REQUEST 30 - PUT	/user/avatar	71ms	{avatar=[http://s.momia.cn/test/admin],utoken=[]}
16:38:08.294 [qtp1611334-21] INFO  REQUEST 30 - PUT	/user/name	49ms	{utoken=[],name=[吴秋枫]}
16:38:08.364 [qtp1611334-25] INFO  REQUEST 30 - PUT	/user/sex	43ms	{utoken=[],sex=[男]}
16:38:08.541 [qtp1611334-22] INFO  REQUEST 30 - PUT	/user/birthday	149ms	{birthday=[1986-01-01],utoken=[]}
16:38:08.630 [qtp1611334-26] INFO  REQUEST 30 - PUT	/user/city	55ms	{utoken=[],city=[1]}
16:38:08.710 [qtp1611334-21] INFO  REQUEST 30 - PUT	/user/address	54ms	{address=[上海市长宁区长宁路969号],utoken=[]}
16:38:08.792 [qtp1611334-25] INFO  REQUEST 30 - GET	/product	53ms	{count=[2],start=[0]}
16:38:08.896 [qtp1611334-23] INFO  REQUEST 30 - GET	/product/1	75ms	{}
16:38:08.990 [qtp1611334-26] INFO  REQUEST 30 - GET	/product/1/place	44ms	{}
16:38:09.031 [qtp1611334-25] INFO  REQUEST 30 - GET	/product/1/sku	19ms	{}
16:38:09.104 [qtp1611334-24] INFO  REQUEST 30 - GET	/product/1/customer	44ms	{count=[2],start=[0]}
16:38:09.167 [qtp1611334-22] INFO  REQUEST 30 - GET	/participant/1	18ms	{}
16:38:09.305 [qtp1611334-25] INFO  REQUEST 30 - GET	/participant	70ms	{utoken=[]}
16:38:09.360 [qtp1611334-23] INFO  REQUEST 30 - POST	/kill	17ms	{}
16:40:07.708 [qtp1611334-27] INFO  REQUEST 30 - POST	/participant	3ms	{consumes=[{"birthday":"2015-01-01","name":"杨","sex":"女","userId":1}]}
16:40:15.374 [qtp1611334-24] INFO  REQUEST 30 - POST	/participant	11ms	{participant=[{"birthday":"2015-01-01","name":"杨","sex":"女","userId":1}]}
16:42:56.903 [qtp1611334-22] INFO  REQUEST 30 - POST	/participant	3ms	{consumes=[application/json],participant=[{"birthday":"2015-01-01","name":"杨","sex":"女","userId":1}]}
16:47:41.122 [qtp1611334-24] INFO  REQUEST 30 - POST	/participant	3ms	{participant=[{"birthday":"2015-01-01","name":"杨","sex":"女","userId":1}]}
16:47:46.921 [qtp1611334-28] INFO  REQUEST 30 - POST	/participant	12ms	{participant=[{"birthday":"2015-01-01","name":"杨","sex":"女","userId":1}]}
16:49:28.464 [qtp1611334-26] INFO  REQUEST 30 - POST	/participant	3ms	{participant=[{"birthday":"2015-01-01","name":"杨","sex":"女","userId":1}]}
16:49:51.266 [qtp1611334-28] INFO  REQUEST 30 - POST	/participant	38ms	{participant=[{"birthday":"2015-01-01","name":"杨","sex":"女","userId":1}]}
16:50:41.050 [qtp1611334-27] INFO  REQUEST 30 - POST	/participant	3ms	{participant=[{"birthday":2015-01-01,"name":"杨","sex":"女","userId":1}]}
16:52:03.751 [qtp1611334-28] INFO  REQUEST 30 - POST	/participant	3ms	{participant=[{"birthday":"","name":"杨","sex":"女","userId":1}]}
16:52:09.596 [qtp1611334-22] INFO  REQUEST 30 - POST	/participant	2ms	{participant=[{"birthday":,"name":"杨","sex":"女","userId":1}]}
16:52:20.644 [qtp1611334-25] INFO  REQUEST 30 - POST	/participant	3ms	{participant=[{"name":"杨","sex":"女","userId":1}]}
16:56:42.572 [qtp1611334-24] INFO  REQUEST 30 - POST	/participant	2ms	{participant=[{"name":"杨","sex":"女","userId":1,"birthday":"1998-09-09"}]}
16:57:03.219 [qtp1611334-24] INFO  REQUEST 30 - POST	/participant	2ms	{participant=[{"name":"杨","sex":"女","userId":1,"birthday":'1998-09-09'}]}
17:00:43.238 [qtp1611334-27] INFO  REQUEST 30 - POST	/participant	4ms	{participant=[{"name":"杨","sex":"女","userId":1,"birthday":"\/Date(1391141532000)\/"}]}
17:02:48.429 [qtp1611334-26] INFO  REQUEST 30 - POST	/participant	4ms	{participant=[{"userId";1,"name":"宝2","sex":"女","birthday":"2010-01-01"}]}
17:03:25.726 [qtp1611334-22] INFO  REQUEST 30 - POST	/participant	2ms	{participant=[{"userId";1,"name":"宝2","sex":"女","birthday":"2010-01-01"}]}
17:03:45.962 [qtp1611334-28] INFO  REQUEST 30 - POST	/participant	14ms	{participant=[{"userId":1,"name":"宝2","sex":"女","birthday":"2010-01-01"}]}
17:04:31.870 [qtp1611334-25] INFO  REQUEST 30 - POST	/participant	3ms	{participant=[{"birthday":"2012-01-01","name":"杨","sex":"女","userId":1}]}
17:15:23.081 [qtp1611334-27] INFO  REQUEST 30 - POST	/kill	8ms	{}
17:15:47.247 [qtp1611334-25] INFO  REQUEST 30 - POST	/participant	3ms	{participant=[{"birthday":"2012-01-01","name":"杨","sex":"女","userId":1}]}
17:18:11.598 [qtp1611334-26] INFO  REQUEST 30 - POST	/kill	4ms	{}
17:28:07.512 [qtp24724822-24] INFO  REQUEST 30 - POST	/participant	393ms	{participant=[{"birthday":"2012-01-01","name":"杨","sex":"女","userId":1}]}
17:29:05.054 [qtp24724822-26] INFO  REQUEST 30 - POST	/participant	4ms	{participant=["name":"杨","sex":"女","userId":1}]}
17:29:17.120 [qtp24724822-24] INFO  REQUEST 30 - POST	/participant	4ms	{participant=[{"birthday":"2012-01-01","name":"杨","sex":"女","userId":1}]}
17:47:34.734 [qtp25481633-26] INFO  REQUEST 30 - POST	/participant	271ms	{participant=[{"birthday":"2012-01-01","name":"杨","sex":"女","userId":1}]}
17:51:31.515 [qtp25481633-25] INFO  REQUEST 30 - POST	/participant	1042ms	{participant=[{"birthday":"2012-01-01","name":"杨","sex":"女","userId":1}]}
17:53:29.831 [qtp25481633-21] INFO  REQUEST 30 - POST	/participant	244ms	{participant=[{"birthday":"2012-01-01","name":"杨","sex":"女","userId":1}]}
17:53:47.078 [qtp25481633-26] INFO  REQUEST 30 - POST	/kill	17ms	{}
17:54:13.431 [qtp25481633-25] INFO  REQUEST 30 - POST	/kill	14ms	{}
18:28:22.322 [qtp25012212-22] INFO  REQUEST 30 - POST	/participant	757ms	{participant=[{"birthday":"2012-01-01","name":"杨","sex":"女","userId":1}]}
