10:40:08.103 [qtp1486879-22] INFO  REQUEST 30 - GET	/user/1	553ms	{}
10:40:08.138 [qtp1486879-25] INFO  REQUEST 30 - POST	/kill	13ms	{}
10:41:00.181 [qtp1486879-25] INFO  REQUEST 30 - GET	/user/1	176ms	{}
10:41:57.715 [qtp1486879-25] INFO  REQUEST 30 - GET	/user/1	23ms	{}
10:47:05.935 [qtp25481633-23] INFO  REQUEST 30 - GET	/user/3	480ms	{}
10:47:40.529 [qtp25481633-22] INFO  REQUEST 30 - GET	/user/3	92ms	{}
10:47:40.632 [qtp25481633-24] INFO  REQUEST 30 - POST	/kill	19ms	{}
10:48:24.051 [qtp25481633-22] INFO  REQUEST 30 - GET	/user/3	22ms	{}
10:48:24.085 [qtp25481633-24] INFO  REQUEST 30 - POST	/kill	17ms	{}
11:05:38.123 [qtp25481633-24] INFO  REQUEST 30 - GET	/user/3	23ms	{}
11:05:38.159 [qtp25481633-22] INFO  REQUEST 30 - POST	/kill	11ms	{}
11:43:15.713 [qtp25481633-22] INFO  REQUEST 30 - GET	/user/3	21ms	{}
11:43:15.748 [qtp25481633-25] INFO  REQUEST 30 - POST	/kill	6ms	{}
11:47:46.398 [qtp25481633-25] INFO  REQUEST 30 - GET	/product	57ms	{count=[10],start=[10]}
11:52:47.848 [qtp25481633-24] INFO  REQUEST 30 - GET	/product	18ms	{count=[10],start=[20]}
11:54:35.109 [qtp25481633-25] INFO  REQUEST 30 - POST	/kill	7ms	{}
11:55:14.562 [qtp25481633-23] INFO  REQUEST 30 - POST	/kill	12ms	{}
11:55:41.847 [qtp25481633-23] INFO  REQUEST 30 - GET	/product	18ms	{count=[10],start=[10]}
11:55:41.882 [qtp25481633-21] INFO  REQUEST 30 - POST	/kill	12ms	{}
12:05:23.825 [qtp25481633-22] INFO  REQUEST 30 - GET	/product/1	49ms	{}
12:05:23.872 [qtp25481633-24] INFO  REQUEST 30 - GET	/product/1/place	64ms	{}
12:05:23.889 [qtp25481633-22] INFO  REQUEST 30 - GET	/product/1/customer	62ms	{count=[10],start=[0]}
12:06:57.599 [qtp25481633-23] INFO  REQUEST 30 - GET	/product/1	19ms	{}
12:06:57.657 [qtp25481633-24] INFO  REQUEST 30 - GET	/product/1/place	18ms	{}
12:10:40.247 [qtp25481633-22] INFO  REQUEST 30 - GET	/product	19ms	{count=[10],start=[10]}
12:10:40.314 [qtp25481633-24] INFO  REQUEST 30 - GET	/product/1	23ms	{}
12:10:40.323 [qtp25481633-21] INFO  REQUEST 30 - GET	/product/1/place	22ms	{}
12:10:40.333 [qtp25481633-22] INFO  REQUEST 30 - GET	/product/1/customer	18ms	{count=[10],start=[0]}
12:10:40.388 [qtp25481633-26] INFO  REQUEST 30 - GET	/user/3	19ms	{}
12:10:40.442 [qtp25481633-24] INFO  REQUEST 30 - POST	/kill	5ms	{}
12:23:21.841 [qtp25481633-25] INFO  REQUEST 30 - GET	/banner	116ms	{count=[3]}
12:23:21.968 [qtp25481633-21] INFO  REQUEST 30 - GET	/product/1	16ms	{}
12:23:21.985 [qtp25481633-24] INFO  REQUEST 30 - GET	/product/1/place	19ms	{}
12:23:22.017 [qtp25481633-22] INFO  REQUEST 30 - GET	/product/1/sku	47ms	{}
12:23:22.091 [qtp25481633-25] INFO  REQUEST 30 - GET	/user/3	39ms	{}
12:23:22.153 [qtp25481633-21] INFO  REQUEST 30 - POST	/kill	23ms	{}
12:23:53.352 [qtp25481633-23] INFO  REQUEST 30 - GET	/banner	27ms	{count=[3]}
12:23:53.397 [qtp25481633-22] INFO  REQUEST 30 - POST	/kill	5ms	{}
12:25:42.183 [qtp25481633-24] INFO  REQUEST 30 - GET	/product	37ms	{count=[10],start=[10]}
12:25:42.217 [qtp25481633-25] INFO  REQUEST 30 - POST	/kill	11ms	{}
12:26:03.732 [qtp25481633-24] INFO  REQUEST 30 - GET	/banner	19ms	{count=[3]}
14:56:11.354 [qtp1486879-24] INFO  REQUEST 30 - GET	/user/3	527ms	{}
14:56:34.360 [qtp1486879-21] INFO  REQUEST 30 - GET	/user/3	28ms	{}
14:57:59.212 [qtp1486879-24] INFO  REQUEST 30 - GET	/user/3	20ms	{}
14:57:59.261 [qtp1486879-26] INFO  REQUEST 30 - POST	/kill	26ms	{}
14:58:23.960 [qtp1486879-26] INFO  REQUEST 30 - GET	/user/1	22ms	{}
14:58:23.996 [qtp1486879-23] INFO  REQUEST 30 - POST	/kill	15ms	{}
14:58:58.011 [qtp1486879-22] INFO  REQUEST 30 - GET	/user/3/order	38ms	{}
15:01:33.334 [qtp1486879-21] INFO  REQUEST 30 - GET	/user	103ms	{utoken=[]}
15:02:32.562 [qtp1486879-26] INFO  REQUEST 30 - GET	/user	21ms	{utoken=[]}
15:02:32.592 [qtp1486879-21] INFO  REQUEST 30 - POST	/kill	7ms	{}
15:06:12.204 [qtp1486879-26] INFO  REQUEST 30 - PUT	/user/avatar	7ms	{}
15:06:24.171 [qtp1486879-26] INFO  REQUEST 30 - PUT	/user/avatar	2ms	{}
15:06:54.483 [qtp1486879-23] INFO  REQUEST 30 - PUT	/user/avatar	8ms	{}
15:08:30.272 [qtp1486879-23] INFO  REQUEST 30 - PUT	/user/name	2ms	{}
15:09:05.893 [qtp1486879-24] INFO  REQUEST 30 - PUT	/user/sex	2ms	{}
15:13:32.047 [qtp1486879-26] INFO  REQUEST 30 - PUT	/user/avatar	2ms	{}
15:13:32.077 [qtp1486879-23] INFO  REQUEST 30 - POST	/kill	6ms	{}
15:21:55.947 [qtp1486879-26] INFO  REQUEST 30 - PUT	/user/city	3ms	{}
15:23:18.644 [qtp1486879-22] INFO  REQUEST 30 - PUT	/user/address	3ms	{}
15:30:19.189 [qtp1486879-21] INFO  REQUEST 30 - POST	/participant	8ms	{}
15:30:30.406 [qtp1486879-21] INFO  REQUEST 30 - POST	/participant	5ms	{}
15:44:18.667 [qtp1486879-26] INFO  REQUEST 30 - GET	/participant/30	79ms	{utoken=[]}
15:45:17.792 [qtp1486879-22] INFO  REQUEST 30 - GET	/participant/30	22ms	{utoken=[]}
15:45:17.827 [qtp1486879-24] INFO  REQUEST 30 - POST	/kill	13ms	{}
15:46:01.128 [qtp1486879-26] INFO  REQUEST 30 - GET	/participant/30	23ms	{utoken=[]}
15:46:01.158 [qtp1486879-21] INFO  REQUEST 30 - POST	/kill	11ms	{}
15:46:52.119 [qtp1486879-24] INFO  REQUEST 30 - GET	/participant/30	22ms	{utoken=[]}
15:46:52.150 [qtp1486879-25] INFO  REQUEST 30 - POST	/kill	10ms	{}
15:47:42.770 [qtp1486879-22] INFO  REQUEST 30 - GET	/participant/30	21ms	{utoken=[]}
15:47:42.809 [qtp1486879-24] INFO  REQUEST 30 - POST	/kill	17ms	{}
15:50:37.602 [qtp1486879-24] INFO  REQUEST 30 - PUT	/participant/30	9ms	{}
15:50:56.733 [qtp1486879-24] INFO  REQUEST 30 - PUT	/participant/30	10ms	{}
15:52:40.358 [qtp1486879-21] INFO  REQUEST 30 - GET	/participant	81ms	{utoken=[]}
15:53:47.744 [qtp1486879-25] INFO  REQUEST 30 - GET	/participant	34ms	{utoken=[]}
15:53:47.780 [qtp1486879-23] INFO  REQUEST 30 - POST	/kill	14ms	{}
16:00:07.058 [qtp1486879-24] INFO  REQUEST 30 - GET	/user	23ms	{utoken=[]}
16:01:42.661 [qtp1486879-21] INFO  REQUEST 30 - GET	/participant	39ms	{utoken=[]}
16:01:42.713 [qtp1486879-26] INFO  REQUEST 30 - GET	/user/3	17ms	{}
16:01:42.738 [qtp1486879-25] INFO  REQUEST 30 - POST	/kill	6ms	{}
16:01:50.101 [qtp1486879-24] INFO  REQUEST 30 - GET	/participant	36ms	{utoken=[]}
16:01:50.158 [qtp1486879-21] INFO  REQUEST 30 - GET	/user	25ms	{utoken=[]}
16:01:50.189 [qtp1486879-22] INFO  REQUEST 30 - POST	/kill	11ms	{}
16:02:54.081 [qtp1486879-22] INFO  REQUEST 30 - PUT	/user/avatar	53ms	{avatar=[http://s.momia.cn/test/admin1.jpg],utoken=[]}
16:04:07.920 [qtp1486879-24] INFO  REQUEST 30 - GET	/participant	206ms	{utoken=[]}
16:04:08.034 [qtp1486879-26] INFO  REQUEST 30 - PUT	/user/avatar	82ms	{avatar=[http://s.momia.cn/test/admin],utoken=[]}
16:04:08.060 [qtp1486879-22] INFO  REQUEST 30 - POST	/kill	6ms	{}
16:05:00.382 [qtp1486879-26] INFO  REQUEST 30 - PUT	/user/name	1491ms	{utoken=[],name=[吴秋枫]}
16:06:11.067 [qtp1486879-22] INFO  REQUEST 30 - GET	/participant	290ms	{utoken=[]}
16:06:11.147 [qtp1486879-24] INFO  REQUEST 30 - POST	/kill	11ms	{}
16:18:51.001 [qtp1486879-25] INFO  REQUEST 30 - GET	/participant	36ms	{utoken=[]}
16:18:51.109 [qtp1486879-22] INFO  REQUEST 30 - POST	/kill	15ms	{}
16:20:38.536 [qtp1486879-26] INFO  REQUEST 30 - POST	/kill	10ms	{}
16:22:26.757 [qtp1486879-22] INFO  REQUEST 30 - PUT	/user/sex	47ms	{utoken=[],sex=[男]}
16:23:22.104 [qtp1486879-22] INFO  REQUEST 30 - POST	/kill	4ms	{}
17:01:17.146 [qtp1486879-24] INFO  REQUEST 30 - PUT	/user/sex	41ms	{utoken=[],sex=[男]}
17:01:17.167 [qtp1486879-22] INFO  REQUEST 30 - POST	/kill	5ms	{}
17:04:27.573 [qtp1486879-24] INFO  REQUEST 30 - PUT	/user/birthday	247ms	{birthday=[1986-01-01],utoken=[]}
17:04:46.261 [qtp1486879-21] INFO  REQUEST 30 - PUT	//user/birthday	89ms	{birthday=[1986-01-01],utoken=[]}
17:04:46.294 [qtp1486879-24] INFO  REQUEST 30 - POST	/kill	12ms	{}
17:05:23.859 [qtp1486879-21] INFO  REQUEST 30 - PUT	/user/city	64ms	{utoken=[],city=[1]}
17:06:07.321 [qtp1486879-26] INFO  REQUEST 30 - PUT	//user/city	43ms	{utoken=[],city=[1]}
17:06:07.349 [qtp1486879-22] INFO  REQUEST 30 - POST	/kill	4ms	{}
17:06:55.173 [qtp1486879-22] INFO  REQUEST 30 - PUT	/user/address	45ms	{address=[上海市长宁区长宁路969号],utoken=[]}
17:07:43.027 [qtp1486879-26] INFO  REQUEST 30 - PUT	//user/address	114ms	{address=[上海市长宁区长宁路969号],utoken=[]}
17:07:43.058 [qtp1486879-22] INFO  REQUEST 30 - POST	/kill	6ms	{}
17:08:15.208 [qtp1486879-24] INFO  REQUEST 30 - GET	/product/address	44ms	{}
17:08:37.400 [qtp1486879-21] INFO  REQUEST 30 - GET	/product/address	7ms	{count=[2],start=[0]}
17:10:19.468 [qtp1486879-26] INFO  REQUEST 30 - GET	/product	18ms	{count=[2],start=[1]}
17:26:38.782 [qtp8273943-26] INFO  REQUEST 30 - POST	/kill	17ms	{}
17:29:11.093 [qtp8273943-21] INFO  REQUEST 30 - GET	/product/37/place	740ms	{}
17:29:42.084 [qtp8273943-23] INFO  REQUEST 30 - GET	/product/37/place	59ms	{}
17:29:42.117 [qtp8273943-24] INFO  REQUEST 30 - POST	/kill	11ms	{}
17:30:02.933 [qtp8273943-21] INFO  REQUEST 30 - GET	/product/37/sku	151ms	{}
17:30:40.412 [qtp8273943-22] INFO  REQUEST 30 - GET	/product/37/sku	21ms	{}
17:30:40.443 [qtp8273943-21] INFO  REQUEST 30 - POST	/kill	12ms	{}
17:31:29.701 [qtp8273943-26] INFO  REQUEST 30 - GET	/product/37/comment	9ms	{}
17:31:29.751 [qtp8273943-25] INFO  REQUEST 30 - POST	/kill	40ms	{}
17:31:40.396 [qtp8273943-26] INFO  REQUEST 30 - GET	/product/37/comment	10ms	{}
17:33:21.316 [qtp8273943-24] INFO  REQUEST 30 - GET	/product/37/customer	17ms	{}
17:33:40.626 [qtp8273943-24] INFO  REQUEST 30 - GET	/product/37/comment	4ms	{}
17:33:40.648 [qtp8273943-22] INFO  REQUEST 30 - POST	/kill	8ms	{}
17:33:59.451 [qtp8273943-21] INFO  REQUEST 30 - GET	/product/37/customer	291ms	{count=[2],start=[0]}
17:34:36.281 [qtp8273943-25] INFO  REQUEST 30 - GET	/product/37/customer	53ms	{count=[2],start=[0]}
17:34:36.323 [qtp8273943-21] INFO  REQUEST 30 - POST	/kill	22ms	{}
17:35:30.717 [qtp8273943-22] INFO  REQUEST 30 - GET	/participant/30	36ms	{}
17:36:22.223 [qtp8273943-23] INFO  REQUEST 30 - GET	/participant/30	32ms	{}
17:36:22.244 [qtp8273943-24] INFO  REQUEST 30 - POST	/kill	5ms	{}
17:38:41.309 [qtp8273943-22] INFO  REQUEST 30 - POST	/participant	6ms	{participant=[{"userId":3,"name"="宝宝","sex"="女","birthday":"2015-09-09"}]}
17:39:06.278 [qtp8273943-23] INFO  REQUEST 30 - POST	/participant	9ms	{participant=[{"userId":3,"name":"宝宝","sex":"女","birthday":"2015-09-09"}]}
17:40:00.226 [qtp8273943-23] INFO  REQUEST 30 - GET	/participant/30	32ms	{}
17:41:39.017 [qtp8273943-24] INFO  REQUEST 30 - POST	/participant	5ms	{participant=[{ "birthday": "2015-09-09", "name": "宝", "sex": "女", "userId": 3}]}
17:43:53.307 [qtp8273943-24] INFO  REQUEST 30 - PUT	/participant	8ms	{participant=[{ "birthday": "2015-09-09", "name": "宝", "sex": "女", "userId": 3}]}
17:44:34.947 [qtp8273943-24] INFO  REQUEST 30 - PUT	/participant	2ms	{participant=[{ "birthday": "2015-09-09", "name": "宝", "sex": "女", "userId": 3}]}
17:45:45.057 [qtp8273943-26] INFO  REQUEST 30 - PUT	/participant	2ms	{participant=[{"id":31,"birthday": "2015-09-09", "name": "宝", "sex": "女", "userId": 3}]}
17:47:11.484 [qtp8273943-25] INFO  REQUEST 30 - POST	/kill	5ms	{}
17:47:53.383 [qtp8273943-26] INFO  REQUEST 30 - GET	/participant	85ms	{utoken=[]}
17:48:47.267 [qtp8273943-25] INFO  REQUEST 30 - GET	/participant	38ms	{utoken=[]}
17:48:47.293 [qtp8273943-26] INFO  REQUEST 30 - POST	/kill	6ms	{}
17:48:56.108 [qtp8273943-24] INFO  REQUEST 30 - GET	/participant	42ms	{utoken=[]}
17:48:56.133 [qtp8273943-25] INFO  REQUEST 30 - POST	/kill	8ms	{}
17:49:04.751 [qtp8273943-24] INFO  REQUEST 30 - GET	/product/27/sku	26ms	{}
17:49:04.860 [qtp8273943-26] INFO  REQUEST 30 - GET	/user/3	67ms	{}
17:49:04.913 [qtp8273943-23] INFO  REQUEST 30 - GET	/user/3/order	7ms	{}
17:49:04.999 [qtp8273943-25] INFO  REQUEST 30 - GET	/user	19ms	{utoken=[]}
17:49:05.043 [qtp8273943-22] INFO  REQUEST 30 - PUT	/user/avatar	3ms	{}
17:49:05.099 [qtp8273943-21] INFO  REQUEST 30 - PUT	/user/name	1ms	{}
17:49:05.173 [qtp8273943-24] INFO  REQUEST 30 - PUT	/user/sex	2ms	{}
17:49:05.221 [qtp8273943-22] INFO  REQUEST 30 - PUT	/user/city	2ms	{}
17:49:05.279 [qtp8273943-26] INFO  REQUEST 30 - PUT	/user/address	1ms	{}
17:49:05.350 [qtp8273943-24] INFO  REQUEST 30 - POST	/participant	4ms	{}
17:49:05.420 [qtp8273943-22] INFO  REQUEST 30 - GET	/participant/30	22ms	{utoken=[]}
17:49:05.510 [qtp8273943-26] INFO  REQUEST 30 - GET	/participant	37ms	{utoken=[]}
17:49:05.584 [qtp8273943-24] INFO  REQUEST 30 - GET	/user/3	30ms	{}
17:49:05.641 [qtp8273943-25] INFO  REQUEST 30 - GET	/user	22ms	{utoken=[]}
17:49:05.726 [qtp8273943-22] INFO  REQUEST 30 - PUT	/user/avatar	61ms	{avatar=[http://s.momia.cn/test/admin],utoken=[]}
17:49:05.811 [qtp8273943-23] INFO  REQUEST 30 - PUT	/user/name	62ms	{utoken=[],name=[吴秋枫]}
17:49:05.892 [qtp8273943-25] INFO  REQUEST 30 - PUT	/user/sex	56ms	{utoken=[],sex=[男]}
17:49:06.075 [qtp8273943-21] INFO  REQUEST 30 - PUT	/user/birthday	130ms	{birthday=[1986-01-01],utoken=[]}
17:49:06.154 [qtp8273943-23] INFO  REQUEST 30 - PUT	/user/city	60ms	{utoken=[],city=[1]}
17:49:06.238 [qtp8273943-25] INFO  REQUEST 30 - PUT	/user/address	64ms	{address=[上海市长宁区长宁路969号],utoken=[]}
17:49:06.418 [qtp8273943-24] INFO  REQUEST 30 - GET	/product/37/place	52ms	{}
17:49:06.457 [qtp8273943-25] INFO  REQUEST 30 - GET	/product/37/sku	19ms	{}
17:49:06.614 [qtp8273943-26] INFO  REQUEST 30 - GET	/product/37/customer	64ms	{count=[2],start=[0]}
17:49:06.670 [qtp8273943-25] INFO  REQUEST 30 - GET	/participant/30	18ms	{}
17:49:06.753 [qtp8273943-26] INFO  REQUEST 30 - GET	/participant	34ms	{utoken=[]}
17:49:06.819 [qtp8273943-23] INFO  REQUEST 30 - POST	/kill	31ms	{}
17:50:46.759 [qtp8273943-26] INFO  REQUEST 30 - POST	/kill	5ms	{}
17:52:52.489 [qtp8273943-24] INFO  REQUEST 30 - GET	/product/27/sku	18ms	{}
17:52:52.546 [qtp8273943-23] INFO  REQUEST 30 - GET	/user/3	18ms	{}
17:52:52.606 [qtp8273943-22] INFO  REQUEST 30 - GET	/user/3/order	15ms	{}
17:52:52.681 [qtp8273943-28] INFO  REQUEST 30 - GET	/user	21ms	{utoken=[]}
17:52:52.719 [qtp8273943-21] INFO  REQUEST 30 - PUT	/user/avatar	1ms	{}
17:52:52.777 [qtp8273943-29] INFO  REQUEST 30 - PUT	/user/name	1ms	{}
17:52:52.851 [qtp8273943-28] INFO  REQUEST 30 - PUT	/user/sex	1ms	{}
17:52:52.897 [qtp8273943-21] INFO  REQUEST 30 - PUT	/user/city	1ms	{}
17:52:52.934 [qtp8273943-23] INFO  REQUEST 30 - PUT	/user/address	1ms	{}
17:52:52.977 [qtp8273943-29] INFO  REQUEST 30 - POST	/participant	3ms	{}
17:52:53.034 [qtp8273943-24] INFO  REQUEST 30 - GET	/participant/30	18ms	{utoken=[]}
17:52:53.120 [qtp8273943-28] INFO  REQUEST 30 - GET	/participant	37ms	{utoken=[]}
17:52:53.174 [qtp8273943-23] INFO  REQUEST 30 - GET	/user/3	17ms	{}
17:52:53.214 [qtp8273943-22] INFO  REQUEST 30 - GET	/user	16ms	{utoken=[]}
17:52:53.288 [qtp8273943-29] INFO  REQUEST 30 - PUT	/user/avatar	54ms	{avatar=[http://s.momia.cn/test/admin],utoken=[]}
17:52:53.374 [qtp8273943-24] INFO  REQUEST 30 - PUT	/user/name	64ms	{utoken=[],name=[吴秋枫]}
17:52:53.448 [qtp8273943-28] INFO  REQUEST 30 - PUT	/user/sex	53ms	{utoken=[],sex=[男]}
17:52:53.530 [qtp8273943-23] INFO  REQUEST 30 - PUT	/user/birthday	56ms	{birthday=[1986-01-01],utoken=[]}
17:52:53.602 [qtp8273943-29] INFO  REQUEST 30 - PUT	/user/city	49ms	{utoken=[],city=[1]}
17:52:53.691 [qtp8273943-21] INFO  REQUEST 30 - PUT	/user/address	57ms	{address=[上海市长宁区长宁路969号],utoken=[]}
17:52:53.878 [qtp8273943-22] INFO  REQUEST 30 - GET	/product/37/place	52ms	{}
17:52:53.920 [qtp8273943-21] INFO  REQUEST 30 - GET	/product/37/sku	18ms	{}
17:52:54.049 [qtp8273943-23] INFO  REQUEST 30 - GET	/product/37/customer	54ms	{count=[2],start=[0]}
17:52:54.108 [qtp8273943-21] INFO  REQUEST 30 - GET	/participant/30	17ms	{}
17:52:54.183 [qtp8273943-23] INFO  REQUEST 30 - GET	/participant	39ms	{utoken=[]}
17:52:54.212 [qtp8273943-22] INFO  REQUEST 30 - POST	/kill	6ms	{}
17:55:58.473 [qtp8273943-28] INFO  REQUEST 30 - GET	/product/27/sku	21ms	{}
17:55:58.536 [qtp8273943-24] INFO  REQUEST 30 - GET	/user/3	22ms	{}
17:55:58.580 [qtp8273943-29] INFO  REQUEST 30 - GET	/user/3/order	5ms	{}
17:55:58.661 [qtp8273943-28] INFO  REQUEST 30 - GET	/user	20ms	{utoken=[]}
17:55:58.707 [qtp8273943-30] INFO  REQUEST 30 - PUT	/user/avatar	1ms	{}
17:55:58.748 [qtp8273943-21] INFO  REQUEST 30 - PUT	/user/name	2ms	{}
17:55:58.813 [qtp8273943-24] INFO  REQUEST 30 - PUT	/user/sex	1ms	{}
17:55:58.865 [qtp8273943-29] INFO  REQUEST 30 - PUT	/user/city	1ms	{}
17:55:58.905 [qtp8273943-30] INFO  REQUEST 30 - PUT	/user/address	1ms	{}
17:55:58.947 [qtp8273943-21] INFO  REQUEST 30 - POST	/participant	3ms	{}
17:55:59.006 [qtp8273943-29] INFO  REQUEST 30 - GET	/participant/30	20ms	{utoken=[]}
17:55:59.166 [qtp8273943-30] INFO  REQUEST 30 - GET	/participant	42ms	{utoken=[]}
17:55:59.244 [qtp8273943-24] INFO  REQUEST 30 - GET	/user/3	19ms	{}
17:55:59.297 [qtp8273943-23] INFO  REQUEST 30 - GET	/user	26ms	{utoken=[]}
17:55:59.373 [qtp8273943-29] INFO  REQUEST 30 - PUT	/user/avatar	52ms	{avatar=[http://s.momia.cn/test/admin],utoken=[]}
17:55:59.448 [qtp8273943-30] INFO  REQUEST 30 - PUT	/user/name	51ms	{utoken=[],name=[吴秋枫]}
17:55:59.546 [qtp8273943-24] INFO  REQUEST 30 - PUT	/user/sex	57ms	{utoken=[],sex=[男]}
17:55:59.623 [qtp8273943-23] INFO  REQUEST 30 - PUT	/user/birthday	53ms	{birthday=[1986-01-01],utoken=[]}
17:55:59.711 [qtp8273943-28] INFO  REQUEST 30 - PUT	/user/city	57ms	{utoken=[],city=[1]}
17:55:59.799 [qtp8273943-30] INFO  REQUEST 30 - PUT	/user/address	61ms	{address=[上海市长宁区长宁路969号],utoken=[]}
17:55:59.985 [qtp8273943-28] INFO  REQUEST 30 - GET	/product/37/place	54ms	{}
17:56:00.028 [qtp8273943-24] INFO  REQUEST 30 - GET	/product/37/sku	19ms	{}
17:56:00.177 [qtp8273943-23] INFO  REQUEST 30 - GET	/product/37/customer	59ms	{count=[2],start=[0]}
17:56:00.232 [qtp8273943-21] INFO  REQUEST 30 - GET	/participant/30	20ms	{}
17:56:00.304 [qtp8273943-28] INFO  REQUEST 30 - GET	/participant	36ms	{utoken=[]}
17:56:00.336 [qtp8273943-30] INFO  REQUEST 30 - POST	/kill	4ms	{}
18:28:10.823 [qtp3266290-22] INFO  REQUEST 30 - GET	/user/3	897ms	{}
18:28:10.890 [qtp3266290-26] INFO  REQUEST 30 - GET	/user	48ms	{utoken=[]}
18:28:10.961 [qtp3266290-21] INFO  REQUEST 30 - PUT	/user/avatar	47ms	{avatar=[http://s.momia.cn/test/admin],utoken=[]}
18:28:11.028 [qtp3266290-23] INFO  REQUEST 30 - PUT	/user/name	47ms	{utoken=[],name=[吴秋枫]}
18:28:11.094 [qtp3266290-24] INFO  REQUEST 30 - PUT	/user/sex	44ms	{utoken=[],sex=[男]}
18:28:11.178 [qtp3266290-25] INFO  REQUEST 30 - PUT	/user/birthday	62ms	{birthday=[1986-01-01],utoken=[]}
18:28:11.251 [qtp3266290-22] INFO  REQUEST 30 - PUT	/user/city	54ms	{utoken=[],city=[1]}
18:28:11.326 [qtp3266290-21] INFO  REQUEST 30 - PUT	/user/address	45ms	{address=[上海市长宁区长宁路969号],utoken=[]}
18:28:11.554 [qtp3266290-23] INFO  REQUEST 30 - GET	/product	211ms	{count=[2],start=[0]}
18:28:11.621 [qtp3266290-24] INFO  REQUEST 30 - GET	/product/37	50ms	{}
18:28:11.699 [qtp3266290-25] INFO  REQUEST 30 - GET	/product/37/place	61ms	{}
18:28:11.795 [qtp3266290-26] INFO  REQUEST 30 - GET	/product/37/sku	69ms	{}
18:28:11.999 [qtp3266290-21] INFO  REQUEST 30 - GET	/product/37/customer	185ms	{count=[2],start=[0]}
18:28:12.084 [qtp3266290-25] INFO  REQUEST 30 - GET	/participant/30	25ms	{}
18:28:12.163 [qtp3266290-23] INFO  REQUEST 30 - GET	/participant	40ms	{utoken=[]}
18:28:12.212 [qtp3266290-24] INFO  REQUEST 30 - POST	/kill	24ms	{}
18:32:55.959 [qtp3266290-28] INFO  REQUEST 30 - POST	/kill	12ms	{}
18:33:30.818 [qtp3266290-26] INFO  REQUEST 30 - POST	/kill	6ms	{}
18:33:52.378 [qtp3266290-27] INFO  REQUEST 30 - POST	/kill	7ms	{}
18:34:15.931 [qtp3266290-23] INFO  REQUEST 30 - GET	/user/3	15ms	{}
18:34:15.969 [qtp3266290-26] INFO  REQUEST 30 - GET	/user	17ms	{utoken=[]}
18:34:16.030 [qtp3266290-28] INFO  REQUEST 30 - PUT	/user/avatar	42ms	{avatar=[http://s.momia.cn/test/admin],utoken=[]}
18:34:16.099 [qtp3266290-24] INFO  REQUEST 30 - PUT	/user/name	48ms	{utoken=[],name=[吴秋枫]}
18:34:16.165 [qtp3266290-27] INFO  REQUEST 30 - PUT	/user/sex	48ms	{utoken=[],sex=[男]}
18:34:16.236 [qtp3266290-23] INFO  REQUEST 30 - PUT	/user/birthday	46ms	{birthday=[1986-01-01],utoken=[]}
18:34:16.294 [qtp3266290-26] INFO  REQUEST 30 - PUT	/user/city	41ms	{utoken=[],city=[1]}
18:34:16.358 [qtp3266290-28] INFO  REQUEST 30 - PUT	/user/address	41ms	{address=[上海市长宁区长宁路969号],utoken=[]}
18:34:16.432 [qtp3266290-27] INFO  REQUEST 30 - GET	/product	52ms	{count=[2],start=[0]}
18:34:16.488 [qtp3266290-23] INFO  REQUEST 30 - GET	/product/37	35ms	{}
18:34:16.552 [qtp3266290-26] INFO  REQUEST 30 - GET	/product/37/place	43ms	{}
18:34:16.598 [qtp3266290-25] INFO  REQUEST 30 - GET	/product/37/sku	23ms	{}
18:34:16.672 [qtp3266290-28] INFO  REQUEST 30 - GET	/product/37/customer	52ms	{count=[2],start=[0]}
18:34:16.731 [qtp3266290-27] INFO  REQUEST 30 - GET	/participant/30	24ms	{}
18:34:16.804 [qtp3266290-25] INFO  REQUEST 30 - GET	/participant	36ms	{utoken=[]}
18:34:16.839 [qtp3266290-28] INFO  REQUEST 30 - POST	/kill	10ms	{}
18:36:16.656 [qtp3266290-29] INFO  REQUEST 30 - GET	/product	90ms	{count=[1],start=[0]}
18:40:09.877 [qtp3266290-24] INFO  REQUEST 30 - POST	/kill	13ms	{}
18:40:17.377 [qtp3266290-25] INFO  REQUEST 30 - POST	/kill	5ms	{}
18:41:05.013 [qtp3266290-25] INFO  REQUEST 30 - POST	/kill	10ms	{}
18:41:19.610 [qtp3266290-25] INFO  REQUEST 30 - GET	/product/37	118ms	{}
18:41:19.648 [qtp3266290-29] INFO  REQUEST 30 - POST	/kill	12ms	{}
18:42:18.558 [qtp3266290-24] INFO  REQUEST 30 - GET	/product/37/sku	22ms	{}
18:42:18.594 [qtp3266290-23] INFO  REQUEST 30 - POST	/kill	17ms	{}
18:44:12.907 [qtp3266290-28] INFO  REQUEST 30 - GET	/product/37/sku	31ms	{}
18:44:12.935 [qtp3266290-23] INFO  REQUEST 30 - POST	/kill	5ms	{}
18:44:19.204 [qtp3266290-25] INFO  REQUEST 30 - GET	/product/37/sku	25ms	{}
18:44:19.232 [qtp3266290-29] INFO  REQUEST 30 - POST	/kill	5ms	{}
18:44:26.948 [qtp3266290-28] INFO  REQUEST 30 - GET	/product/37/sku	22ms	{}
18:44:26.978 [qtp3266290-30] INFO  REQUEST 30 - POST	/kill	11ms	{}
18:44:32.611 [qtp3266290-30] INFO  REQUEST 30 - GET	/product/37/sku	22ms	{}
18:44:32.634 [qtp3266290-25] INFO  REQUEST 30 - POST	/kill	6ms	{}
18:44:42.986 [qtp3266290-29] INFO  REQUEST 30 - GET	/product/37/sku	21ms	{}
18:44:43.024 [qtp3266290-28] INFO  REQUEST 30 - POST	/kill	19ms	{}
18:44:55.551 [qtp3266290-23] INFO  REQUEST 30 - GET	/product/37/sku	20ms	{}
18:44:55.579 [qtp3266290-29] INFO  REQUEST 30 - POST	/kill	10ms	{}
18:45:14.788 [qtp3266290-25] INFO  REQUEST 30 - GET	/product/37/sku	23ms	{}
18:45:14.817 [qtp3266290-23] INFO  REQUEST 30 - POST	/kill	11ms	{}
18:45:36.913 [qtp3266290-25] INFO  REQUEST 30 - POST	/kill	6ms	{}
18:45:58.507 [qtp3266290-29] INFO  REQUEST 30 - POST	/kill	10ms	{}
18:47:36.983 [qtp3266290-24] INFO  REQUEST 30 - GET	/user/3	24ms	{}
18:47:37.010 [qtp3266290-25] INFO  REQUEST 30 - POST	/kill	5ms	{}
18:47:42.322 [qtp3266290-25] INFO  REQUEST 30 - GET	/user	19ms	{utoken=[]}
18:47:42.346 [qtp3266290-23] INFO  REQUEST 30 - POST	/kill	4ms	{}
18:47:48.105 [qtp3266290-23] INFO  REQUEST 30 - PUT	/user/avatar	51ms	{avatar=[http://s.momia.cn/test/admin],utoken=[]}
18:47:48.129 [qtp3266290-28] INFO  REQUEST 30 - POST	/kill	4ms	{}
18:48:01.573 [qtp3266290-28] INFO  REQUEST 30 - PUT	/user/name	42ms	{utoken=[],name=[吴秋枫]}
18:48:01.655 [qtp3266290-29] INFO  REQUEST 30 - PUT	/user/sex	52ms	{utoken=[],sex=[男]}
18:48:01.718 [qtp3266290-24] INFO  REQUEST 30 - PUT	/user/birthday	45ms	{birthday=[1986-01-01],utoken=[]}
18:48:01.779 [qtp3266290-25] INFO  REQUEST 30 - PUT	/user/city	41ms	{utoken=[],city=[1]}
18:48:01.845 [qtp3266290-30] INFO  REQUEST 30 - PUT	/user/address	43ms	{address=[上海市长宁区长宁路969号],utoken=[]}
18:48:01.877 [qtp3266290-29] INFO  REQUEST 30 - POST	/kill	12ms	{}
18:48:12.325 [qtp3266290-29] INFO  REQUEST 30 - GET	/product	351ms	{count=[2],start=[0]}
18:48:12.349 [qtp3266290-25] INFO  REQUEST 30 - POST	/kill	4ms	{}
18:48:17.696 [qtp3266290-24] INFO  REQUEST 30 - GET	/product/37	31ms	{}
18:48:17.725 [qtp3266290-25] INFO  REQUEST 30 - POST	/kill	9ms	{}
18:48:23.812 [qtp3266290-25] INFO  REQUEST 30 - GET	/product/37/place	54ms	{}
18:48:23.842 [qtp3266290-30] INFO  REQUEST 30 - POST	/kill	11ms	{}
18:48:28.832 [qtp3266290-30] INFO  REQUEST 30 - GET	/product/37/sku	22ms	{}
18:48:28.855 [qtp3266290-23] INFO  REQUEST 30 - POST	/kill	5ms	{}
18:48:37.213 [qtp3266290-29] INFO  REQUEST 30 - GET	/product/37/customer	55ms	{count=[2],start=[0]}
18:48:37.247 [qtp3266290-23] INFO  REQUEST 30 - POST	/kill	9ms	{}
18:48:43.484 [qtp3266290-24] INFO  REQUEST 30 - POST	/kill	4ms	{}
18:48:51.438 [qtp3266290-25] INFO  REQUEST 30 - GET	/participant/30	20ms	{}
18:48:51.470 [qtp3266290-30] INFO  REQUEST 30 - POST	/kill	10ms	{}
18:48:57.677 [qtp3266290-23] INFO  REQUEST 30 - POST	/kill	4ms	{}
18:49:04.233 [qtp3266290-23] INFO  REQUEST 30 - GET	/participant	34ms	{utoken=[]}
18:49:04.254 [qtp3266290-28] INFO  REQUEST 30 - POST	/kill	4ms	{}
18:50:16.364 [qtp3266290-25] INFO  REQUEST 30 - POST	/kill	5ms	{}
19:14:51.167 [qtp3266290-29] INFO  REQUEST 30 - POST	/kill	4ms	{}
19:16:16.031 [qtp3266290-23] INFO  REQUEST 30 - POST	/kill	3ms	{}
