17:02:33.795 [qtp21673653-24] INFO  REQUEST 30 - GET	/user/10	593ms	{sign=[4e9f91384b48876d1daf71d623d77e21],expired=[1500000000000]}
17:02:34.005 [qtp21673653-20] INFO  REQUEST 30 - GET	/favicon.ico	6ms	{}
17:03:35.746 [qtp21673653-24] INFO  REQUEST 30 - GET	/user/1/participant	15ms	{sign=[4e9f91384b48876d1daf71d623d77e21],expired=[1500000000000]}
17:05:10.502 [qtp21673653-22] INFO  REQUEST 30 - GET	/user/1	52ms	{sign=[4e9f91384b48876d1daf71d623d77e21],expired=[1500000000000]}
17:05:23.074 [qtp21673653-24] INFO  REQUEST 30 - GET	/user/1/participant	11ms	{sign=[4e9f91384b48876d1daf71d623d77e21],expired=[1500000000000]}
17:06:41.090 [qtp21673653-23] INFO  REQUEST 30 - GET	/user/1/participant	296ms	{sign=[4e9f91384b48876d1daf71d623d77e21],expired=[1500000000000]}
17:07:24.788 [qtp21673653-25] INFO  REQUEST 30 - GET	/user/1/participant	315ms	{sign=[4e9f91384b48876d1daf71d623d77e21],expired=[1500000000000]}
17:09:00.476 [qtp2173136-20] INFO  REQUEST 30 - GET	/user/1/participant	289ms	{sign=[4e9f91384b48876d1daf71d623d77e21],expired=[1500000000000]}
17:09:08.562 [qtp2173136-20] INFO  REQUEST 30 - GET	/user/1/participant	28ms	{sign=[4e9f91384b48876d1daf71d623d77e21],expired=[1500000000000]}
17:09:45.732 [qtp21673653-21] INFO  REQUEST 30 - GET	/user/1/participant	279ms	{sign=[4e9f91384b48876d1daf71d623d77e21],expired=[1500000000000]}
17:09:47.244 [qtp21673653-24] INFO  REQUEST 30 - GET	/user/1/participant	16ms	{sign=[4e9f91384b48876d1daf71d623d77e21],expired=[1500000000000]}
17:09:48.071 [qtp21673653-21] INFO  REQUEST 30 - GET	/user/1/participant	24ms	{sign=[4e9f91384b48876d1daf71d623d77e21],expired=[1500000000000]}
17:09:48.816 [qtp21673653-23] INFO  REQUEST 30 - GET	/user/1/participant	21ms	{sign=[4e9f91384b48876d1daf71d623d77e21],expired=[1500000000000]}
17:10:04.906 [qtp21673653-20] INFO  REQUEST 30 - GET	/user/1/participant	171ms	{sign=[4e9f91384b48876d1daf71d623d77e21],expired=[1500000000000]}
17:10:06.277 [qtp21673653-23] INFO  REQUEST 30 - GET	/user/1/participant	17ms	{sign=[4e9f91384b48876d1daf71d623d77e21],expired=[1500000000000]}
17:10:21.433 [qtp24813241-20] INFO  REQUEST 30 - GET	/user/1/participant	290ms	{sign=[4e9f91384b48876d1daf71d623d77e21],expired=[1500000000000]}
17:12:15.190 [qtp24813241-21] INFO  REQUEST 30 - GET	/user/1/participant	292ms	{sign=[4e9f91384b48876d1daf71d623d77e21],expired=[1500000000000]}
17:12:23.696 [qtp24813241-23] INFO  REQUEST 30 - GET	/user/2/participant	19ms	{sign=[4e9f91384b48876d1daf71d623d77e21],expired=[1500000000000]}
17:36:43.778 [qtp21673653-20] INFO  REQUEST 30 - GET	/user/1/participant/1	293ms	{sign=[4e9f91384b48876d1daf71d623d77e21],expired=[1500000000000]}
17:37:25.615 [qtp21673653-23] INFO  REQUEST 30 - GET	/user/1/participant/1	497ms	{sign=[4e9f91384b48876d1daf71d623d77e21],expired=[1500000000000]}
17:38:03.189 [qtp21673653-21] INFO  REQUEST 30 - GET	/user/1/participant/2	64ms	{sign=[4e9f91384b48876d1daf71d623d77e21],expired=[1500000000000]}
17:50:54.957 [qtp21673653-18] INFO  REQUEST 30 - GET	/favicon.ico	28ms	{}
17:54:51.410 [qtp21673653-23] INFO  REQUEST 30 - GET	/user/10	68ms	{sign=[4e9f91384b48876d1daf71d623d77e21],expired=[1500000000000]}
18:00:04.497 [qtp21673653-21] INFO  REQUEST 30 - GET	/favicon.ico	4ms	{}
18:25:47.254 [qtp21673653-18] INFO  REQUEST 30 - GET	/user/10	472ms	{sign=[4e9f91384b48876d1daf71d623d77e21],expired=[1500000000000]}
18:26:02.773 [qtp21673653-24] INFO  REQUEST 30 - GET	/user/1/participant	106ms	{sign=[4e9f91384b48876d1daf71d623d77e21],expired=[1500000000000]}
18:26:08.647 [qtp21673653-22] INFO  REQUEST 30 - GET	/user/1/participant/2	23ms	{sign=[4e9f91384b48876d1daf71d623d77e21],expired=[1500000000000]}
18:27:15.295 [qtp21673653-18] INFO  REQUEST 30 - PUT	/user/1/participant/2	20ms	{sign=[4e9f91384b48876d1daf71d623d77e21],sex=[0],expired=[1500000000000]}
18:29:20.865 [qtp5204240-22] INFO  REQUEST 30 - PUT	/user/1/participant/2	65ms	{sign=[4e9f91384b48876d1daf71d623d77e21],expired=[1500000000000]}
18:29:27.284 [qtp5204240-25] INFO  REQUEST 30 - PUT	/user/1/participant/2	12ms	{sign=[4e9f91384b48876d1daf71d623d77e21],expired=[1500000000000]}
18:31:07.542 [qtp5204240-24] INFO  REQUEST 30 - PUT	/user/1/participant/2	10ms	{sign=[4e9f91384b48876d1daf71d623d77e21],expired=[1500000000000],participantName=[123]}
18:33:10.713 [qtp21673653-23] INFO  REQUEST 30 - PUT	/user/1/participant/2/name	278ms	{sign=[4e9f91384b48876d1daf71d623d77e21],name=[123],expired=[1500000000000]}
18:33:23.359 [qtp21673653-21] INFO  REQUEST 30 - PUT	/user/1/participant/2/sex	25ms	{sign=[4e9f91384b48876d1daf71d623d77e21],sex=[1],expired=[1500000000000]}
18:34:00.707 [qtp21673653-24] INFO  REQUEST 30 - PUT	/user/1/participant/2/birthday	58ms	{sign=[4e9f91384b48876d1daf71d623d77e21],birthday=[1991-1-1],expired=[1500000000000]}
18:34:07.527 [qtp21673653-23] INFO  REQUEST 30 - PUT	/user/1/participant/2/birthday	4ms	{sign=[4e9f91384b48876d1daf71d623d77e21],birthday=[1991-1-1],expired=[1500000000000]}
18:34:11.029 [qtp21673653-24] INFO  REQUEST 30 - PUT	/user/1/participant/2/birthday	5ms	{sign=[4e9f91384b48876d1daf71d623d77e21],birthday=[1991-1-1],expired=[1500000000000]}
18:41:45.314 [qtp16682368-21] INFO  REQUEST 30 - PUT	/user/1/participant/2/birthday	105ms	{sign=[4e9f91384b48876d1daf71d623d77e21],birthday=[2011-07-09],expired=[1500000000000]}
18:55:57.230 [qtp5204240-24] INFO  REQUEST 30 - GET	/product/1/	370ms	{sign=[4e9f91384b48876d1daf71d623d77e21],expired=[1500000000000]}
18:59:07.657 [qtp21673653-22] INFO  REQUEST 30 - GET	/product/2/	294ms	{sign=[4e9f91384b48876d1daf71d623d77e21],expired=[1500000000000]}
19:00:58.657 [qtp21673653-21] INFO  REQUEST 30 - GET	/product/22/	132ms	{sign=[4e9f91384b48876d1daf71d623d77e21],expired=[1500000000000]}
19:25:04.624 [qtp24813241-21] INFO  REQUEST 30 - PUT	/user/1/participant/2/sex	355ms	{sign=[4e9f91384b48876d1daf71d623d77e21],sex=[1],expired=[1500000000000]}
19:27:02.863 [qtp24813241-19] INFO  REQUEST 30 - PUT	/user/1/participant/2/birthday	333ms	{sign=[4e9f91384b48876d1daf71d623d77e21],birthday=[1990-9-09],expired=[1500000000000]}
