09:41:13.022 [qtp2173136-21] INFO  REQUEST 30 - GET	/product	354ms	{count=[2],start=[1],query=[],city=[1]}
09:41:23.029 [qtp2173136-24] INFO  REQUEST 30 - GET	/product	332ms	{count=[2],start=[0],query=[],city=[1]}
09:42:19.126 [qtp2173136-23] INFO  REQUEST 30 - GET	/product	55ms	{count=[2],start=[0],query=[],city=[1]}
09:42:19.182 [qtp2173136-25] INFO  REQUEST 30 - POST	/kill	29ms	{}
09:42:25.342 [qtp2173136-23] INFO  REQUEST 30 - GET	/product/1	70ms	{}
09:42:25.475 [qtp2173136-20] INFO  REQUEST 30 - GET	/product/1/sku	118ms	{}
09:42:25.486 [qtp2173136-25] INFO  REQUEST 30 - GET	/product/1/place	207ms	{}
09:42:25.767 [qtp2173136-22] INFO  REQUEST 30 - POST	/kill	12ms	{}
09:42:49.467 [qtp2173136-23] INFO  REQUEST 30 - GET	/product/1	54ms	{}
09:42:49.484 [qtp2173136-21] INFO  REQUEST 30 - GET	/product/1/place	60ms	{}
09:42:49.513 [qtp2173136-25] INFO  REQUEST 30 - GET	/product/1/sku	39ms	{}
09:49:16.707 [qtp2173136-21] INFO  REQUEST 30 - GET	/product/1	65ms	{}
09:49:16.728 [qtp2173136-20] INFO  REQUEST 30 - GET	/product/1/place	67ms	{}
09:49:16.739 [qtp2173136-21] INFO  REQUEST 30 - GET	/product/1/sku	28ms	{}
09:49:16.938 [qtp2173136-22] INFO  REQUEST 30 - GET	/product/1/customer	205ms	{count=[6],start=[0]}
09:49:21.371 [qtp2173136-21] INFO  REQUEST 30 - GET	/product/1	56ms	{}
09:49:21.384 [qtp2173136-23] INFO  REQUEST 30 - GET	/product/1/place	52ms	{}
09:49:21.396 [qtp2173136-24] INFO  REQUEST 30 - GET	/product/1/sku	22ms	{}
09:49:21.555 [qtp2173136-23] INFO  REQUEST 30 - GET	/product/1/customer	168ms	{count=[6],start=[0]}
09:51:06.884 [qtp21673653-23] INFO  REQUEST 30 - GET	/product/1/customer	449ms	{count=[6],start=[0]}
09:51:06.908 [qtp21673653-22] INFO  REQUEST 30 - GET	/product/1	474ms	{}
09:51:07.120 [qtp21673653-25] INFO  REQUEST 30 - GET	/product/1/place	190ms	{}
09:51:07.124 [qtp21673653-20] INFO  REQUEST 30 - GET	/product/1/sku	191ms	{}
09:57:36.177 [qtp21673653-20] INFO  REQUEST 30 - GET	/product/1	80ms	{}
09:57:36.217 [qtp21673653-22] INFO  REQUEST 30 - GET	/product/1/place	86ms	{}
09:57:36.229 [qtp21673653-20] INFO  REQUEST 30 - GET	/product/1/sku	43ms	{}
09:57:36.282 [qtp21673653-25] INFO  REQUEST 30 - GET	/product/1/customer	62ms	{count=[6],start=[0]}
09:58:34.398 [qtp5204240-24] INFO  REQUEST 30 - GET	/product/1/place	406ms	{}
09:58:34.425 [qtp5204240-23] INFO  REQUEST 30 - GET	/product/1	436ms	{}
09:58:34.558 [qtp5204240-23] INFO  REQUEST 30 - GET	/product/1/sku	131ms	{}
09:58:34.597 [qtp5204240-20] INFO  REQUEST 30 - GET	/product/1/customer	187ms	{count=[6],start=[0]}
09:58:57.330 [qtp5204240-24] INFO  REQUEST 30 - GET	/product/1/sku	17ms	{}
09:58:57.339 [qtp5204240-25] INFO  REQUEST 30 - GET	/product/1	35ms	{}
09:58:57.381 [qtp5204240-23] INFO  REQUEST 30 - GET	/product/1/place	49ms	{}
09:58:57.391 [qtp5204240-20] INFO  REQUEST 30 - GET	/product/1/customer	48ms	{count=[6],start=[0]}
09:58:57.463 [qtp5204240-21] INFO  REQUEST 30 - GET	/product/1	35ms	{}
09:58:57.504 [qtp5204240-22] INFO  REQUEST 30 - POST	/kill	19ms	{}
10:05:06.509 [qtp5204240-25] INFO  REQUEST 30 - GET	/product/1	53ms	{}
10:05:06.512 [qtp5204240-20] INFO  REQUEST 30 - GET	/product/1/sku	25ms	{}
10:05:06.589 [qtp5204240-20] INFO  REQUEST 30 - GET	/product/1/place	72ms	{}
10:05:06.591 [qtp5204240-21] INFO  REQUEST 30 - GET	/product/1/customer	74ms	{count=[6],start=[0]}
10:05:13.250 [qtp5204240-20] INFO  REQUEST 30 - GET	/product/2	19ms	{}
10:05:13.261 [qtp5204240-21] INFO  REQUEST 30 - GET	/product/2/place	21ms	{}
10:05:13.272 [qtp5204240-20] INFO  REQUEST 30 - GET	/product/2/sku	20ms	{}
10:05:18.976 [qtp5204240-21] INFO  REQUEST 30 - GET	/product/1/sku	27ms	{}
10:05:18.982 [qtp5204240-25] INFO  REQUEST 30 - GET	/product/1	62ms	{}
10:05:19.061 [qtp5204240-25] INFO  REQUEST 30 - GET	/product/1/customer	66ms	{count=[6],start=[0]}
10:05:19.068 [qtp5204240-20] INFO  REQUEST 30 - GET	/product/1/place	79ms	{}
10:10:39.526 [qtp5204240-22] INFO  REQUEST 30 - GET	/product/1/sku	22ms	{}
10:10:39.549 [qtp5204240-24] INFO  REQUEST 30 - GET	/product/1/place	45ms	{}
10:10:39.588 [qtp5204240-25] INFO  REQUEST 30 - GET	/product/1	35ms	{}
10:10:39.604 [qtp5204240-20] INFO  REQUEST 30 - GET	/product/1/customer	43ms	{count=[6],start=[0]}
10:12:46.926 [qtp5204240-22] INFO  REQUEST 30 - GET	/product/1/sku	16ms	{}
10:12:46.949 [qtp5204240-21] INFO  REQUEST 30 - GET	/product/1/place	43ms	{}
10:12:47.020 [qtp5204240-25] INFO  REQUEST 30 - GET	/product/1	43ms	{}
10:12:47.027 [qtp5204240-24] INFO  REQUEST 30 - GET	/product/1/customer	55ms	{count=[6],start=[0]}
10:38:51.116 [qtp21673653-23] INFO  REQUEST 30 - GET	/product/1/customer	550ms	{count=[6],start=[0]}
10:38:51.210 [qtp21673653-22] INFO  REQUEST 30 - GET	/product/1	644ms	{}
10:38:51.237 [qtp21673653-20] INFO  REQUEST 30 - GET	/product/1/sku	99ms	{}
10:38:51.315 [qtp21673653-18] INFO  REQUEST 30 - GET	/product/1/place	99ms	{}
10:51:54.441 [qtp21673653-23] INFO  REQUEST 30 - GET	/product/1	52ms	{}
10:51:54.591 [qtp21673653-21] INFO  REQUEST 30 - GET	/product/1/customer	121ms	{count=[6],start=[0]}
10:51:54.622 [qtp21673653-22] INFO  REQUEST 30 - GET	/product/1/sku	29ms	{}
10:51:54.627 [qtp21673653-25] INFO  REQUEST 30 - GET	/product/1/place	235ms	{}
10:56:04.163 [qtp21673653-21] INFO  REQUEST 30 - POST	/kill	14ms	{}
10:56:07.919 [qtp21673653-25] INFO  REQUEST 30 - GET	/product/1/customer	43ms	{count=[2],start=[0]}
10:56:07.979 [qtp21673653-23] INFO  REQUEST 30 - POST	/kill	11ms	{}
10:56:27.551 [qtp21673653-20] INFO  REQUEST 30 - GET	/product/1	117ms	{id=[1]}
10:56:27.738 [qtp21673653-25] INFO  REQUEST 30 - GET	/favicon.ico	13ms	{}
10:57:02.222 [qtp21673653-20] INFO  REQUEST 30 - GET	/product/1/customer	64ms	{count=[6],start=[0]}
11:03:51.774 [qtp23612352-23] INFO  REQUEST 30 - GET	/product/1/customer	339ms	{}
11:06:50.055 [qtp21673653-23] INFO  REQUEST 30 - GET	/product/1/customer	462ms	{count=[6],start=[0]}
11:07:27.829 [qtp21673653-24] INFO  REQUEST 30 - GET	/product/1/customer	197ms	{count=[6],start=[0]}
11:07:27.865 [qtp21673653-25] INFO  REQUEST 30 - GET	/product/1/place	227ms	{}
11:07:27.992 [qtp21673653-20] INFO  REQUEST 30 - GET	/product/1/sku	116ms	{}
11:07:28.002 [qtp21673653-21] INFO  REQUEST 30 - GET	/product/1	128ms	{}
11:07:46.800 [qtp21673653-20] INFO  REQUEST 30 - GET	/product/1	41ms	{}
11:07:46.812 [qtp21673653-22] INFO  REQUEST 30 - GET	/product/1/place	45ms	{}
11:07:46.821 [qtp21673653-21] INFO  REQUEST 30 - GET	/product/1/sku	19ms	{}
11:07:46.866 [qtp21673653-23] INFO  REQUEST 30 - GET	/product/1/customer	52ms	{count=[6],start=[0]}
11:07:46.952 [qtp21673653-25] INFO  REQUEST 30 - GET	/product/1/customer	48ms	{count=[2],start=[0]}
11:07:46.989 [qtp21673653-20] INFO  REQUEST 30 - POST	/kill	18ms	{}
11:12:05.445 [qtp21673653-23] INFO  REQUEST 30 - GET	/order	9ms	{utoken=[123],query=[]}
11:14:59.604 [qtp21673653-23] INFO  REQUEST 30 - GET	/user/1	97ms	{}
11:31:36.895 [qtp29502788-23] INFO  REQUEST 30 - GET	/user	396ms	{utoken=[e0cf43d271084a8db18aa98a97a536af]}
11:34:30.469 [qtp29502788-23] INFO  REQUEST 30 - GET	/user	19ms	{utoken=[e0cf43d271084a8db18aa98a97a536af]}
11:36:46.398 [qtp29502788-22] INFO  REQUEST 30 - POST	/participant	26ms	{}
11:38:27.486 [qtp29502788-24] INFO  REQUEST 30 - GET	/user	14ms	{utoken=[e0cf43d271084a8db18aa98a97a536af]}
11:39:56.192 [qtp29502788-24] INFO  REQUEST 30 - GET	/user	15ms	{utoken=[e0cf43d271084a8db18aa98a97a536af]}
11:42:31.922 [qtp29502788-21] INFO  REQUEST 30 - GET	/user	24ms	{utoken=[e0cf43d271084a8db18aa98a97a536af]}
11:43:13.584 [qtp29502788-21] INFO  REQUEST 30 - GET	/user	92ms	{utoken=[d689d685fb279ae6c8d6efae59d2ff94]}
11:44:46.980 [qtp2173136-23] INFO  REQUEST 30 - GET	/user	315ms	{utoken=[d689d685fb279ae6c8d6efae59d2ff94]}
11:44:47.258 [qtp2173136-20] INFO  REQUEST 30 - POST	/participant	174ms	{}
12:14:37.509 [qtp2173136-21] INFO  REQUEST 30 - GET	/banner	51ms	{count=[3],city=[1]}
12:14:37.724 [qtp2173136-23] INFO  REQUEST 30 - GET	/product	261ms	{count=[10],start=[0],city=[1]}
12:14:37.932 [qtp2173136-22] INFO  REQUEST 30 - POST	/kill	27ms	{}
12:16:40.000 [qtp2173136-24] INFO  REQUEST 30 - GET	/banner	146ms	{count=[3],city=[1]}
12:16:40.041 [qtp2173136-21] INFO  REQUEST 30 - GET	/product	169ms	{count=[10],start=[0],city=[1]}
12:17:44.525 [qtp2173136-21] INFO  REQUEST 30 - GET	/user/3	43ms	{}
12:18:49.668 [qtp2173136-21] INFO  REQUEST 30 - GET	/user/3/order	29ms	{}
12:21:49.012 [qtp2173136-22] INFO  REQUEST 30 - GET	/user/3	18ms	{}
12:23:57.236 [qtp2173136-21] INFO  REQUEST 30 - GET	/user/3	18ms	{}
13:14:43.711 [qtp2173136-21] INFO  REQUEST 30 - GET	/user/3	17ms	{}
13:16:22.478 [qtp2173136-21] INFO  REQUEST 30 - GET	/user	16ms	{utoken=[d689d685fb279ae6c8d6efae59d2ff94]}
13:19:44.909 [qtp2173136-23] INFO  REQUEST 30 - PUT	/user/avatar	77ms	{avatar=[http://s.momia.cn/test/admin2.jpg],utoken=[d689d685fb279ae6c8d6efae59d2ff94]}
13:19:56.060 [qtp2173136-23] INFO  REQUEST 30 - PUT	/user/avatar	46ms	{avatar=[http://s.momia.cn/test/admin2.jpg],utoken=[d689d685fb279ae6c8d6efae59d2ff94]}
13:22:27.807 [qtp2173136-23] INFO  REQUEST 30 - PUT	/user/birthday	139ms	{birthday=[1986-01-01],utoken=[d689d685fb279ae6c8d6efae59d2ff94]}
13:23:27.078 [qtp2173136-23] INFO  REQUEST 30 - GET	/product	49ms	{count=[3],start=[0],query=[],city=[1]}
13:24:17.741 [qtp2173136-22] INFO  REQUEST 30 - GET	/product/37/sku	36ms	{}
13:25:55.235 [qtp2173136-25] INFO  REQUEST 30 - GET	/user	16ms	{utoken=[d689d685fb279ae6c8d6efae59d2ff94]}
13:25:55.262 [qtp2173136-23] INFO  REQUEST 30 - POST	/participant	15ms	{}
13:26:49.713 [qtp2173136-22] INFO  REQUEST 30 - GET	/user	20ms	{utoken=[d689d685fb279ae6c8d6efae59d2ff94]}
13:26:49.760 [qtp2173136-21] INFO  REQUEST 30 - PUT	/participant	17ms	{}
13:27:31.913 [qtp2173136-20] INFO  REQUEST 30 - DELETE	/participant/41	63ms	{utoken=[d689d685fb279ae6c8d6efae59d2ff94]}
13:28:23.441 [qtp2173136-24] INFO  REQUEST 30 - GET	/participant	58ms	{utoken=[d689d685fb279ae6c8d6efae59d2ff94]}
13:33:29.940 [qtp2173136-20] INFO  REQUEST 30 - GET	/order	31ms	{utoken=[d689d685fb279ae6c8d6efae59d2ff94],query=[]}
13:50:23.678 [qtp2173136-25] INFO  REQUEST 30 - GET	/user/3	18ms	{}
14:04:06.552 [qtp5204240-21] INFO  REQUEST 30 - GET	/product/37/sku	361ms	{}
14:12:05.805 [qtp5204240-22] INFO  REQUEST 30 - GET	/user	65ms	{utoken=[d689d685fb279ae6c8d6efae59d2ff94]}
14:13:11.851 [qtp5204240-24] INFO  REQUEST 30 - GET	/user	97ms	{utoken=[e95e75193f309a061fb846361c99b9b2]}
14:13:55.483 [qtp5204240-20] INFO  REQUEST 30 - GET	/user	360ms	{utoken=[e95e75193f309a061fb846361c99b9b2]}
14:14:22.286 [qtp5204240-24] INFO  REQUEST 30 - GET	/user	15ms	{utoken=[e95e75193f309a061fb846361c99b9b2]}
14:20:18.987 [qtp5204240-20] INFO  REQUEST 30 - GET	/user	18ms	{utoken=[e95e75193f309a061fb846361c99b9b2]}
14:27:18.674 [qtp5204240-25] INFO  REQUEST 30 - GET	/user	22ms	{utoken=[e95e75193f309a061fb846361c99b9b2]}
14:27:54.994 [qtp5204240-24] INFO  REQUEST 30 - GET	/user	19ms	{utoken=[6e699f9900c9a26f74f10ccbfa4d1419]}
14:28:26.374 [qtp5204240-24] INFO  REQUEST 30 - GET	/user	17ms	{utoken=[6e699f9900c9a26f74f10ccbfa4d1419]}
14:32:41.500 [qtp5204240-23] INFO  REQUEST 30 - GET	/product/37/sku	248ms	{}
14:32:56.486 [qtp5204240-24] INFO  REQUEST 30 - GET	/user	19ms	{utoken=[6e699f9900c9a26f74f10ccbfa4d1419]}
14:40:04.125 [qtp5204240-25] INFO  REQUEST 30 - GET	/user	17ms	{utoken=[6e699f9900c9a26f74f10ccbfa4d1419]}
14:42:10.808 [qtp5204240-24] INFO  REQUEST 30 - GET	/user	16ms	{utoken=[6e699f9900c9a26f74f10ccbfa4d1419]}
14:44:50.704 [qtp5204240-20] INFO  REQUEST 30 - GET	/user	15ms	{utoken=[6e699f9900c9a26f74f10ccbfa4d1419]}
14:46:52.819 [qtp5204240-20] INFO  REQUEST 30 - GET	/user	15ms	{utoken=[6e699f9900c9a26f74f10ccbfa4d1419]}
14:49:52.090 [qtp5204240-25] INFO  REQUEST 30 - GET	/user	16ms	{utoken=[6e699f9900c9a26f74f10ccbfa4d1419]}
14:54:54.041 [qtp5204240-23] INFO  REQUEST 30 - GET	/user	268ms	{utoken=[6e699f9900c9a26f74f10ccbfa4d1419]}
14:57:10.409 [qtp5204240-22] INFO  REQUEST 30 - GET	/user	22ms	{utoken=[6e699f9900c9a26f74f10ccbfa4d1419]}
15:04:17.209 [qtp5204240-21] INFO  REQUEST 30 - GET	/user	17ms	{utoken=[6e699f9900c9a26f74f10ccbfa4d1419]}
15:05:15.976 [qtp5204240-22] INFO  REQUEST 30 - GET	/user	18ms	{utoken=[6e699f9900c9a26f74f10ccbfa4d1419]}
15:26:53.524 [qtp24813241-23] INFO  REQUEST 30 - GET	/user	352ms	{utoken=[d689d685fb279ae6c8d6efae59d2ff94]}
15:28:16.273 [qtp24813241-21] INFO  REQUEST 30 - POST	/participant	229ms	{}
15:29:57.422 [qtp24813241-25] INFO  REQUEST 30 - GET	/user	110ms	{utoken=[6e699f9900c9a26f74f10ccbfa4d1419]}
15:29:57.481 [qtp24813241-22] INFO  REQUEST 30 - POST	/participant	16ms	{}
15:33:24.022 [qtp24813241-22] INFO  REQUEST 30 - GET	/user	21ms	{utoken=[6e699f9900c9a26f74f10ccbfa4d1419]}
15:33:24.156 [qtp24813241-21] INFO  REQUEST 30 - POST	/participant	28ms	{}
15:43:17.206 [qtp4534823-27] INFO  REQUEST 30 - GET	/product/1	188ms	{id=[1]}
15:43:26.985 [qtp4534823-24] INFO  REQUEST 30 - GET	/product	28ms	{id=[37]}
15:43:31.830 [qtp4534823-25] INFO  REQUEST 30 - GET	/product/1	20ms	{id=[37]}
15:43:39.068 [qtp4534823-26] INFO  REQUEST 30 - GET	/product/37	133ms	{}
15:53:35.716 [qtp23743256-24] INFO  REQUEST 30 - POST	/order	693ms	{}
15:57:59.265 [qtp2173136-24] INFO  REQUEST 30 - GET	/user	362ms	{utoken=[6e699f9900c9a26f74f10ccbfa4d1419]}
15:57:59.450 [qtp2173136-20] INFO  REQUEST 30 - POST	/order	172ms	{}
16:33:09.732 [qtp2173136-22] INFO  REQUEST 30 - GET	/product/37/sku	183ms	{}
16:37:08.950 [qtp2173136-22] INFO  REQUEST 30 - GET	/product/37/sku	24ms	{}
17:38:32.937 [qtp16682368-23] INFO  REQUEST 30 - GET	/participant/44	424ms	{utoken=[6e699f9900c9a26f74f10ccbfa4d1419]}
17:42:21.510 [qtp16682368-22] INFO  REQUEST 30 - GET	/participant	151ms	{utoken=[6e699f9900c9a26f74f10ccbfa4d1419]}
17:46:10.194 [qtp16682368-21] INFO  REQUEST 30 - GET	/participant/44	35ms	{utoken=[6e699f9900c9a26f74f10ccbfa4d1419]}
17:46:14.573 [qtp16682368-23] INFO  REQUEST 30 - GET	/participant/44	18ms	{utoken=[6e699f9900c9a26f74f10ccbfa4d1419]}
17:46:34.930 [qtp16682368-25] INFO  REQUEST 30 - GET	/participant	40ms	{utoken=[6e699f9900c9a26f74f10ccbfa4d1419]}
18:33:13.143 [qtp16682368-20] INFO  REQUEST 30 - GET	/user	84ms	{utoken=[123]}
18:33:14.399 [qtp16682368-21] INFO  REQUEST 30 - POST	/participant	981ms	{}
18:33:35.763 [qtp16682368-21] INFO  REQUEST 30 - GET	/user	16ms	{utoken=[123]}
18:33:35.827 [qtp16682368-25] INFO  REQUEST 30 - POST	/participant	15ms	{}
18:40:35.731 [qtp16682368-24] INFO  REQUEST 30 - GET	/product/37/sku	331ms	{}
18:45:36.118 [qtp33291038-22] INFO  REQUEST 30 - GET	/user	366ms	{utoken=[123]}
18:45:36.160 [qtp33291038-21] INFO  REQUEST 30 - GET	/product/37/sku	409ms	{}
18:51:56.408 [qtp33291038-23] INFO  REQUEST 30 - GET	/banner	61ms	{count=[3],city=[1]}
18:51:56.641 [qtp33291038-20] INFO  REQUEST 30 - GET	/product	315ms	{count=[10],start=[0],city=[1]}
18:51:56.765 [qtp33291038-25] INFO  REQUEST 30 - POST	/kill	16ms	{}
18:52:21.798 [qtp33291038-20] INFO  REQUEST 30 - GET	/product	51ms	{count=[2],start=[0],query=[],city=[1]}
18:52:21.842 [qtp33291038-21] INFO  REQUEST 30 - POST	/kill	16ms	{}
19:08:26.078 [qtp33291038-23] INFO  REQUEST 30 - GET	/product/1	20ms	{}
19:08:26.081 [qtp33291038-21] INFO  REQUEST 30 - GET	/product/1/place	23ms	{}
19:08:26.103 [qtp33291038-23] INFO  REQUEST 30 - GET	/product/1/customer	18ms	{count=[6],start=[0]}
19:08:26.136 [qtp33291038-20] INFO  REQUEST 30 - POST	/kill	12ms	{}
19:09:26.924 [qtp33291038-21] INFO  REQUEST 30 - GET	/product/37/place	115ms	{}
19:09:26.925 [qtp33291038-25] INFO  REQUEST 30 - GET	/product/37	137ms	{}
19:09:27.026 [qtp33291038-25] INFO  REQUEST 30 - GET	/product/37/sku	93ms	{}
19:09:27.261 [qtp33291038-21] INFO  REQUEST 30 - GET	/product/37/customer	330ms	{count=[6],start=[0]}
19:09:49.334 [qtp33291038-23] INFO  REQUEST 30 - GET	/product/37/sku	18ms	{}
19:09:49.346 [qtp33291038-24] INFO  REQUEST 30 - GET	/product/37	37ms	{}
19:09:49.400 [qtp33291038-21] INFO  REQUEST 30 - GET	/product/37/customer	62ms	{count=[6],start=[0]}
19:09:49.410 [qtp33291038-24] INFO  REQUEST 30 - GET	/product/37/place	53ms	{}
19:09:49.448 [qtp33291038-22] INFO  REQUEST 30 - POST	/kill	16ms	{}
19:10:25.692 [qtp33291038-25] INFO  REQUEST 30 - GET	/user	15ms	{utoken=[123]}
19:10:25.693 [qtp33291038-20] INFO  REQUEST 30 - GET	/product/37/sku	21ms	{}
19:10:25.731 [qtp33291038-21] INFO  REQUEST 30 - POST	/kill	11ms	{}
