09:38:10.876 [qtp2334931-19] INFO  REQUEST 30 - POST	/kill	258ms	{}
09:39:34.217 [qtp2334931-23] INFO  REQUEST 30 - DELETE	/participant/-1	134ms	{utoken=[123]}
09:39:37.314 [qtp2334931-23] INFO  REQUEST 30 - DELETE	/participant/-1	24ms	{utoken=[222]}
09:41:22.610 [qtp2334931-24] INFO  REQUEST 30 - DELETE	/participant/12	19ms	{utoken=[]}
09:41:22.680 [qtp2334931-25] INFO  REQUEST 30 - POST	/kill	21ms	{}
09:42:08.347 [qtp2334931-25] INFO  REQUEST 30 - POST	/kill	21ms	{}
09:43:04.479 [qtp2334931-23] INFO  REQUEST 30 - POST	/kill	10ms	{}
09:45:23.133 [qtp2334931-20] INFO  REQUEST 30 - DELETE	/participant/-1	31ms	{utoken=[123]}
09:45:23.240 [qtp2334931-25] INFO  REQUEST 30 - POST	/kill	12ms	{}
09:47:09.491 [qtp2334931-24] INFO  REQUEST 30 - DELETE	/participant/12	20ms	{utoken=[222]}
09:47:09.515 [qtp2334931-25] INFO  REQUEST 30 - POST	/kill	6ms	{}
09:54:10.087 [qtp2334931-25] INFO  REQUEST 30 - POST	/kill	10ms	{}
09:55:16.012 [qtp2334931-23] INFO  REQUEST 30 - POST	/kill	5ms	{}
09:56:33.807 [qtp2334931-24] INFO  REQUEST 30 - GET	/participant	16ms	{utoken=[]}
09:56:33.842 [qtp2334931-23] INFO  REQUEST 30 - POST	/kill	12ms	{}
09:57:19.108 [qtp2334931-20] INFO  REQUEST 30 - GET	/participant	16ms	{utoken=[aaaa]}
09:57:19.134 [qtp2334931-22] INFO  REQUEST 30 - POST	/kill	6ms	{}
10:14:05.777 [qtp16051200-25] INFO  REQUEST 30 - GET	/user	380ms	{utoken=[123]}
10:14:05.933 [qtp16051200-18] INFO  REQUEST 30 - POST	/participant	121ms	{}
10:35:06.677 [qtp16051200-23] INFO  REQUEST 30 - GET	/participant	17ms	{utoken=[aaaa]}
10:35:06.725 [qtp16051200-24] INFO  REQUEST 30 - POST	/kill	15ms	{}
10:36:02.466 [qtp16051200-25] INFO  REQUEST 30 - GET	/participant	31ms	{utoken=[aaaa]}
10:36:02.501 [qtp16051200-23] INFO  REQUEST 30 - POST	/kill	11ms	{}
10:38:02.621 [qtp16051200-18] INFO  REQUEST 30 - POST	/kill	11ms	{}
10:38:25.499 [qtp16051200-23] INFO  REQUEST 30 - GET	/user	18ms	{utoken=[123]}
10:38:25.647 [qtp16051200-24] INFO  REQUEST 30 - POST	/kill	20ms	{}
10:39:43.626 [qtp16051200-24] INFO  REQUEST 30 - GET	/user	17ms	{utoken=[]}
10:39:43.652 [qtp16051200-22] INFO  REQUEST 30 - POST	/kill	5ms	{}
10:40:34.073 [qtp16051200-23] INFO  REQUEST 30 - GET	/user	21ms	{utoken=[]}
10:40:34.108 [qtp16051200-24] INFO  REQUEST 30 - POST	/kill	11ms	{}
10:41:39.221 [qtp16051200-23] INFO  REQUEST 30 - GET	/user	14ms	{utoken=[222]}
10:41:39.257 [qtp16051200-24] INFO  REQUEST 30 - POST	/kill	14ms	{}
10:42:13.667 [qtp16051200-25] INFO  REQUEST 30 - GET	/user	17ms	{utoken=[333]}
10:43:23.897 [qtp16051200-21] INFO  REQUEST 30 - GET	/user	15ms	{utoken=[222]}
10:43:23.928 [qtp16051200-24] INFO  REQUEST 30 - POST	/kill	5ms	{}
10:43:50.874 [qtp16051200-24] INFO  REQUEST 30 - GET	/user	15ms	{utoken=[123]}
10:43:51.040 [qtp16051200-22] INFO  REQUEST 30 - POST	/order	151ms	{}
10:43:51.094 [qtp16051200-21] INFO  REQUEST 30 - POST	/kill	12ms	{}
10:50:52.846 [qtp16051200-18] INFO  REQUEST 30 - GET	/user	18ms	{utoken=[222]}
10:50:52.883 [qtp16051200-24] INFO  REQUEST 30 - POST	/kill	10ms	{}
10:53:13.544 [qtp16051200-25] INFO  REQUEST 30 - GET	/user	15ms	{utoken=[222]}
10:53:13.577 [qtp16051200-18] INFO  REQUEST 30 - POST	/kill	6ms	{}
10:59:04.952 [qtp16051200-21] INFO  REQUEST 30 - POST	/kill	11ms	{}
11:01:57.494 [qtp16051200-22] INFO  REQUEST 30 - POST	/auth/send	66ms	{mobile=[13407174967]}
11:09:45.419 [qtp16051200-24] INFO  REQUEST 30 - GET	/user	16ms	{utoken=[]}
11:09:45.463 [qtp16051200-22] INFO  REQUEST 30 - POST	/kill	18ms	{}
11:10:52.202 [qtp16051200-22] INFO  REQUEST 30 - GET	/user	18ms	{utoken=[123]}
11:10:52.357 [qtp16051200-18] INFO  REQUEST 30 - POST	/kill	34ms	{}
11:12:04.865 [qtp16051200-24] INFO  REQUEST 30 - GET	/user	16ms	{utoken=[]}
11:12:04.898 [qtp16051200-22] INFO  REQUEST 30 - POST	/kill	10ms	{}
11:15:18.882 [qtp16051200-23] INFO  REQUEST 30 - POST	/kill	10ms	{}
11:17:49.667 [qtp16051200-21] INFO  REQUEST 30 - POST	/kill	12ms	{}
11:18:27.743 [qtp16051200-22] INFO  REQUEST 30 - GET	/user	19ms	{utoken=[123]}
11:18:27.847 [qtp16051200-23] INFO  REQUEST 30 - PUT	/participant	91ms	{}
11:18:27.877 [qtp16051200-21] INFO  REQUEST 30 - POST	/kill	10ms	{}
11:22:40.224 [qtp16051200-21] INFO  REQUEST 30 - GET	/user	24ms	{utoken=[123]}
11:22:40.251 [qtp16051200-25] INFO  REQUEST 30 - PUT	/participant	16ms	{}
11:22:40.282 [qtp16051200-23] INFO  REQUEST 30 - POST	/kill	9ms	{}
11:24:50.636 [qtp16051200-18] INFO  REQUEST 30 - DELETE	/order/18	37ms	{utoken=[]}
11:24:50.677 [qtp16051200-25] INFO  REQUEST 30 - POST	/kill	17ms	{}
11:25:55.142 [qtp16051200-22] INFO  REQUEST 30 - POST	/kill	16ms	{}
11:27:33.481 [qtp16051200-23] INFO  REQUEST 30 - POST	/kill	10ms	{}
11:28:39.023 [qtp16051200-24] INFO  REQUEST 30 - DELETE	/order/12	16ms	{utoken=[222]}
11:28:39.126 [qtp16051200-23] INFO  REQUEST 30 - POST	/kill	82ms	{}
11:28:52.952 [qtp16051200-24] INFO  REQUEST 30 - POST	/kill	25ms	{}
11:30:02.168 [qtp16051200-25] INFO  REQUEST 30 - DELETE	/order/-1	17ms	{utoken=[222]}
11:30:02.192 [qtp16051200-23] INFO  REQUEST 30 - POST	/kill	4ms	{}
11:30:31.217 [qtp16051200-18] INFO  REQUEST 30 - DELETE	/order/-1	80ms	{utoken=[123]}
11:30:31.244 [qtp16051200-24] INFO  REQUEST 30 - POST	/kill	5ms	{}
11:38:17.659 [qtp16051200-24] INFO  REQUEST 30 - POST	/kill	10ms	{}
11:39:25.054 [qtp16051200-18] INFO  REQUEST 30 - DELETE	/order/-1	43ms	{utoken=[123]}
11:39:25.134 [qtp16051200-21] INFO  REQUEST 30 - POST	/kill	10ms	{}
11:43:17.572 [qtp16051200-21] INFO  REQUEST 30 - DELETE	/order/-1	29ms	{utoken=[123]}
11:43:17.796 [qtp16051200-24] INFO  REQUEST 30 - PUT	/user/birthday	75ms	{birthday=[2009-01-01],utoken=[]}
11:43:17.870 [qtp16051200-22] INFO  REQUEST 30 - PUT	/user/birthday	38ms	{birthday=[2009],utoken=[]}
11:43:17.901 [qtp16051200-18] INFO  REQUEST 30 - POST	/kill	10ms	{}
11:45:29.798 [qtp16051200-23] INFO  REQUEST 30 - DELETE	/order/-1	39ms	{utoken=[123]}
11:45:29.961 [qtp16051200-22] INFO  REQUEST 30 - GET	/user	18ms	{utoken=[123]}
11:45:29.989 [qtp16051200-21] INFO  REQUEST 30 - PUT	/participant	14ms	{}
11:45:30.078 [qtp16051200-24] INFO  REQUEST 30 - PUT	/user/birthday	16ms	{birthday=[2009-01-01],utoken=[]}
11:45:30.117 [qtp16051200-22] INFO  REQUEST 30 - PUT	/user/birthday	1ms	{birthday=[2009],utoken=[]}
11:45:30.145 [qtp16051200-21] INFO  REQUEST 30 - POST	/kill	5ms	{}
13:25:47.203 [qtp14424488-19] INFO  REQUEST 30 - POST	/user/birthday	427ms	{birthday=[2009-09-09],utoken=[123]}
13:25:57.889 [qtp14424488-20] INFO  REQUEST 30 - PUT	/user/birthday	215ms	{birthday=[2009-09-09],utoken=[123]}
13:39:20.903 [qtp23716756-25] INFO  REQUEST 30 - GET	/product/37/customer	566ms	{count=[6],start=[0]}
13:39:20.943 [qtp23716756-20] INFO  REQUEST 30 - GET	/product/37	607ms	{}
13:39:49.430 [qtp23716756-20] INFO  REQUEST 30 - PUT	/user/nickname	63ms	{nickname=[nick],utoken=[123]}
13:40:17.617 [qtp23716756-22] INFO  REQUEST 30 - PUT	/user/nickname	48ms	{nickname=[nick],utoken=[123]}
13:40:23.628 [qtp23716756-20] INFO  REQUEST 30 - PUT	/user/nickname	50ms	{nickname=[nick],utoken=[123]}
13:46:11.225 [qtp14424488-21] INFO  REQUEST 30 - PUT	/user/nickname	347ms	{nickname=[nick],utoken=[123]}
13:47:16.907 [qtp14424488-20] INFO  REQUEST 30 - PUT	/user/birthday	56ms	{birthday=[1986-01-01],utoken=[123]}
13:47:18.946 [qtp14424488-25] INFO  REQUEST 30 - PUT	/user/birthday	73ms	{birthday=[1986-01-01],utoken=[123]}
13:47:21.630 [qtp14424488-24] INFO  REQUEST 30 - PUT	/user/address	58ms	{address=[上海市长宁区长宁路969号],utoken=[123]}
13:47:23.198 [qtp14424488-23] INFO  REQUEST 30 - PUT	/user/name	48ms	{utoken=[123],name=[吴秋枫]}
13:47:24.767 [qtp14424488-21] INFO  REQUEST 30 - PUT	/user/nickname	51ms	{nickname=[nick],utoken=[123]}
13:47:26.305 [qtp14424488-20] INFO  REQUEST 30 - PUT	/user/sex	47ms	{utoken=[123],sex=[男]}
13:53:24.223 [qtp14424488-24] INFO  REQUEST 30 - PUT	/user/city	44ms	{utoken=[123],city=[1]}
13:55:08.011 [qtp14424488-24] INFO  REQUEST 30 - PUT	/user/city	104ms	{utoken=[123],city=[1]}
14:08:05.903 [qtp14424488-24] INFO  REQUEST 30 - PUT	/user/city	182ms	{utoken=[123],city=[1]}
14:10:36.773 [qtp14424488-23] INFO  REQUEST 30 - PUT	/user/sex	45ms	{utoken=[123],sex=[]}
14:10:42.637 [qtp14424488-22] INFO  REQUEST 30 - PUT	/user/sex	48ms	{utoken=[123],sex=[]}
14:19:36.278 [qtp14424488-23] INFO  REQUEST 30 - PUT	/user/address	46ms	{address=[],utoken=[123]}
14:19:40.648 [qtp14424488-21] INFO  REQUEST 30 - PUT	/user/address	48ms	{address=[],utoken=[123]}
14:46:22.392 [qtp14424488-22] INFO  REQUEST 30 - GET	/user	18ms	{utoken=[123]}
14:46:22.663 [qtp14424488-23] INFO  REQUEST 30 - POST	/order	228ms	{}
14:46:22.713 [qtp14424488-21] INFO  REQUEST 30 - POST	/kill	28ms	{}
14:48:21.009 [qtp14424488-25] INFO  REQUEST 30 - GET	/user	14ms	{utoken=[123]}
14:48:21.036 [qtp14424488-20] INFO  REQUEST 30 - POST	/order	14ms	{}
14:48:21.066 [qtp14424488-23] INFO  REQUEST 30 - POST	/kill	5ms	{}
14:55:08.856 [qtp14424488-24] INFO  REQUEST 30 - GET	/user	27ms	{utoken=[123]}
14:55:09.038 [qtp14424488-23] INFO  REQUEST 30 - POST	/order	170ms	{}
14:55:09.088 [qtp14424488-25] INFO  REQUEST 30 - POST	/kill	5ms	{}
14:57:44.898 [qtp14424488-21] INFO  REQUEST 30 - GET	/user	16ms	{utoken=[123]}
14:57:45.292 [qtp14424488-22] INFO  REQUEST 30 - POST	/order	380ms	{}
14:57:45.331 [qtp14424488-25] INFO  REQUEST 30 - POST	/kill	11ms	{}
14:58:50.787 [qtp14424488-22] INFO  REQUEST 30 - GET	/user	15ms	{utoken=[123]}
14:58:50.888 [qtp14424488-25] INFO  REQUEST 30 - POST	/kill	6ms	{}
15:02:14.287 [qtp14424488-25] INFO  REQUEST 30 - POST	/kill	5ms	{}
15:04:09.711 [qtp14424488-25] INFO  REQUEST 30 - POST	/kill	11ms	{}
15:05:33.005 [qtp14424488-25] INFO  REQUEST 30 - POST	/kill	5ms	{}
19:42:29.815 [qtp2481968-20] INFO  REQUEST 30 - POST	/auth/send	396ms	{}
19:42:49.915 [qtp2481968-19] INFO  REQUEST 30 - POST	/auth/send	200ms	{type=[login],mobile=[13476129629]}
20:14:08.293 [qtp3266290-23] INFO  REQUEST 30 - POST	/auth/send	644ms	{type=[login],mobile=[13476129629]}
20:16:36.841 [qtp14424488-20] INFO  REQUEST 30 - POST	/auth/send	825ms	{type=[login],mobile=[13476129629]}
20:29:58.676 [qtp14424488-24] INFO  REQUEST 30 - POST	/auth/send	446ms	{type=[login],mobile=[13476129629]}
20:35:30.938 [qtp23716756-25] INFO  REQUEST 30 - POST	/auth/send	338ms	{type=[login],mobile=[13476129629]}
20:37:13.426 [qtp14424488-22] INFO  REQUEST 30 - POST	/auth/send	309ms	{type=[login],mobile=[13476129629]}
20:40:14.928 [qtp14424488-24] INFO  REQUEST 30 - POST	/auth/send	43ms	{type=[login],mobile=[13407174967]}
