10:56:18.648 [qtp8036150-25] INFO  REQUEST 30 - GET	/user/auth/login	420ms	{mobile=[13918872284],code=[123456]}
10:56:55.764 [qtp8036150-20] INFO  REQUEST 30 - GET	/product/1/customer	46ms	{}
10:57:09.803 [qtp8036150-25] INFO  REQUEST 30 - GET	/product/1/customer	130ms	{count=[2],start=[0]}
10:57:26.676 [qtp8036150-21] INFO  REQUEST 30 - GET	/product/37/customer	235ms	{count=[2],start=[0]}
10:58:11.454 [qtp8036150-22] INFO  REQUEST 30 - POST	/user/auth/login	13ms	{mobile=[13918872284, 13918872284],code=[123456, 123456]}
10:58:16.733 [qtp8036150-21] INFO  REQUEST 30 - POST	/user/auth/login	8ms	{mobile=[13918872284],code=[123456]}
10:58:45.535 [qtp8036150-20] INFO  REQUEST 30 - POST	/auth/login	199ms	{mobile=[13918872284],code=[123456]}
10:58:52.977 [qtp8036150-21] INFO  REQUEST 30 - POST	/auth/login	28ms	{mobile=[123],code=[123456]}
11:00:18.005 [qtp18067720-22] INFO  REQUEST 30 - POST	/auth/login	389ms	{mobile=[123],code=[123456]}
11:01:15.891 [qtp18067720-23] INFO  REQUEST 30 - POST	/auth/login	75ms	{mobile=[13918872284],code=[123]}
11:02:24.696 [qtp18067720-20] INFO  REQUEST 30 - POST	/auth/register	37ms	{nickName=[nick],mobile=[13918872284],code=[123]}
11:02:31.510 [qtp18067720-25] INFO  REQUEST 30 - POST	/auth/register	117ms	{nickName=[nick],mobile=[13918872284],code=[123456]}
11:03:53.797 [qtp18067720-25] INFO  REQUEST 30 - POST	/auth/register	62ms	{nickName=[nick],mobile=[13918872284],code=[123456]}
11:05:58.452 [qtp17963969-22] INFO  REQUEST 30 - POST	/auth/register	550ms	{nickName=[nick],mobile=[13918872284],code=[123456]}
11:08:07.348 [qtp31216075-27] INFO  REQUEST 30 - POST	/auth/register	612ms	{nickName=[nick],mobile=[13918872284],code=[123456]}
11:08:19.933 [qtp31216075-22] INFO  REQUEST 30 - POST	/auth/register	19ms	{nickName=[nick],mobile=[13407174967],code=[123456]}
11:14:01.397 [qtp31216075-26] INFO  REQUEST 30 - POST	/auth/register	102207ms	{nickName=[nick],mobile=[13407174967],code=[123456]}
11:20:01.165 [qtp33291038-24] INFO  REQUEST 30 - POST	/auth/login	442ms	{nickName=[nick],mobile=[13407174967],code=[123456]}
11:20:56.717 [qtp33291038-24] INFO  REQUEST 30 - POST	/auth/register	34ms	{nickName=[nick],mobile=[13407174967],code=[123456]}
11:21:05.655 [qtp33291038-22] INFO  REQUEST 30 - POST	/auth/login	79ms	{nickName=[nick],mobile=[13407174967],code=[123456]}
11:31:21.681 [qtp33291038-24] INFO  REQUEST 30 - POST	/auth/login	279ms	{nickName=[nick],mobile=[13407174967],code=[123456]}
11:31:32.946 [qtp33291038-22] INFO  REQUEST 30 - POST	/auth/login	54ms	{nickName=[nick],mobile=[13407174967],code=[123456]}
11:33:58.531 [qtp33291038-20] INFO  REQUEST 30 - POST	/auth/login	61ms	{mobile=[13407174967],code=[123456]}
11:36:05.507 [qtp33291038-25] INFO  REQUEST 30 - POST	/auth/register	38ms	{nickName=[nick],mobile=[13407174967],code=[123456]}
11:36:16.464 [qtp33291038-25] INFO  REQUEST 30 - POST	/auth/login	127ms	{nickName=[nick],mobile=[13407174967],code=[123456]}
11:37:42.864 [qtp33291038-20] INFO  REQUEST 30 - POST	/auth/login	55ms	{nickName=[nick],mobile=[13407174967],code=[123456]}
11:51:25.271 [qtp33291038-20] INFO  REQUEST 30 - POST	/auth/register	44ms	{nickName=[nick],mobile=[13407174967],code=[123456]}
11:51:30.853 [qtp33291038-22] INFO  REQUEST 30 - POST	/auth/login	64ms	{nickName=[nick],mobile=[13407174967],code=[123456]}
11:52:09.937 [qtp33291038-25] INFO  REQUEST 30 - POST	/auth/register	30ms	{nickName=[nick],mobile=[13407174967],code=[123456]}
11:52:32.614 [qtp33291038-24] INFO  REQUEST 30 - POST	/auth/register	45ms	{nickName=[nick],mobile=[13407174967],code=[123456]}
12:07:30.287 [qtp33291038-20] INFO  REQUEST 30 - POST	/auth/register	231ms	{nickName=[cy],mobile=[15907103172],code=[123456]}
12:10:40.832 [qtp33291038-21] INFO  REQUEST 30 - POST	/auth/register	441ms	{nickName=[cy],mobile=[15907103172],code=[123456]}
12:33:10.493 [qtp33291038-25] INFO  REQUEST 30 - GET	/user	95ms	{utoken=[123]}
12:33:10.695 [qtp33291038-23] INFO  REQUEST 30 - PUT	/participant	146ms	{}
12:33:46.272 [qtp33291038-25] INFO  REQUEST 30 - GET	/user	14ms	{utoken=[123]}
12:33:46.328 [qtp33291038-21] INFO  REQUEST 30 - PUT	/participant	13ms	{}
12:37:54.344 [qtp33291038-24] INFO  REQUEST 30 - DELETE	/participant/44	62ms	{utoken=[123]}
12:38:28.650 [qtp33291038-24] INFO  REQUEST 30 - DELETE	/participant/45	34ms	{utoken=[123]}
12:48:03.457 [qtp33291038-25] INFO  REQUEST 30 - GET	/user/order	356ms	{count=[2],status=[1],start=[0],utoken=[123]}
12:52:15.900 [qtp33291038-25] INFO  REQUEST 30 - GET	/user/order	35ms	{count=[2],status=[2],start=[0],utoken=[123]}
12:52:19.603 [qtp33291038-24] INFO  REQUEST 30 - GET	/user/order	36ms	{count=[2],status=[3],start=[0],utoken=[123]}
12:52:22.304 [qtp33291038-21] INFO  REQUEST 30 - GET	/user/order	92ms	{count=[2],status=[1],start=[0],utoken=[123]}
12:52:44.304 [qtp33291038-23] INFO  REQUEST 30 - GET	/user/order	110ms	{count=[2],status=[-1],start=[0],utoken=[123]}
12:53:34.398 [qtp33291038-21] INFO  REQUEST 30 - GET	/user/order	30ms	{count=[2],status=[3],start=[0],utoken=[123]}
12:53:47.870 [qtp33291038-20] INFO  REQUEST 30 - GET	/user/order	1643ms	{count=[2],status=[4],start=[0],utoken=[123]}
13:40:48.396 [qtp33291038-21] INFO  REQUEST 30 - GET	/user/order	62ms	{count=[2],status=[1],start=[0],utoken=[123]}
13:50:53.980 [qtp33291038-22] INFO  REQUEST 30 - GET	/user/order	44ms	{count=[2],status=[3],start=[0],utoken=[123]}
13:54:22.727 [qtp33291038-22] INFO  REQUEST 30 - GET	/user	20ms	{utoken=[123]}
13:54:22.745 [qtp33291038-25] INFO  REQUEST 30 - GET	/product/37/sku	46ms	{}
13:55:24.516 [qtp33291038-22] INFO  REQUEST 30 - GET	/user	16ms	{utoken=[123]}
13:55:24.524 [qtp33291038-21] INFO  REQUEST 30 - GET	/product/37/sku	24ms	{}
13:57:25.144 [qtp33291038-21] INFO  REQUEST 30 - GET	/user	17ms	{utoken=[123]}
13:57:25.155 [qtp33291038-22] INFO  REQUEST 30 - GET	/product/37/sku	31ms	{}
13:57:48.241 [qtp33291038-20] INFO  REQUEST 30 - GET	/user	15ms	{utoken=[123]}
13:57:48.251 [qtp33291038-24] INFO  REQUEST 30 - GET	/product/37/sku	28ms	{}
13:58:05.080 [qtp33291038-24] INFO  REQUEST 30 - GET	/user	22ms	{utoken=[123]}
13:58:05.085 [qtp33291038-22] INFO  REQUEST 30 - GET	/product/37/sku	23ms	{}
14:04:43.516 [qtp33291038-21] INFO  REQUEST 30 - GET	/user/order	40ms	{count=[2],status=[3],start=[0],utoken=[123]}
14:04:51.160 [qtp33291038-20] INFO  REQUEST 30 - GET	/user/order	100ms	{count=[2],status=[1],start=[0],utoken=[123]}
15:37:16.777 [qtp33291038-25] INFO  REQUEST 30 - GET	/user/order	65ms	{count=[2],status=[1],start=[0],utoken=[123]}
15:37:24.442 [qtp33291038-22] INFO  REQUEST 30 - GET	/user/order	107ms	{count=[2],status=[1],start=[0],utoken=[123]}
15:44:43.136 [qtp33291038-25] INFO  REQUEST 30 - GET	/user/order	115ms	{count=[2],status=[1],start=[0],utoken=[123]}
15:47:09.553 [qtp33291038-24] INFO  REQUEST 30 - PUT	/user/avatar	402ms	{avatar=[http://s.momia.cn/test/admin2.jpg],utoken=[123]}
15:48:29.747 [qtp33291038-20] INFO  REQUEST 30 - PUT	/user/name	73ms	{utoken=[123],name=[吴秋枫]}
15:49:18.146 [qtp33291038-23] INFO  REQUEST 30 - PUT	/user/sex	54ms	{utoken=[123],sex=[男]}
15:52:48.931 [qtp33291038-22] INFO  REQUEST 30 - PUT	/user/city	378ms	{utoken=[123],city=[1]}
15:53:41.147 [qtp33291038-22] INFO  REQUEST 30 - PUT	/user/address	69ms	{address=[上海市长宁区长宁路969号],utoken=[123]}
15:55:08.611 [qtp33291038-21] INFO  REQUEST 30 - GET	/user/4	52ms	{}
16:00:21.411 [qtp28726329-25] INFO  REQUEST 30 - PUT	/user/sex	434ms	{utoken=[123],sex=[男]}
16:00:42.274 [qtp28726329-25] INFO  REQUEST 30 - PUT	/user/avatar	53ms	{avatar=[http://s.momia.cn/test/admin2.jpg],utoken=[123]}
16:01:04.378 [qtp28726329-25] INFO  REQUEST 30 - PUT	/user/name	54ms	{utoken=[123],name=[吴秋枫]}
16:01:20.143 [qtp28726329-22] INFO  REQUEST 30 - PUT	/user/sex	47ms	{utoken=[123],sex=[男]}
16:01:36.088 [qtp28726329-22] INFO  REQUEST 30 - GET	/user/order	338ms	{count=[2],status=[1],start=[0],utoken=[123]}
16:02:16.545 [qtp28726329-22] INFO  REQUEST 30 - PUT	/user/sex	59ms	{utoken=[123],sex=[男]}
16:06:51.141 [qtp28726329-24] INFO  REQUEST 30 - PUT	/user/nickname	47ms	{nickname=[nick],utoken=[123]}
16:07:48.856 [qtp28726329-20] INFO  REQUEST 30 - PUT	/user/avatar	56ms	{avatar=[http://s.momia.cn/test/admin2.jpg],utoken=[123]}
16:08:39.691 [qtp28726329-21] INFO  REQUEST 30 - PUT	/user/name	44ms	{utoken=[123],name=[吴秋枫]}
16:09:02.757 [qtp28726329-24] INFO  REQUEST 30 - PUT	/user/sex	47ms	{utoken=[123],sex=[男]}
16:09:37.772 [qtp28726329-21] INFO  REQUEST 30 - PUT	/user/birthday	85ms	{birthday=[1986-01-01],utoken=[123]}
16:10:11.268 [qtp28726329-23] INFO  REQUEST 30 - PUT	/user/city	79ms	{utoken=[123],city=[1]}
16:13:03.033 [qtp28726329-24] INFO  REQUEST 30 - PUT	/user/address	44ms	{address=[上海市长宁区长宁路969号],utoken=[123]}
16:14:28.710 [qtp28726329-25] INFO  REQUEST 30 - GET	/product	240ms	{count=[3],start=[0],query=[],city=[1]}
16:15:39.346 [qtp28726329-24] INFO  REQUEST 30 - GET	/product/37/place	121ms	{}
16:15:39.453 [qtp28726329-24] INFO  REQUEST 30 - GET	/product/37/sku	104ms	{}
16:15:39.464 [qtp28726329-20] INFO  REQUEST 30 - GET	/product/37	243ms	{}
16:15:39.588 [qtp28726329-24] INFO  REQUEST 30 - GET	/product/37/customer	131ms	{count=[6],start=[0]}
16:16:49.621 [qtp28726329-23] INFO  REQUEST 30 - GET	/product/37/sku	27ms	{}
16:16:49.691 [qtp28726329-24] INFO  REQUEST 30 - GET	/user	73ms	{utoken=[123]}
16:19:17.590 [qtp28726329-24] INFO  REQUEST 30 - GET	/user	20ms	{utoken=[123]}
16:19:17.837 [qtp28726329-22] INFO  REQUEST 30 - POST	/participant	219ms	{}
16:21:11.803 [qtp28726329-20] INFO  REQUEST 30 - GET	/participant/48	83ms	{utoken=[123]}
16:21:53.226 [qtp28726329-25] INFO  REQUEST 30 - GET	/user	19ms	{utoken=[123]}
16:21:53.269 [qtp28726329-20] INFO  REQUEST 30 - PUT	/participant	18ms	{}
16:22:11.522 [qtp28726329-24] INFO  REQUEST 30 - GET	/user	22ms	{utoken=[123]}
16:22:11.589 [qtp28726329-23] INFO  REQUEST 30 - PUT	/participant	19ms	{}
16:24:09.678 [qtp28726329-23] INFO  REQUEST 30 - DELETE	/participant/45	38ms	{utoken=[123]}
16:24:49.996 [qtp28726329-22] INFO  REQUEST 30 - GET	/participant	95ms	{utoken=[123]}
16:30:24.229 [qtp28726329-21] INFO  REQUEST 30 - GET	/user	19ms	{utoken=[123]}
16:31:16.828 [qtp28726329-25] INFO  REQUEST 30 - GET	/user	20ms	{utoken=[123]}
16:32:34.576 [qtp28726329-25] INFO  REQUEST 30 - GET	/user	15ms	{utoken=[123]}
16:32:34.780 [qtp28726329-23] INFO  REQUEST 30 - POST	/order	56ms	{}
16:34:36.907 [qtp28726329-20] INFO  REQUEST 30 - GET	/user	21ms	{utoken=[123]}
16:34:37.023 [qtp28726329-21] INFO  REQUEST 30 - POST	/order	88ms	{}
16:36:38.398 [qtp28726329-20] INFO  REQUEST 30 - DELETE	/order/64	96ms	{utoken=[123]}
16:38:53.425 [qtp28726329-23] INFO  REQUEST 30 - DELETE	/order/10	47ms	{utoken=[123]}
16:39:10.614 [qtp28726329-22] INFO  REQUEST 30 - DELETE	/order/12	65ms	{utoken=[123]}
16:40:30.852 [qtp28726329-25] INFO  REQUEST 30 - GET	/banner	65ms	{count=[3],city=[1]}
16:40:30.864 [qtp28726329-20] INFO  REQUEST 30 - GET	/product	72ms	{count=[10],start=[0],city=[1]}
16:42:32.717 [qtp28726329-23] INFO  REQUEST 30 - POST	/auth/login	365ms	{mobile=[13918872284],code=[123456]}
16:43:21.312 [qtp28726329-21] INFO  REQUEST 30 - POST	/auth/register	43ms	{nickName=[nic],mobile=[13918872284],code=[123456]}
16:51:09.259 [qtp28726329-23] INFO  REQUEST 30 - DELETE	/order/12	31ms	{utoken=[123]}
16:54:20.364 [qtp28726329-25] INFO  REQUEST 30 - GET	/user	26ms	{utoken=[123]}
16:54:20.466 [qtp28726329-24] INFO  REQUEST 30 - PUT	/participant	22ms	{}
16:58:19.006 [qtp28726329-22] INFO  REQUEST 30 - GET	/user/4	16ms	{}
17:00:38.462 [qtp2334931-25] INFO  REQUEST 30 - GET	/user/4	365ms	{}
17:04:58.367 [qtp2334931-22] INFO  REQUEST 30 - GET	/user/4	34ms	{}
17:06:01.460 [qtp2334931-20] INFO  REQUEST 30 - GET	/user	32ms	{utoken=[123]}
17:06:04.263 [qtp2334931-20] INFO  REQUEST 30 - GET	/user	16ms	{utoken=[123]}
17:09:51.122 [qtp2334931-21] INFO  REQUEST 30 - GET	/user/4	22ms	{}
17:10:47.096 [qtp2334931-21] INFO  REQUEST 30 - GET	/user/4/order	65ms	{}
17:13:15.893 [qtp2334931-25] INFO  REQUEST 30 - GET	/user	23ms	{utoken=[123]}
17:16:31.484 [qtp2334931-23] INFO  REQUEST 30 - PUT	/user/nickname	55ms	{nickname=[nick],utoken=[123]}
17:30:58.870 [qtp2334931-24] INFO  REQUEST 30 - GET	/product	396ms	{count=[3],start=[0],query=[],city=[1]}
17:31:10.292 [qtp2334931-24] INFO  REQUEST 30 - GET	/product	65ms	{count=[2],start=[0],query=[],city=[1]}
17:34:00.869 [qtp2334931-20] INFO  REQUEST 30 - GET	/product	86ms	{count=[1],start=[0],query=[],city=[1]}
17:34:53.932 [qtp2334931-24] INFO  REQUEST 30 - GET	/product/37/place	183ms	{}
17:34:53.942 [qtp2334931-23] INFO  REQUEST 30 - GET	/product/37	194ms	{}
17:34:53.960 [qtp2334931-24] INFO  REQUEST 30 - GET	/product/37/sku	26ms	{}
17:34:54.135 [qtp2334931-23] INFO  REQUEST 30 - GET	/product/37/customer	189ms	{count=[6],start=[0]}
17:36:28.773 [qtp2334931-23] INFO  REQUEST 30 - GET	/user	26ms	{utoken=[123]}
17:36:28.777 [qtp2334931-21] INFO  REQUEST 30 - GET	/product/37/sku	29ms	{}
17:43:55.132 [qtp2334931-21] INFO  REQUEST 30 - GET	/participant/48	79ms	{utoken=[123]}
17:49:42.748 [qtp2334931-21] INFO  REQUEST 30 - GET	/participant	41ms	{utoken=[123]}
18:10:19.440 [qtp2334931-23] INFO  REQUEST 30 - GET	/product	71ms	{count=[10],start=[0],city=[100]}
18:10:19.480 [qtp2334931-22] INFO  REQUEST 30 - GET	/banner	117ms	{count=[3],city=[100]}
18:10:31.514 [qtp2334931-25] INFO  REQUEST 30 - GET	/banner	15ms	{count=[3],city=[10]}
18:10:31.568 [qtp2334931-20] INFO  REQUEST 30 - GET	/product	61ms	{count=[10],start=[0],city=[10]}
18:16:21.838 [qtp2334931-22] INFO  REQUEST 30 - GET	/product	16ms	{count=[10],start=[10],city=[10]}
18:16:26.879 [qtp2334931-25] INFO  REQUEST 30 - GET	/banner	16ms	{count=[3],city=[10]}
18:16:26.925 [qtp2334931-20] INFO  REQUEST 30 - GET	/product	59ms	{count=[10],start=[0],city=[10]}
18:16:31.698 [qtp2334931-21] INFO  REQUEST 30 - GET	/banner	14ms	{count=[3],city=[0]}
18:16:31.758 [qtp2334931-24] INFO  REQUEST 30 - GET	/product	50ms	{count=[10],start=[0],city=[0]}
18:16:52.949 [qtp2334931-24] INFO  REQUEST 30 - GET	/banner	25ms	{count=[3],city=[1]}
18:16:52.987 [qtp2334931-25] INFO  REQUEST 30 - GET	/product	49ms	{count=[10],start=[0],city=[1]}
18:16:59.502 [qtp2334931-23] INFO  REQUEST 30 - GET	/banner	22ms	{count=[3],city=[10]}
18:16:59.540 [qtp2334931-22] INFO  REQUEST 30 - GET	/product	61ms	{count=[10],start=[0],city=[10]}
18:17:52.035 [qtp2334931-23] INFO  REQUEST 30 - GET	/banner	16ms	{count=[3],city=[0]}
18:17:52.069 [qtp2334931-22] INFO  REQUEST 30 - GET	/product	46ms	{count=[10],start=[0],city=[0]}
18:17:57.063 [qtp2334931-24] INFO  REQUEST 30 - GET	/banner	13ms	{count=[3],city=[100]}
18:17:57.109 [qtp2334931-23] INFO  REQUEST 30 - GET	/product	52ms	{count=[10],start=[0],city=[100]}
18:18:21.453 [qtp2334931-23] INFO  REQUEST 30 - GET	/banner	18ms	{count=[3],city=[100]}
18:18:21.467 [qtp2334931-22] INFO  REQUEST 30 - GET	/product	18ms	{count=[10],start=[0],city=[100]}
18:18:26.463 [qtp2334931-20] INFO  REQUEST 30 - GET	/banner	17ms	{count=[3],city=[1]}
18:18:26.519 [qtp2334931-23] INFO  REQUEST 30 - GET	/product	59ms	{count=[10],start=[0],city=[1]}
18:18:45.580 [qtp2334931-23] INFO  REQUEST 30 - GET	/banner	22ms	{count=[3],city=[12]}
18:18:45.583 [qtp2334931-21] INFO  REQUEST 30 - GET	/product	18ms	{count=[10],start=[0],city=[12]}
18:18:49.423 [qtp2334931-24] INFO  REQUEST 30 - GET	/banner	25ms	{count=[3],city=[1]}
18:18:49.461 [qtp2334931-22] INFO  REQUEST 30 - GET	/product	52ms	{count=[10],start=[0],city=[1]}
