09:28:39.912 [qtp30120790-25] INFO  REQUEST 30 - GET	/banner	480ms	{count=[3],city=[0]}
09:28:39.913 [qtp30120790-20] INFO  REQUEST 30 - GET	/product	485ms	{count=[10],start=[0],city=[0]}
09:29:20.386 [qtp30120790-23] INFO  REQUEST 30 - GET	/banner	51ms	{count=[3],city=[1]}
09:29:20.635 [qtp30120790-24] INFO  REQUEST 30 - GET	/product	287ms	{count=[10],start=[0],city=[1]}
09:31:39.418 [qtp30120790-22] INFO  REQUEST 30 - GET	/banner	17ms	{count=[3],city=[0]}
09:31:39.422 [qtp30120790-23] INFO  REQUEST 30 - GET	/product	17ms	{count=[10],start=[0],city=[0]}
09:31:48.383 [qtp30120790-20] INFO  REQUEST 30 - GET	/banner	16ms	{count=[3],city=[0]}
09:31:48.428 [qtp30120790-21] INFO  REQUEST 30 - GET	/product	53ms	{count=[10],start=[0],city=[0]}
09:31:52.610 [qtp30120790-24] INFO  REQUEST 30 - GET	/banner	17ms	{count=[3],city=[-1]}
09:31:52.636 [qtp30120790-20] INFO  REQUEST 30 - GET	/product	21ms	{count=[10],start=[0],city=[-1]}
09:32:03.943 [qtp30120790-24] INFO  REQUEST 30 - GET	/banner	15ms	{count=[3],city=[100]}
09:32:03.952 [qtp30120790-20] INFO  REQUEST 30 - GET	/product	17ms	{count=[10],start=[0],city=[100]}
09:32:08.192 [qtp30120790-22] INFO  REQUEST 30 - GET	/banner	15ms	{count=[3],city=[-1]}
09:32:08.215 [qtp30120790-24] INFO  REQUEST 30 - GET	/product	17ms	{count=[10],start=[0],city=[-1]}
09:32:13.447 [qtp30120790-25] INFO  REQUEST 30 - GET	/banner	15ms	{count=[3],city=[-2]}
09:32:13.462 [qtp30120790-24] INFO  REQUEST 30 - GET	/product	25ms	{count=[10],start=[0],city=[-2]}
09:34:13.695 [qtp30120790-25] INFO  REQUEST 30 - GET	/banner	24ms	{count=[3],city=[0]}
09:34:13.696 [qtp30120790-20] INFO  REQUEST 30 - GET	/product	20ms	{count=[10],start=[0],city=[0]}
09:35:34.044 [qtp30120790-23] INFO  REQUEST 30 - GET	/banner	16ms	{count=[3],city=[5]}
09:35:34.051 [qtp30120790-24] INFO  REQUEST 30 - GET	/product	15ms	{count=[10],start=[0],city=[5]}
09:53:35.018 [qtp30120790-25] INFO  REQUEST 30 - GET	/banner	570ms	{count=[3],city=[0]}
09:53:35.018 [qtp30120790-24] INFO  REQUEST 30 - GET	/product	570ms	{count=[10],start=[0],city=[0]}
09:53:44.601 [qtp30120790-21] INFO  REQUEST 30 - GET	/banner	42ms	{count=[3],city=[-1]}
09:53:44.625 [qtp30120790-20] INFO  REQUEST 30 - GET	/product	65ms	{count=[10],start=[0],city=[-1]}
10:26:48.888 [qtp30120790-24] INFO  REQUEST 30 - GET	/banner	33ms	{count=[3],city=[0]}
10:26:48.901 [qtp30120790-23] INFO  REQUEST 30 - GET	/product	28ms	{count=[10],start=[0],city=[0]}
10:29:01.025 [qtp30120790-21] INFO  REQUEST 30 - GET	/banner	24ms	{count=[3],city=[0]}
10:29:01.036 [qtp30120790-22] INFO  REQUEST 30 - GET	/product	28ms	{count=[10],start=[0],city=[0]}
10:29:11.682 [qtp30120790-21] INFO  REQUEST 30 - GET	/banner	78ms	{count=[3],city=[1]}
10:29:11.798 [qtp30120790-22] INFO  REQUEST 30 - GET	/product	140ms	{count=[10],start=[0],city=[1]}
10:53:12.647 [qtp30120790-21] INFO  REQUEST 30 - GET	/user/1	292ms	{}
10:54:24.764 [qtp30120790-21] INFO  REQUEST 30 - GET	/user/3	177ms	{}
10:55:30.377 [qtp30120790-24] INFO  REQUEST 30 - GET	/user/-1	69ms	{}
10:57:43.548 [qtp30120790-23] INFO  REQUEST 30 - GET	/user/3/order	160ms	{}
10:57:53.204 [qtp30120790-20] INFO  REQUEST 30 - GET	/user/4/order	19ms	{}
11:00:16.099 [qtp30120790-21] INFO  REQUEST 30 - GET	/user	84ms	{utoken=[123]}
11:00:40.516 [qtp30120790-21] INFO  REQUEST 30 - GET	/user	30ms	{utoken=[234]}
11:05:52.435 [qtp30120790-22] INFO  REQUEST 30 - GET	/user/order	1113ms	{type=[le],count=[2],status=[1],start=[0],utoken=[123]}
11:06:08.696 [qtp30120790-23] INFO  REQUEST 30 - GET	/user/order	159ms	{type=[le],count=[2],status=[1],start=[0],utoken=[123]}
11:07:18.486 [qtp30120790-23] INFO  REQUEST 30 - GET	/user/order	55ms	{type=[le],count=[2],status=[1],start=[0],utoken=[2311]}
11:08:03.685 [qtp30120790-20] INFO  REQUEST 30 - GET	/user/order	230ms	{type=[le],count=[2],status=[2],start=[0],utoken=[123]}
11:08:08.030 [qtp30120790-23] INFO  REQUEST 30 - GET	/user/order	96ms	{type=[le],count=[2],status=[3],start=[0],utoken=[123]}
11:08:11.442 [qtp30120790-22] INFO  REQUEST 30 - GET	/user/order	141ms	{type=[le],count=[2],status=[4],start=[0],utoken=[123]}
11:08:14.789 [qtp30120790-22] INFO  REQUEST 30 - GET	/user/order	112ms	{type=[le],count=[2],status=[5],start=[0],utoken=[123]}
11:08:18.396 [qtp30120790-22] INFO  REQUEST 30 - GET	/user/order	111ms	{type=[le],count=[2],status=[6],start=[0],utoken=[123]}
11:08:22.394 [qtp30120790-20] INFO  REQUEST 30 - GET	/user/order	67ms	{type=[le],count=[2],status=[7],start=[0],utoken=[123]}
11:08:25.876 [qtp30120790-20] INFO  REQUEST 30 - GET	/user/order	115ms	{type=[le],count=[2],status=[8],start=[0],utoken=[123]}
11:13:09.302 [qtp30120790-22] INFO  REQUEST 30 - GET	/user/order	151ms	{type=[le],count=[2],status=[1],start=[0],utoken=[123]}
11:13:12.870 [qtp30120790-22] INFO  REQUEST 30 - GET	/user/order	105ms	{type=[le],count=[2],status=[2],start=[0],utoken=[123]}
11:16:04.360 [qtp30120790-20] INFO  REQUEST 30 - GET	/user/order	37ms	{type=[ge],count=[2],status=[2],start=[0],utoken=[123]}
11:16:09.012 [qtp30120790-21] INFO  REQUEST 30 - GET	/user/order	122ms	{type=[ge],count=[2],status=[1],start=[0],utoken=[123]}
11:17:38.180 [qtp30120790-22] INFO  REQUEST 30 - GET	/user/order	72ms	{type=[ge],count=[2],status=[3],start=[0],utoken=[123]}
11:17:42.676 [qtp30120790-23] INFO  REQUEST 30 - GET	/user/order	328ms	{type=[ge],count=[2],status=[1],start=[0],utoken=[123]}
11:18:24.375 [qtp30120790-25] INFO  REQUEST 30 - GET	/user/order	191ms	{type=[le],count=[2],status=[1],start=[0],utoken=[123]}
11:18:55.567 [qtp30120790-20] INFO  REQUEST 30 - GET	/user/order	117ms	{type=[ge],count=[2],status=[3],start=[0],utoken=[123]}
11:19:01.140 [qtp30120790-25] INFO  REQUEST 30 - GET	/user/order	99ms	{type=[le],count=[2],status=[3],start=[0],utoken=[123]}
11:20:12.184 [qtp30120790-22] INFO  REQUEST 30 - GET	/user/order	19ms	{type=[le],count=[2],status=[3],start=[0],utoken=[211]}
11:20:34.711 [qtp30120790-21] INFO  REQUEST 30 - GET	/user/order	143ms	{type=[le],count=[2],status=[3],start=[0],utoken=[123]}
11:20:51.651 [qtp30120790-23] INFO  REQUEST 30 - GET	/user/order	217ms	{type=[le],count=[2],status=[1],start=[0],utoken=[123]}
11:24:19.303 [qtp30120790-25] INFO  REQUEST 30 - GET	/user/order	78ms	{type=[le],count=[2],status=[1],start=[0],utoken=[123]}
11:24:23.904 [qtp30120790-24] INFO  REQUEST 30 - GET	/user/order	29ms	{type=[le],count=[0],status=[1],start=[0],utoken=[123]}
11:25:16.284 [qtp30120790-24] INFO  REQUEST 30 - GET	/user/order	68ms	{type=[le],count=[1],status=[1],start=[0],utoken=[123]}
11:27:08.412 [qtp30120790-23] INFO  REQUEST 30 - GET	/user/order	82ms	{type=[le],count=[1],status=[2],start=[0],utoken=[123]}
11:31:07.128 [qtp30120790-24] INFO  REQUEST 30 - GET	/user/order	31ms	{type=[le],count=[1],status=[0],start=[0],utoken=[123]}
11:31:53.330 [qtp30120790-23] INFO  REQUEST 30 - GET	/user/order	110ms	{type=[le],count=[1],status=[-1],start=[0],utoken=[123]}
11:32:04.714 [qtp30120790-25] INFO  REQUEST 30 - GET	/user/order	33ms	{type=[le],count=[1],status=[-2],start=[0],utoken=[123]}
11:32:52.846 [qtp30120790-20] INFO  REQUEST 30 - GET	/user/order	44ms	{type=[le],count=[1],status=[-10],start=[0],utoken=[123]}
11:33:15.743 [qtp30120790-20] INFO  REQUEST 30 - GET	/user/order	38ms	{type=[le],count=[1],status=[-10],start=[0],utoken=[123]}
11:35:11.431 [qtp30120790-21] INFO  REQUEST 30 - PUT	/user/nickname	79ms	{nickname=[nick],utoken=[123]}
11:35:36.258 [qtp30120790-23] INFO  REQUEST 30 - PUT	/user/nickname	28ms	{nickname=[nick],utoken=[214]}
11:37:33.145 [qtp30120790-20] INFO  REQUEST 30 - GET	/user/3	28ms	{}
11:39:37.213 [qtp30120790-25] INFO  REQUEST 30 - GET	/user/1	21ms	{}
11:39:56.482 [qtp30120790-22] INFO  REQUEST 30 - GET	/user/3	19ms	{}
11:40:22.470 [qtp30120790-25] INFO  REQUEST 30 - GET	/user/-1	21ms	{}
11:45:21.622 [qtp30120790-20] INFO  REQUEST 30 - GET	/user	17ms	{utoken=[123]}
11:46:07.703 [qtp30120790-22] INFO  REQUEST 30 - GET	/user	15ms	{utoken=[234]}
11:50:13.319 [qtp30120790-24] INFO  REQUEST 30 - GET	/user/order	79ms	{type=[le],count=[1],status=[1],start=[0],utoken=[123]}
11:50:15.367 [qtp30120790-24] INFO  REQUEST 30 - GET	/user/order	30ms	{type=[le],count=[0],status=[1],start=[0],utoken=[123]}
11:54:39.726 [qtp30120790-22] INFO  REQUEST 30 - GET	/user/order	65ms	{type=[le],count=[2],status=[1],start=[0],utoken=[123]}
11:55:39.024 [qtp30120790-25] INFO  REQUEST 30 - GET	/user/order	21ms	{type=[le],count=[2],status=[1],start=[0],utoken=[2311]}
11:58:56.162 [qtp30120790-21] INFO  REQUEST 30 - GET	/user/order	29ms	{type=[le],count=[0],status=[1],start=[0],utoken=[123]}
12:03:27.152 [qtp30120790-22] INFO  REQUEST 30 - GET	/user/order	35ms	{type=[le],count=[1],status=[-10],start=[0],utoken=[123]}
12:08:23.452 [qtp30120790-20] INFO  REQUEST 30 - PUT	/user/nickname	18ms	{nickname=[nick],utoken=[214]}
12:08:57.473 [qtp30120790-21] INFO  REQUEST 30 - PUT	/user/nickname	47ms	{nickname=[nick],utoken=[123]}
12:10:09.987 [qtp30120790-24] INFO  REQUEST 30 - PUT	/user/nickname	42ms	{nickname=[],utoken=[123]}
12:10:15.028 [qtp30120790-25] INFO  REQUEST 30 - PUT	/user/nickname	44ms	{nickname=[123],utoken=[123]}
12:10:24.614 [qtp30120790-21] INFO  REQUEST 30 - PUT	/user/nickname	44ms	{nickname=[nick],utoken=[123]}
12:11:20.228 [qtp30120790-20] INFO  REQUEST 30 - PUT	/user/birthday	295ms	{birthday=[123],utoken=[123]}
12:12:06.262 [qtp30120790-24] INFO  REQUEST 30 - PUT	/user/birthday	177ms	{birthday=[1991/02/02],utoken=[123]}
12:12:15.813 [qtp30120790-25] INFO  REQUEST 30 - PUT	/user/birthday	2ms	{birthday=[dwd],utoken=[123]}
12:13:30.251 [qtp30120790-23] INFO  REQUEST 30 - PUT	/user/birthday	1ms	{birthday=[dwd],utoken=[213]}
12:14:47.992 [qtp30120790-21] INFO  REQUEST 30 - PUT	/user/birthday	17ms	{birthday=[1986-01-01],utoken=[213]}
12:19:43.685 [qtp30120790-23] INFO  REQUEST 30 - PUT	/user/city	22ms	{utoken=[213],city=[1]}
12:20:43.318 [qtp30120790-21] INFO  REQUEST 30 - PUT	/user/city	48ms	{utoken=[123],city=[1]}
12:22:47.561 [qtp30120790-20] INFO  REQUEST 30 - PUT	/user/city	71ms	{utoken=[123],city=[-1]}
13:44:36.506 [qtp30120790-23] INFO  REQUEST 30 - GET	/product	78ms	{count=[1],start=[0],query=[],city=[1]}
13:52:01.749 [qtp30120790-22] INFO  REQUEST 30 - GET	/product	59ms	{count=[1],start=[0],query=[],city=[1]}
13:52:22.995 [qtp30120790-24] INFO  REQUEST 30 - GET	/product	61ms	{count=[1],start=[0],query=[],city=[1]}
13:53:08.127 [qtp30120790-21] INFO  REQUEST 30 - GET	/product	16ms	{count=[1],start=[0],query=[],city=[2]}
13:53:11.093 [qtp30120790-21] INFO  REQUEST 30 - GET	/product	50ms	{count=[1],start=[0],query=[],city=[1]}
13:59:41.363 [qtp30120790-24] INFO  REQUEST 30 - GET	/product/-1	54ms	{}
13:59:41.400 [qtp30120790-21] INFO  REQUEST 30 - GET	/product/-1/customer	72ms	{count=[6],start=[0]}
13:59:41.411 [qtp30120790-22] INFO  REQUEST 30 - GET	/product/-1/sku	42ms	{}
14:00:23.780 [qtp30120790-22] INFO  REQUEST 30 - GET	/product/12	25ms	{}
14:00:23.795 [qtp30120790-21] INFO  REQUEST 30 - GET	/product/12/place	70ms	{}
14:00:23.799 [qtp30120790-25] INFO  REQUEST 30 - GET	/product/12/sku	15ms	{}
14:00:40.888 [qtp30120790-20] INFO  REQUEST 30 - GET	/product/12	29ms	{}
14:00:40.893 [qtp30120790-24] INFO  REQUEST 30 - GET	/product/12/place	16ms	{}
14:00:40.923 [qtp30120790-22] INFO  REQUEST 30 - GET	/product/12/customer	19ms	{count=[6],start=[0]}
14:00:40.928 [qtp30120790-20] INFO  REQUEST 30 - GET	/product/12/sku	37ms	{}
14:02:44.439 [qtp30120790-24] INFO  REQUEST 30 - GET	/product/1	16ms	{}
14:02:44.447 [qtp30120790-22] INFO  REQUEST 30 - GET	/product/1/sku	21ms	{}
14:02:44.461 [qtp30120790-20] INFO  REQUEST 30 - GET	/product/1/place	21ms	{}
14:02:49.348 [qtp30120790-25] INFO  REQUEST 30 - GET	/product/37	88ms	{}
14:02:49.404 [qtp30120790-22] INFO  REQUEST 30 - GET	/product/37/place	127ms	{}
14:02:49.429 [qtp30120790-25] INFO  REQUEST 30 - GET	/product/37/sku	30ms	{}
14:02:49.722 [qtp30120790-20] INFO  REQUEST 30 - GET	/product/37/customer	312ms	{count=[6],start=[0]}
14:04:33.422 [qtp30120790-25] INFO  REQUEST 30 - GET	/product/1	21ms	{}
14:04:33.471 [qtp30120790-24] INFO  REQUEST 30 - GET	/product/1/place	18ms	{}
14:05:57.756 [qtp30120790-24] INFO  REQUEST 30 - GET	/product/13	28ms	{}
14:05:57.770 [qtp30120790-20] INFO  REQUEST 30 - GET	/product/13/place	20ms	{}
14:05:57.791 [qtp30120790-21] INFO  REQUEST 30 - GET	/product/13/sku	19ms	{}
14:05:57.795 [qtp30120790-25] INFO  REQUEST 30 - GET	/product/13/customer	17ms	{count=[6],start=[0]}
14:06:02.835 [qtp30120790-20] INFO  REQUEST 30 - GET	/product/1	16ms	{}
14:06:02.855 [qtp30120790-25] INFO  REQUEST 30 - GET	/product/1/place	20ms	{}
14:06:02.867 [qtp30120790-22] INFO  REQUEST 30 - GET	/product/1/sku	20ms	{}
14:06:02.884 [qtp30120790-23] INFO  REQUEST 30 - GET	/product/1/customer	20ms	{count=[6],start=[0]}
14:06:07.671 [qtp30120790-25] INFO  REQUEST 30 - GET	/product/55	19ms	{}
14:06:07.699 [qtp30120790-22] INFO  REQUEST 30 - GET	/product/55/place	29ms	{}
14:06:07.704 [qtp30120790-23] INFO  REQUEST 30 - GET	/product/55/sku	19ms	{}
14:10:18.128 [qtp30120790-23] INFO  REQUEST 30 - GET	/user	22ms	{utoken=[123]}
14:10:18.130 [qtp30120790-20] INFO  REQUEST 30 - GET	/product/37/sku	25ms	{}
14:12:32.322 [qtp30120790-20] INFO  REQUEST 30 - GET	/user	20ms	{utoken=[213]}
14:12:32.326 [qtp30120790-23] INFO  REQUEST 30 - GET	/product/37/sku	28ms	{}
14:12:51.380 [qtp30120790-20] INFO  REQUEST 30 - GET	/product/37/sku	44ms	{}
14:12:51.387 [qtp30120790-25] INFO  REQUEST 30 - GET	/user	30ms	{utoken=[888888]}
14:13:14.199 [qtp30120790-24] INFO  REQUEST 30 - GET	/user	22ms	{utoken=[888888]}
14:13:14.201 [qtp30120790-23] INFO  REQUEST 30 - GET	/product/37/sku	31ms	{}
14:15:19.284 [qtp30120790-24] INFO  REQUEST 30 - GET	/product/-1/sku	21ms	{}
14:15:19.287 [qtp30120790-25] INFO  REQUEST 30 - GET	/user	18ms	{utoken=[888888]}
14:15:26.580 [qtp30120790-20] INFO  REQUEST 30 - GET	/product/-1/sku	21ms	{}
14:15:26.581 [qtp30120790-23] INFO  REQUEST 30 - GET	/user	17ms	{utoken=[123]}
14:16:13.307 [qtp30120790-20] INFO  REQUEST 30 - GET	/user	23ms	{utoken=[123]}
14:16:13.315 [qtp30120790-22] INFO  REQUEST 30 - GET	/product/-1/sku	29ms	{}
14:16:22.930 [qtp30120790-25] INFO  REQUEST 30 - GET	/user	16ms	{utoken=[8888]}
14:16:22.933 [qtp30120790-24] INFO  REQUEST 30 - GET	/product/-1/sku	25ms	{}
14:16:28.157 [qtp30120790-23] INFO  REQUEST 30 - GET	/user	16ms	{utoken=[123]}
14:16:28.158 [qtp30120790-21] INFO  REQUEST 30 - GET	/product/-1/sku	20ms	{}
14:19:49.263 [qtp30120790-20] INFO  REQUEST 30 - GET	/product/-1/sku	17ms	{}
14:19:49.271 [qtp30120790-22] INFO  REQUEST 30 - GET	/user	13ms	{utoken=[213]}
14:20:59.233 [qtp30120790-23] INFO  REQUEST 30 - GET	/user	14ms	{utoken=[888888]}
14:20:59.242 [qtp30120790-25] INFO  REQUEST 30 - GET	/product/37/sku	30ms	{}
14:25:02.550 [qtp30120790-23] INFO  REQUEST 30 - GET	/product/37/sku	18ms	{}
14:25:02.563 [qtp30120790-20] INFO  REQUEST 30 - GET	/user	17ms	{utoken=[888888]}
14:25:31.257 [qtp30120790-22] INFO  REQUEST 30 - GET	/product/37/sku	25ms	{}
14:25:31.259 [qtp30120790-25] INFO  REQUEST 30 - GET	/user	22ms	{utoken=[123]}
14:25:38.170 [qtp30120790-22] INFO  REQUEST 30 - GET	/product/-1/sku	16ms	{}
14:25:38.188 [qtp30120790-25] INFO  REQUEST 30 - GET	/user	23ms	{utoken=[123]}
14:25:46.323 [qtp30120790-20] INFO  REQUEST 30 - GET	/product/-1/sku	17ms	{}
14:25:46.336 [qtp30120790-21] INFO  REQUEST 30 - GET	/user	23ms	{utoken=[213]}
14:25:59.688 [qtp30120790-23] INFO  REQUEST 30 - GET	/product/37/sku	25ms	{}
14:25:59.705 [qtp30120790-20] INFO  REQUEST 30 - GET	/user	32ms	{utoken=[888888]}
14:28:04.502 [qtp30120790-20] INFO  REQUEST 30 - GET	/product/37/sku	28ms	{}
14:28:04.509 [qtp30120790-22] INFO  REQUEST 30 - GET	/user	14ms	{utoken=[888888]}
14:31:00.273 [qtp30120790-24] INFO  REQUEST 30 - GET	/user	24ms	{utoken=[123]}
14:31:03.766 [qtp30120790-21] INFO  REQUEST 30 - GET	/user	16ms	{utoken=[123]}
14:31:12.288 [qtp30120790-21] INFO  REQUEST 30 - GET	/user	14ms	{utoken=[213]}
14:31:15.924 [qtp30120790-22] INFO  REQUEST 30 - GET	/user	16ms	{utoken=[888888]}
14:31:19.580 [qtp30120790-23] INFO  REQUEST 30 - GET	/user	18ms	{utoken=[123]}
14:31:25.021 [qtp30120790-20] INFO  REQUEST 30 - GET	/user	15ms	{utoken=[123]}
14:31:29.279 [qtp30120790-24] INFO  REQUEST 30 - GET	/user	16ms	{utoken=[123]}
14:34:08.182 [qtp33291038-20] INFO  REQUEST 30 - GET	/user	110ms	{utoken=[123]}
14:34:16.220 [qtp33291038-23] INFO  REQUEST 30 - GET	/user	19ms	{utoken=[123]}
14:34:18.424 [qtp33291038-20] INFO  REQUEST 30 - GET	/user	17ms	{utoken=[234]}
14:34:23.692 [qtp33291038-25] INFO  REQUEST 30 - PUT	/user/birthday	34ms	{birthday=[123],utoken=[123]}
14:34:29.152 [qtp33291038-20] INFO  REQUEST 30 - PUT	/user/nickname	74ms	{nickname=[nick],utoken=[123]}
14:34:36.820 [qtp33291038-25] INFO  REQUEST 30 - GET	/user/3	52ms	{}
14:34:48.442 [qtp33291038-22] INFO  REQUEST 30 - GET	/user	15ms	{utoken=[123]}
14:35:15.172 [qtp33291038-23] INFO  REQUEST 30 - GET	/user	20ms	{utoken=[123]}
14:35:40.314 [qtp33291038-24] INFO  REQUEST 30 - GET	/user	17ms	{utoken=[213]}
14:37:54.767 [qtp2334931-22] INFO  REQUEST 30 - GET	/user	330ms	{utoken=[123]}
14:37:54.788 [qtp2334931-23] INFO  REQUEST 30 - GET	/product/37/sku	352ms	{}
14:38:52.627 [qtp2334931-23] INFO  REQUEST 30 - GET	/user	18ms	{utoken=[888888]}
14:38:52.638 [qtp2334931-24] INFO  REQUEST 30 - GET	/product/37/sku	37ms	{}
14:49:53.031 [qtp2334931-20] INFO  REQUEST 30 - GET	/user	20ms	{utoken=[123]}
14:53:37.304 [qtp2334931-25] INFO  REQUEST 30 - GET	/user	22ms	{utoken=[]}
14:54:28.976 [qtp2334931-21] INFO  REQUEST 30 - GET	/user	19ms	{utoken=[213]}
14:55:03.876 [qtp2334931-23] INFO  REQUEST 30 - GET	/user	18ms	{utoken=[213]}
14:56:24.544 [qtp2334931-21] INFO  REQUEST 30 - GET	/user	17ms	{utoken=[123]}
15:05:52.900 [qtp2334931-21] INFO  REQUEST 30 - GET	/participant/46	94ms	{utoken=[123]}
15:05:58.803 [qtp2334931-23] INFO  REQUEST 30 - GET	/participant/46	27ms	{utoken=[]}
15:12:51.493 [qtp2334931-22] INFO  REQUEST 30 - GET	/participant/-1	50ms	{utoken=[123]}
15:12:56.046 [qtp2334931-20] INFO  REQUEST 30 - GET	/participant/-1	20ms	{utoken=[233]}
15:13:14.723 [qtp2334931-23] INFO  REQUEST 30 - GET	/participant/-1	19ms	{utoken=[]}
15:15:19.668 [qtp2334931-23] INFO  REQUEST 30 - GET	/participant/-1	34ms	{utoken=[123]}
15:16:24.499 [qtp2334931-20] INFO  REQUEST 30 - GET	/participant/12	15ms	{utoken=[223]}
15:17:14.155 [qtp2334931-23] INFO  REQUEST 30 - GET	/participant/-1	16ms	{utoken=[223]}
15:17:52.599 [qtp2334931-21] INFO  REQUEST 30 - GET	/participant/-1	19ms	{utoken=[223]}
15:21:14.945 [qtp2334931-22] INFO  REQUEST 30 - GET	/participant/0	21ms	{utoken=[223]}
15:22:45.541 [qtp2334931-21] INFO  REQUEST 30 - GET	/user	16ms	{utoken=[213]}
15:24:04.823 [qtp2334931-24] INFO  REQUEST 30 - GET	/participant/-1	31ms	{utoken=[123]}
15:27:56.706 [qtp2334931-20] INFO  REQUEST 30 - GET	/user	16ms	{utoken=[]}
15:28:21.232 [qtp2334931-23] INFO  REQUEST 30 - GET	/user	26ms	{utoken=[]}
15:29:25.640 [qtp2334931-24] INFO  REQUEST 30 - GET	/user	21ms	{utoken=[123]}
15:29:53.426 [qtp2334931-23] INFO  REQUEST 30 - GET	/user	24ms	{utoken=[223]}
15:31:26.799 [qtp2334931-24] INFO  REQUEST 30 - GET	/user	17ms	{utoken=[]}
15:32:20.658 [qtp2334931-23] INFO  REQUEST 30 - GET	/user	16ms	{utoken=[123]}
15:33:18.271 [qtp2334931-25] INFO  REQUEST 30 - GET	/user	17ms	{utoken=[223]}
15:34:20.649 [qtp2334931-24] INFO  REQUEST 30 - GET	/user	17ms	{utoken=[abc]}
15:34:52.858 [qtp2334931-20] INFO  REQUEST 30 - GET	/user	24ms	{utoken=[123]}
15:42:13.221 [qtp2334931-20] INFO  REQUEST 30 - DELETE	/participant/2	16ms	{utoken=[]}
15:43:40.888 [qtp2334931-20] INFO  REQUEST 30 - DELETE	/participant/-1	63ms	{utoken=[123]}
15:45:05.436 [qtp2334931-22] INFO  REQUEST 30 - DELETE	/participant/1	14ms	{utoken=[222]}
15:49:50.240 [qtp2334931-22] INFO  REQUEST 30 - DELETE	/participant/-1	22ms	{utoken=[222]}
15:51:34.175 [qtp2334931-25] INFO  REQUEST 30 - GET	/participant/46	31ms	{utoken=[]}
15:51:53.064 [qtp2334931-20] INFO  REQUEST 30 - GET	/participant/46	20ms	{utoken=[12]}
15:52:05.935 [qtp2334931-22] INFO  REQUEST 30 - GET	/participant/1	17ms	{utoken=[]}
15:53:26.401 [qtp2334931-22] INFO  REQUEST 30 - DELETE	/participant/-1	31ms	{utoken=[123]}
15:54:05.276 [qtp2334931-23] INFO  REQUEST 30 - DELETE	/participant/-1	16ms	{utoken=[222]}
15:59:48.258 [qtp2334931-22] INFO  REQUEST 30 - GET	/participant	17ms	{utoken=[]}
16:00:10.239 [qtp2334931-21] INFO  REQUEST 30 - GET	/participant	16ms	{utoken=[333]}
16:02:01.864 [qtp2334931-23] INFO  REQUEST 30 - GET	/participant	14ms	{utoken=[]}
16:02:24.606 [qtp2334931-24] INFO  REQUEST 30 - GET	/participant	30ms	{utoken=[333]}
16:07:37.007 [qtp2334931-24] INFO  REQUEST 30 - GET	/user	17ms	{utoken=[]}
16:08:00.317 [qtp2334931-25] INFO  REQUEST 30 - GET	/user	19ms	{utoken=[]}
16:08:05.335 [qtp2334931-21] INFO  REQUEST 30 - GET	/user	14ms	{utoken=[123]}
16:08:09.185 [qtp2334931-22] INFO  REQUEST 30 - GET	/user	14ms	{utoken=[]}
16:08:31.353 [qtp2334931-25] INFO  REQUEST 30 - GET	/user	19ms	{utoken=[123]}
16:09:10.400 [qtp2334931-24] INFO  REQUEST 30 - GET	/user	18ms	{utoken=[333]}
16:13:30.935 [qtp2334931-21] INFO  REQUEST 30 - GET	/user	15ms	{utoken=[]}
16:13:47.752 [qtp2334931-21] INFO  REQUEST 30 - GET	/user	16ms	{utoken=[123]}
16:14:01.370 [qtp2334931-20] INFO  REQUEST 30 - GET	/user	14ms	{utoken=[]}
16:14:13.483 [qtp2334931-24] INFO  REQUEST 30 - GET	/user	13ms	{utoken=[333]}
16:19:35.286 [qtp2334931-23] INFO  REQUEST 30 - DELETE	/order/1	54ms	{utoken=[]}
16:20:41.920 [qtp2334931-21] INFO  REQUEST 30 - DELETE	/order/1	78ms	{utoken=[123]}
16:21:19.980 [qtp2334931-20] INFO  REQUEST 30 - DELETE	/order/1	22ms	{utoken=[222]}
16:21:39.852 [qtp2334931-22] INFO  REQUEST 30 - DELETE	/order/1	19ms	{utoken=[222]}
16:39:00.948 [qtp2334931-23] INFO  REQUEST 30 - GET	/participant	57ms	{utoken=[123]}
16:39:34.386 [qtp2334931-21] INFO  REQUEST 30 - GET	/participant	29ms	{utoken=[123]}
16:59:34.604 [qtp2334931-24] INFO  REQUEST 30 - DELETE	/order/-1	35ms	{utoken=[123]}
17:03:34.835 [qtp2334931-22] INFO  REQUEST 30 - DELETE	/order/-1	22ms	{utoken=[222]}
17:08:16.716 [qtp2334931-22] INFO  REQUEST 30 - GET	/participant	34ms	{utoken=[123]}
17:13:20.062 [qtp2334931-20] INFO  REQUEST 30 - DELETE	/order/1	38ms	{utoken=[]}
17:14:41.147 [qtp2334931-22] INFO  REQUEST 30 - DELETE	/order/1	16ms	{utoken=[222]}
17:14:45.803 [qtp2334931-24] INFO  REQUEST 30 - DELETE	/order/-1	19ms	{utoken=[222]}
17:16:00.229 [qtp2334931-22] INFO  REQUEST 30 - DELETE	/order/-1	18ms	{utoken=[222]}
17:16:27.948 [qtp2334931-25] INFO  REQUEST 30 - DELETE	/order/-1	114ms	{utoken=[222]}
17:17:44.594 [qtp2334931-21] INFO  REQUEST 30 - DELETE	/order/1	18ms	{utoken=[222]}
17:17:48.324 [qtp2334931-22] INFO  REQUEST 30 - DELETE	/order/-1	92ms	{utoken=[222]}
17:18:06.622 [qtp2334931-22] INFO  REQUEST 30 - DELETE	/order/-1	78ms	{utoken=[222]}
17:21:12.418 [qtp2334931-25] INFO  REQUEST 30 - DELETE	/order/-1	135ms	{utoken=[222]}
17:22:36.716 [qtp2334931-20] INFO  REQUEST 30 - GET	/participant	31ms	{utoken=[123]}
17:26:15.012 [qtp2334931-22] INFO  REQUEST 30 - DELETE	/order/-1	135ms	{utoken=[222]}
17:38:55.657 [qtp2334931-25] INFO  REQUEST 30 - POST	/kill	97ms	{}
17:40:54.247 [qtp2334931-20] INFO  REQUEST 30 - POST	/kill	34ms	{}
17:41:56.155 [qtp2334931-22] INFO  REQUEST 30 - POST	/kill	38ms	{}
17:42:24.977 [qtp2334931-25] INFO  REQUEST 30 - POST	/kill	62ms	{}
17:46:31.245 [qtp2334931-22] INFO  REQUEST 30 - GET	/product	229ms	{count=[10],start=[0],city=[-1]}
17:46:31.250 [qtp2334931-24] INFO  REQUEST 30 - GET	/banner	234ms	{count=[3],city=[-1]}
17:46:31.298 [qtp2334931-21] INFO  REQUEST 30 - POST	/kill	10ms	{}
17:46:50.501 [qtp2334931-23] INFO  REQUEST 30 - GET	/banner	40ms	{count=[3],city=[-1]}
17:46:50.643 [qtp2334931-22] INFO  REQUEST 30 - GET	/product	176ms	{count=[10],start=[0],city=[-1]}
17:48:50.075 [qtp2334931-23] INFO  REQUEST 30 - GET	/banner	15ms	{count=[3],city=[-1]}
17:48:50.081 [qtp2334931-24] INFO  REQUEST 30 - GET	/product	16ms	{count=[10],start=[0],city=[-1]}
17:48:50.227 [qtp2334931-21] INFO  REQUEST 30 - POST	/kill	109ms	{}
17:49:10.712 [qtp2334931-22] INFO  REQUEST 30 - POST	/kill	35ms	{}
17:50:02.343 [qtp2334931-21] INFO  REQUEST 30 - POST	/kill	7ms	{}
17:52:48.440 [qtp2334931-22] INFO  REQUEST 30 - GET	/product	19ms	{count=[10],start=[-10],city=[1]}
17:52:48.609 [qtp2334931-20] INFO  REQUEST 30 - POST	/kill	86ms	{}
17:53:02.285 [qtp2334931-24] INFO  REQUEST 30 - GET	/product	2ms	{count=[10],start=[-10],city=[1]}
17:53:20.126 [qtp2334931-21] INFO  REQUEST 30 - GET	/product	22ms	{count=[10],start=[-10],city=[1]}
17:53:20.294 [qtp2334931-25] INFO  REQUEST 30 - POST	/kill	145ms	{}
18:00:26.304 [qtp2334931-25] INFO  REQUEST 30 - GET	/banner	34ms	{count=[3],city=[-1]}
18:00:26.317 [qtp2334931-20] INFO  REQUEST 30 - GET	/product	26ms	{count=[10],start=[0],city=[-1]}
18:00:26.472 [qtp2334931-21] INFO  REQUEST 30 - GET	/product	21ms	{count=[10],start=[-10],city=[1]}
18:00:26.548 [qtp2334931-23] INFO  REQUEST 30 - POST	/kill	5ms	{}
18:04:30.112 [qtp2334931-24] INFO  REQUEST 30 - GET	/banner	16ms	{count=[3],city=[-1]}
18:04:30.124 [qtp2334931-25] INFO  REQUEST 30 - GET	/product	29ms	{count=[10],start=[0],city=[-1]}
18:04:30.216 [qtp2334931-21] INFO  REQUEST 30 - POST	/kill	23ms	{}
18:07:46.406 [qtp2334931-20] INFO  REQUEST 30 - GET	/banner	271ms	{count=[3],city=[1]}
18:07:48.691 [qtp2334931-21] INFO  REQUEST 30 - GET	/product	2552ms	{count=[10],start=[0],city=[1]}
18:07:48.951 [qtp2334931-23] INFO  REQUEST 30 - GET	/product	79ms	{count=[2],start=[0],query=[],city=[1]}
18:07:49.135 [qtp2334931-25] INFO  REQUEST 30 - GET	/product/37	132ms	{}
18:07:49.304 [qtp2334931-20] INFO  REQUEST 30 - GET	/product/37/customer	294ms	{count=[6],start=[0]}
18:07:49.388 [qtp2334931-22] INFO  REQUEST 30 - GET	/product/37/sku	18ms	{}
18:07:49.400 [qtp2334931-23] INFO  REQUEST 30 - GET	/user	15ms	{utoken=[123]}
18:07:49.670 [qtp2334931-23] INFO  REQUEST 30 - GET	/user	24ms	{utoken=[123]}
18:07:50.017 [qtp2334931-24] INFO  REQUEST 30 - PUT	/user/avatar	137ms	{avatar=[http://s.momia.cn/test/admin1.jpg],utoken=[123]}
18:07:50.121 [qtp2334931-22] INFO  REQUEST 30 - PUT	/user/name	63ms	{utoken=[123],name=[吴秋枫]}
18:07:50.227 [qtp2334931-20] INFO  REQUEST 30 - PUT	/user/sex	47ms	{utoken=[123],sex=[男]}
18:07:50.415 [qtp2334931-25] INFO  REQUEST 30 - PUT	/user/birthday	118ms	{birthday=[1986-01-01],utoken=[123]}
18:07:50.505 [qtp2334931-21] INFO  REQUEST 30 - PUT	/user/city	55ms	{utoken=[123],city=[1]}
18:07:50.585 [qtp2334931-23] INFO  REQUEST 30 - PUT	/user/address	45ms	{address=[上海市长宁区长宁路969号],utoken=[123]}
18:07:50.649 [qtp2334931-20] INFO  REQUEST 30 - GET	/user	15ms	{utoken=[123]}
18:07:50.759 [qtp2334931-25] INFO  REQUEST 30 - POST	/participant	100ms	{}
18:07:50.829 [qtp2334931-21] INFO  REQUEST 30 - GET	/participant/1	21ms	{utoken=[]}
18:07:50.894 [qtp2334931-22] INFO  REQUEST 30 - GET	/user	29ms	{utoken=[123]}
18:07:51.124 [qtp2334931-25] INFO  REQUEST 30 - PUT	/participant	211ms	{}
18:07:51.207 [qtp2334931-21] INFO  REQUEST 30 - DELETE	/participant/13	38ms	{utoken=[123]}
18:07:51.298 [qtp2334931-23] INFO  REQUEST 30 - GET	/participant	29ms	{utoken=[123]}
18:07:51.350 [qtp2334931-20] INFO  REQUEST 30 - GET	/user/1	13ms	{}
18:07:51.385 [qtp2334931-24] INFO  REQUEST 30 - GET	/user	24ms	{utoken=[123]}
18:07:51.458 [qtp2334931-21] INFO  REQUEST 30 - PUT	/user/avatar	48ms	{avatar=[http://s.momia.cn/test/admin],utoken=[123]}
18:07:51.532 [qtp2334931-23] INFO  REQUEST 30 - PUT	/user/name	47ms	{utoken=[123],name=[吴秋枫]}
18:07:51.603 [qtp2334931-20] INFO  REQUEST 30 - PUT	/user/sex	48ms	{utoken=[123],sex=[男]}
18:07:51.672 [qtp2334931-25] INFO  REQUEST 30 - PUT	/user/birthday	49ms	{birthday=[1986-01-01],utoken=[123]}
18:07:51.744 [qtp2334931-24] INFO  REQUEST 30 - PUT	/user/city	47ms	{utoken=[123],city=[1]}
18:07:51.819 [qtp2334931-23] INFO  REQUEST 30 - PUT	/user/address	48ms	{address=[上海市长宁区长宁路969号],utoken=[123]}
18:07:51.902 [qtp2334931-22] INFO  REQUEST 30 - GET	/product	63ms	{count=[2],start=[0],city=[1]}
18:07:51.938 [qtp2334931-20] INFO  REQUEST 30 - GET	/product/1	14ms	{}
18:07:51.963 [qtp2334931-25] INFO  REQUEST 30 - GET	/product/1/place	5ms	{}
18:07:51.993 [qtp2334931-24] INFO  REQUEST 30 - GET	/product/1/sku	14ms	{}
18:07:52.032 [qtp2334931-21] INFO  REQUEST 30 - GET	/product/1/customer	18ms	{count=[2],start=[0]}
18:07:52.107 [qtp2334931-23] INFO  REQUEST 30 - POST	/participant	17ms	{}
18:07:52.133 [qtp2334931-22] INFO  REQUEST 30 - GET	/participant/1	3ms	{}
18:07:52.248 [qtp2334931-20] INFO  REQUEST 30 - PUT	/participant	95ms	{}
18:07:52.289 [qtp2334931-24] INFO  REQUEST 30 - DELETE	/participant/10	20ms	{utoken=[]}
18:07:52.350 [qtp2334931-21] INFO  REQUEST 30 - GET	/participant	41ms	{utoken=[123]}
18:07:52.524 [qtp2334931-22] INFO  REQUEST 30 - GET	/banner	16ms	{count=[3],city=[-1]}
18:07:52.525 [qtp2334931-20] INFO  REQUEST 30 - GET	/product	13ms	{count=[10],start=[0],city=[-1]}
18:07:52.675 [qtp2334931-23] INFO  REQUEST 30 - GET	/product	8ms	{count=[10],start=[-10],city=[1]}
18:07:52.786 [qtp2334931-25] INFO  REQUEST 30 - POST	/kill	9ms	{}
18:12:28.374 [qtp2334931-21] INFO  REQUEST 30 - POST	/kill	10ms	{}
18:14:18.432 [qtp2334931-20] INFO  REQUEST 30 - POST	/kill	4ms	{}
18:15:44.781 [qtp2334931-29] INFO  REQUEST 30 - POST	/kill	10ms	{}
18:17:58.801 [qtp2334931-30] INFO  REQUEST 30 - POST	/kill	5ms	{}
18:18:46.863 [qtp2334931-26] INFO  REQUEST 30 - POST	/kill	10ms	{}
18:19:55.647 [qtp2334931-26] INFO  REQUEST 30 - POST	/kill	10ms	{}
18:23:25.837 [qtp2334931-21] INFO  REQUEST 30 - POST	/kill	11ms	{}
18:24:29.287 [qtp2334931-29] INFO  REQUEST 30 - GET	/user	16ms	{utoken=[]}
18:24:29.320 [qtp2334931-28] INFO  REQUEST 30 - POST	/kill	6ms	{}
18:25:25.176 [qtp2334931-21] INFO  REQUEST 30 - GET	/user	16ms	{utoken=[aaaaa]}
18:25:25.210 [qtp2334931-29] INFO  REQUEST 30 - POST	/kill	5ms	{}
18:27:23.074 [qtp2334931-28] INFO  REQUEST 30 - POST	/kill	5ms	{}
18:28:22.963 [qtp2334931-23] INFO  REQUEST 30 - GET	/user/order	142ms	{type=[le],count=[0],status=[1],start=[0],utoken=[123]}
18:28:29.765 [qtp2334931-28] INFO  REQUEST 30 - GET	/user/order	3ms	{type=[le],count=[-1],status=[1],start=[0],utoken=[123]}
18:28:32.484 [qtp2334931-28] INFO  REQUEST 30 - GET	/user/order	197ms	{type=[le],count=[1],status=[1],start=[0],utoken=[123]}
18:31:15.048 [qtp2334931-23] INFO  REQUEST 30 - GET	/user/order	18ms	{type=[le],count=[1],status=[1],start=[0],utoken=[22]}
18:31:15.091 [qtp2334931-30] INFO  REQUEST 30 - POST	/kill	11ms	{}
18:32:40.706 [qtp2334931-29] INFO  REQUEST 30 - GET	/user/order	28ms	{type=[le],count=[1],status=[-10],start=[0],utoken=[123]}
18:32:40.730 [qtp2334931-30] INFO  REQUEST 30 - POST	/kill	4ms	{}
18:33:52.102 [qtp2334931-21] INFO  REQUEST 30 - POST	/kill	4ms	{}
18:35:16.965 [qtp2334931-28] INFO  REQUEST 30 - POST	/kill	10ms	{}
18:38:07.313 [qtp2334931-28] INFO  REQUEST 30 - POST	/kill	10ms	{}
18:39:47.496 [qtp2334931-23] INFO  REQUEST 30 - GET	/user/order	1ms	{type=[le],count=[1],status=[10],start=[-1],utoken=[123]}
18:39:47.523 [qtp2334931-26] INFO  REQUEST 30 - POST	/kill	4ms	{}
18:40:02.770 [qtp2334931-21] INFO  REQUEST 30 - GET	/user/order	2ms	{type=[le],count=[2],status=[1],start=[-1],utoken=[123]}
18:40:48.902 [qtp2334931-23] INFO  REQUEST 30 - POST	/kill	4ms	{}
18:42:04.044 [qtp2334931-30] INFO  REQUEST 30 - POST	/kill	10ms	{}
18:42:26.304 [qtp2334931-30] INFO  REQUEST 30 - GET	/user/order	2ms	{type=[le],count=[1],status=[1],start=[-1],utoken=[123]}
18:42:26.337 [qtp2334931-29] INFO  REQUEST 30 - POST	/kill	13ms	{}
18:44:13.601 [qtp2334931-29] INFO  REQUEST 30 - GET	/user/order	1ms	{type=[le],count=[-1],status=[1],start=[0],utoken=[123]}
18:44:13.632 [qtp2334931-21] INFO  REQUEST 30 - POST	/kill	8ms	{}
18:48:19.162 [qtp2334931-28] INFO  REQUEST 30 - POST	/kill	8ms	{}
18:48:46.816 [qtp2334931-26] INFO  REQUEST 30 - POST	/kill	5ms	{}
18:50:00.789 [qtp2334931-28] INFO  REQUEST 30 - GET	/user/order	4ms	{type=[le],count=[-1],status=[1],start=[0],utoken=[123]}
18:50:00.814 [qtp2334931-29] INFO  REQUEST 30 - POST	/kill	6ms	{}
18:53:20.953 [qtp2334931-30] INFO  REQUEST 30 - POST	/kill	9ms	{}
18:54:51.143 [qtp2334931-29] INFO  REQUEST 30 - PUT	/user/nickname	18ms	{nickname=[nick],utoken=[]}
18:54:51.169 [qtp2334931-23] INFO  REQUEST 30 - POST	/kill	4ms	{}
18:57:04.891 [qtp2334931-23] INFO  REQUEST 30 - PUT	/user/nickname	41ms	{nickname=[],utoken=[123]}
18:57:04.916 [qtp2334931-21] INFO  REQUEST 30 - POST	/kill	4ms	{}
19:00:17.933 [qtp2334931-21] INFO  REQUEST 30 - POST	/kill	12ms	{}
19:02:23.247 [qtp2334931-28] INFO  REQUEST 30 - PUT	/user/nickname	17ms	{nickname=[nick],utoken=[]}
19:02:23.357 [qtp2334931-23] INFO  REQUEST 30 - POST	/kill	91ms	{}
19:02:46.683 [qtp2334931-28] INFO  REQUEST 30 - PUT	/user/nickname	46ms	{nickname=[],utoken=[123]}
19:02:46.716 [qtp2334931-26] INFO  REQUEST 30 - POST	/kill	3ms	{}
19:03:56.432 [qtp2334931-26] INFO  REQUEST 30 - PUT	/user/nickname	15ms	{nickname=[],utoken=[]}
19:03:56.464 [qtp2334931-21] INFO  REQUEST 30 - POST	/kill	11ms	{}
19:17:11.860 [qtp2334931-30] INFO  REQUEST 30 - POST	/kill	4ms	{}
19:17:40.752 [qtp2334931-28] INFO  REQUEST 30 - PUT	/user/birthday	3ms	{birthday=[nick],utoken=[]}
19:17:40.786 [qtp2334931-30] INFO  REQUEST 30 - POST	/kill	10ms	{}
19:17:58.023 [qtp2334931-23] INFO  REQUEST 30 - PUT	/user/birthday	46ms	{birthday=[2011-01-01],utoken=[]}
19:17:58.077 [qtp2334931-26] INFO  REQUEST 30 - POST	/kill	26ms	{}
19:19:49.125 [qtp2334931-28] INFO  REQUEST 30 - PUT	/user/birthday	2ms	{birthday=[hiuh],utoken=[]}
19:19:49.159 [qtp2334931-30] INFO  REQUEST 30 - POST	/kill	3ms	{}
19:24:56.120 [qtp2334931-30] INFO  REQUEST 30 - PUT	/user/birthday	2ms	{birthday=[123],utoken=[2223]}
20:11:54.053 [qtp17963969-27] INFO  REQUEST 30 - POST	/user/birthday	508ms	{birthday=[123],utoken=[2223]}
20:12:05.697 [qtp17963969-27] INFO  REQUEST 30 - PUT	/user/birthday	105ms	{birthday=[123],utoken=[2223]}
20:12:12.713 [qtp17963969-22] INFO  REQUEST 30 - PUT	/user/birthday	4ms	{birthday=[123],utoken=[2223]}
20:12:46.474 [qtp17963969-25] INFO  REQUEST 30 - PUT	/user/birthday	3ms	{birthday=[123],utoken=[123]}
20:12:59.860 [qtp17963969-27] INFO  REQUEST 30 - PUT	/user/birthday	2ms	{birthday=[2009],utoken=[223]}
20:13:08.175 [qtp17963969-25] INFO  REQUEST 30 - PUT	/user/birthday	2ms	{birthday=[2009],utoken=[123]}
20:17:37.030 [qtp2334931-20] INFO  REQUEST 30 - PUT	/user/birthday	441ms	{birthday=[2009-01-01],utoken=[]}
20:17:37.363 [qtp2334931-19] INFO  REQUEST 30 - POST	/kill	28ms	{}
20:18:33.542 [qtp2334931-20] INFO  REQUEST 30 - PUT	/user/birthday	18ms	{birthday=[2009-01-01],utoken=[]}
20:18:33.595 [qtp2334931-19] INFO  REQUEST 30 - PUT	/user/birthday	9ms	{birthday=[2009],utoken=[]}
20:18:33.648 [qtp2334931-25] INFO  REQUEST 30 - POST	/kill	13ms	{}
20:19:12.927 [qtp2334931-23] INFO  REQUEST 30 - POST	/kill	10ms	{}
20:19:53.948 [qtp2334931-20] INFO  REQUEST 30 - POST	/kill	6ms	{}
20:22:29.250 [qtp2334931-23] INFO  REQUEST 30 - POST	/kill	5ms	{}
20:24:07.947 [qtp2334931-25] INFO  REQUEST 30 - PUT	/user/birthday	2ms	{birthday=[2009],utoken=[123]}
20:24:07.983 [qtp2334931-18] INFO  REQUEST 30 - POST	/kill	13ms	{}
20:25:08.342 [qtp2334931-25] INFO  REQUEST 30 - POST	/kill	8ms	{}
20:25:49.636 [qtp2334931-18] INFO  REQUEST 30 - POST	/kill	6ms	{}
20:26:29.811 [qtp2334931-19] INFO  REQUEST 30 - POST	/kill	14ms	{}
20:26:59.371 [qtp2334931-18] INFO  REQUEST 30 - POST	/kill	10ms	{}
20:27:28.911 [qtp2334931-19] INFO  REQUEST 30 - PUT	/user/city	196ms	{utoken=[123],city=[-1]}
20:28:49.885 [qtp2334931-21] INFO  REQUEST 30 - PUT	/user/city	16ms	{utoken=[],city=[1]}
20:28:50.016 [qtp2334931-23] INFO  REQUEST 30 - PUT	/user/city	41ms	{utoken=[123],city=[-1]}
20:28:50.124 [qtp2334931-25] INFO  REQUEST 30 - POST	/kill	13ms	{}
20:30:07.827 [qtp2334931-23] INFO  REQUEST 30 - POST	/kill	9ms	{}
20:30:57.345 [qtp2334931-19] INFO  REQUEST 30 - POST	/kill	20ms	{}
20:37:32.304 [qtp2334931-21] INFO  REQUEST 30 - POST	/kill	10ms	{}
20:38:46.007 [qtp2334931-19] INFO  REQUEST 30 - GET	/user	15ms	{utoken=[]}
20:38:46.040 [qtp2334931-23] INFO  REQUEST 30 - POST	/kill	5ms	{}
20:39:08.188 [qtp2334931-20] INFO  REQUEST 30 - GET	/user	60ms	{utoken=[123]}
20:40:01.171 [qtp2334931-20] INFO  REQUEST 30 - GET	/user	15ms	{utoken=[]}
20:40:01.204 [qtp2334931-25] INFO  REQUEST 30 - POST	/kill	12ms	{}
20:40:18.484 [qtp2334931-25] INFO  REQUEST 30 - GET	/user	17ms	{utoken=[123]}
20:40:21.023 [qtp2334931-25] INFO  REQUEST 30 - GET	/user	16ms	{utoken=[213]}
20:40:24.345 [qtp2334931-19] INFO  REQUEST 30 - GET	/user	16ms	{utoken=[213]}
20:41:14.549 [qtp2334931-18] INFO  REQUEST 30 - GET	/user	16ms	{utoken=[213]}
20:41:21.176 [qtp2334931-18] INFO  REQUEST 30 - GET	/user	20ms	{utoken=[123]}
20:42:25.350 [qtp2334931-25] INFO  REQUEST 30 - GET	/user	17ms	{utoken=[123]}
20:42:25.423 [qtp2334931-20] INFO  REQUEST 30 - GET	/user	20ms	{utoken=[123]}
20:42:25.481 [qtp2334931-21] INFO  REQUEST 30 - POST	/kill	11ms	{}
20:44:44.174 [qtp2334931-19] INFO  REQUEST 30 - POST	/kill	11ms	{}
20:46:11.851 [qtp2334931-19] INFO  REQUEST 30 - GET	/participant/37	26ms	{utoken=[]}
20:46:11.887 [qtp2334931-18] INFO  REQUEST 30 - POST	/kill	18ms	{}
20:47:15.335 [qtp2334931-20] INFO  REQUEST 30 - POST	/kill	6ms	{}
20:48:24.940 [qtp2334931-23] INFO  REQUEST 30 - POST	/kill	16ms	{}
20:48:37.197 [qtp2334931-18] INFO  REQUEST 30 - GET	/participant/46	19ms	{utoken=[]}
20:50:20.297 [qtp2334931-21] INFO  REQUEST 30 - GET	/participant/-1	65ms	{utoken=[123]}
20:50:20.330 [qtp2334931-25] INFO  REQUEST 30 - POST	/kill	10ms	{}
20:51:30.981 [qtp2334931-19] INFO  REQUEST 30 - POST	/kill	16ms	{}
20:53:09.441 [qtp2334931-25] INFO  REQUEST 30 - POST	/kill	10ms	{}
20:54:12.423 [qtp2334931-21] INFO  REQUEST 30 - GET	/user	14ms	{utoken=[]}
20:54:12.454 [qtp2334931-25] INFO  REQUEST 30 - POST	/kill	4ms	{}
20:55:01.981 [qtp2334931-25] INFO  REQUEST 30 - GET	/user	18ms	{utoken=[]}
20:55:02.011 [qtp2334931-19] INFO  REQUEST 30 - POST	/kill	10ms	{}
20:55:43.280 [qtp2334931-23] INFO  REQUEST 30 - GET	/user	21ms	{utoken=[]}
20:55:43.308 [qtp2334931-25] INFO  REQUEST 30 - POST	/kill	5ms	{}
20:55:55.611 [qtp2334931-20] INFO  REQUEST 30 - GET	/user	20ms	{utoken=[223]}
20:57:54.984 [qtp2334931-18] INFO  REQUEST 30 - GET	/user	20ms	{utoken=[222]}
20:57:55.023 [qtp2334931-23] INFO  REQUEST 30 - POST	/kill	19ms	{}
21:00:11.181 [qtp2334931-18] INFO  REQUEST 30 - POST	/kill	5ms	{}
