10:59:09.884 [main]        INFO  / 2040 - Initializing Spring root WebApplicationContext
10:59:11.855 [main]        INFO  cn.momia.common.web.logger.LoggerConfigurer 31 - set logger level to: INFO
10:59:12.015 [MLog-Init-Reporter] INFO  com.mchange.v2.log.MLog 203 - MLog clients using slf4j logging.
10:59:12.245 [main]        INFO  com.mchange.v2.c3p0.C3P0Registry 203 - Initializing c3p0-0.9.5 [built 02-January-2015 13:25:04 -0500; debug? true; trace: 10]
10:59:12.743 [main]        INFO  c.m.v2.c3p0.impl.AbstractPoolBackedDataSource 203 - Initializing c3p0 pool... com.mchange.v2.c3p0.ComboPooledDataSource [ acquireIncrement -> 3, acquireRetryAttempts -> 30, acquireRetryDelay -> 1000, autoCommitOnClose -> false, automaticTestTable -> null, breakAfterAcquireFailure -> false, checkoutTimeout -> 1800000, connectionCustomizerClassName -> null, connectionTesterClassName -> com.mchange.v2.c3p0.impl.DefaultConnectionTester, contextClassLoaderSource -> caller, dataSourceName -> z8kfsx9a1100km682fxz0|e312b, debugUnreturnedConnectionStackTraces -> false, description -> null, driverClass -> com.mysql.jdbc.Driver, extensions -> {}, factoryClassLocation -> null, forceIgnoreUnresolvedTransactions -> false, forceUseNamedDriverClass -> false, identityToken -> z8kfsx9a1100km682fxz0|e312b, idleConnectionTestPeriod -> 5, initialPoolSize -> 3, jdbcUrl -> jdbc:mysql://120.55.102.12:3306/tongqu?characterEncoding=UTF-8&zeroDateTimeBehavior=convertToNull, maxAdministrativeTaskTime -> 0, maxConnectionAge -> 0, maxIdleTime -> 7200, maxIdleTimeExcessConnections -> 0, maxPoolSize -> 30, maxStatements -> 0, maxStatementsPerConnection -> 0, minPoolSize -> 3, numHelperThreads -> 3, preferredTestQuery -> SELECT 1, privilegeSpawnedThreads -> false, properties -> {user=******, password=******}, propertyCycle -> 0, statementCacheNumDeferredCloseThreads -> 0, testConnectionOnCheckin -> true, testConnectionOnCheckout -> false, unreturnedConnectionTimeout -> 0, userOverrides -> {}, usesTraditionalReflectiveProxies -> false ]
10:59:14.041 [main]        INFO  / 2040 - Initializing Spring FrameworkServlet 'service'
10:59:15.224 [main]        WARN  / 2050 - unavailable
org.springframework.beans.factory.BeanCreationException: Error creating bean with name 'authController': Injection of autowired dependencies failed; nested exception is org.springframework.beans.factory.BeanCreationException: Could not autowire field: private cn.momia.service.sms.SmsSender cn.momia.service.web.ctrl.base.AuthController.smsSender; nested exception is org.springframework.beans.factory.NoSuchBeanDefinitionException: No qualifying bean of type [cn.momia.service.sms.SmsSender] found for dependency: expected at least 1 bean which qualifies as autowire candidate for this dependency. Dependency annotations: {@org.springframework.beans.factory.annotation.Autowired(required=true)}
	at org.springframework.beans.factory.annotation.AutowiredAnnotationBeanPostProcessor.postProcessPropertyValues(AutowiredAnnotationBeanPostProcessor.java:334) ~[spring-beans-4.1.6.RELEASE.jar:4.1.6.RELEASE]
	at org.springframework.beans.factory.support.AbstractAutowireCapableBeanFactory.populateBean(AbstractAutowireCapableBeanFactory.java:1210) ~[spring-beans-4.1.6.RELEASE.jar:4.1.6.RELEASE]
	at org.springframework.beans.factory.support.AbstractAutowireCapableBeanFactory.doCreateBean(AbstractAutowireCapableBeanFactory.java:537) ~[spring-beans-4.1.6.RELEASE.jar:4.1.6.RELEASE]
	at org.springframework.beans.factory.support.AbstractAutowireCapableBeanFactory.createBean(AbstractAutowireCapableBeanFactory.java:476) ~[spring-beans-4.1.6.RELEASE.jar:4.1.6.RELEASE]
	at org.springframework.beans.factory.support.AbstractBeanFactory$1.getObject(AbstractBeanFactory.java:303) ~[spring-beans-4.1.6.RELEASE.jar:4.1.6.RELEASE]
	at org.springframework.beans.factory.support.DefaultSingletonBeanRegistry.getSingleton(DefaultSingletonBeanRegistry.java:230) ~[spring-beans-4.1.6.RELEASE.jar:4.1.6.RELEASE]
	at org.springframework.beans.factory.support.AbstractBeanFactory.doGetBean(AbstractBeanFactory.java:299) ~[spring-beans-4.1.6.RELEASE.jar:4.1.6.RELEASE]
	at org.springframework.beans.factory.support.AbstractBeanFactory.getBean(AbstractBeanFactory.java:194) ~[spring-beans-4.1.6.RELEASE.jar:4.1.6.RELEASE]
	at org.springframework.beans.factory.support.DefaultListableBeanFactory.preInstantiateSingletons(DefaultListableBeanFactory.java:755) ~[spring-beans-4.1.6.RELEASE.jar:4.1.6.RELEASE]
	at org.springframework.context.support.AbstractApplicationContext.finishBeanFactoryInitialization(AbstractApplicationContext.java:757) ~[spring-context-4.1.6.RELEASE.jar:4.1.6.RELEASE]
	at org.springframework.context.support.AbstractApplicationContext.refresh(AbstractApplicationContext.java:480) ~[spring-context-4.1.6.RELEASE.jar:4.1.6.RELEASE]
	at org.springframework.web.servlet.FrameworkServlet.configureAndRefreshWebApplicationContext(FrameworkServlet.java:663) ~[spring-webmvc-4.1.6.RELEASE.jar:4.1.6.RELEASE]
	at org.springframework.web.servlet.FrameworkServlet.createWebApplicationContext(FrameworkServlet.java:629) ~[spring-webmvc-4.1.6.RELEASE.jar:4.1.6.RELEASE]
	at org.springframework.web.servlet.FrameworkServlet.createWebApplicationContext(FrameworkServlet.java:677) ~[spring-webmvc-4.1.6.RELEASE.jar:4.1.6.RELEASE]
	at org.springframework.web.servlet.FrameworkServlet.initWebApplicationContext(FrameworkServlet.java:548) ~[spring-webmvc-4.1.6.RELEASE.jar:4.1.6.RELEASE]
	at org.springframework.web.servlet.FrameworkServlet.initServletBean(FrameworkServlet.java:489) ~[spring-webmvc-4.1.6.RELEASE.jar:4.1.6.RELEASE]
	at org.springframework.web.servlet.HttpServletBean.init(HttpServletBean.java:136) ~[spring-webmvc-4.1.6.RELEASE.jar:4.1.6.RELEASE]
	at javax.servlet.GenericServlet.init(GenericServlet.java:244) ~[javax.servlet-3.0.0.v201112011016.jar:na]
	at org.eclipse.jetty.servlet.ServletHolder.initServlet(ServletHolder.java:532) [jetty-servlet-8.1.17.v20150415.jar:8.1.17.v20150415]
	at org.eclipse.jetty.servlet.ServletHolder.doStart(ServletHolder.java:344) [jetty-servlet-8.1.17.v20150415.jar:8.1.17.v20150415]
	at org.eclipse.jetty.util.component.AbstractLifeCycle.start(AbstractLifeCycle.java:64) [jetty-util-8.1.17.v20150415.jar:8.1.17.v20150415]
	at org.eclipse.jetty.servlet.ServletHandler.initialize(ServletHandler.java:791) [jetty-servlet-8.1.17.v20150415.jar:8.1.17.v20150415]
	at org.eclipse.jetty.servlet.ServletContextHandler.startContext(ServletContextHandler.java:265) [jetty-servlet-8.1.17.v20150415.jar:8.1.17.v20150415]
	at org.eclipse.jetty.webapp.WebAppContext.startContext(WebAppContext.java:1242) [jetty-webapp-8.1.17.v20150415.jar:8.1.17.v20150415]
	at org.eclipse.jetty.server.handler.ContextHandler.doStart(ContextHandler.java:717) [jetty-server-8.1.17.v20150415.jar:8.1.17.v20150415]
	at org.eclipse.jetty.webapp.WebAppContext.doStart(WebAppContext.java:494) [jetty-webapp-8.1.17.v20150415.jar:8.1.17.v20150415]
	at org.eclipse.jetty.util.component.AbstractLifeCycle.start(AbstractLifeCycle.java:64) [jetty-util-8.1.17.v20150415.jar:8.1.17.v20150415]
	at org.eclipse.jetty.server.handler.HandlerWrapper.doStart(HandlerWrapper.java:95) [jetty-server-8.1.17.v20150415.jar:8.1.17.v20150415]
	at org.eclipse.jetty.server.Server.doStart(Server.java:282) [jetty-server-8.1.17.v20150415.jar:8.1.17.v20150415]
	at org.eclipse.jetty.util.component.AbstractLifeCycle.start(AbstractLifeCycle.java:64) [jetty-util-8.1.17.v20150415.jar:8.1.17.v20150415]
	at cn.momia.service.web.ServiceWeb.main(ServiceWeb.java:27) [classes/:na]
	at sun.reflect.NativeMethodAccessorImpl.invoke0(Native Method) ~[na:1.7.0_79]
	at sun.reflect.NativeMethodAccessorImpl.invoke(NativeMethodAccessorImpl.java:57) ~[na:1.7.0_79]
	at sun.reflect.DelegatingMethodAccessorImpl.invoke(DelegatingMethodAccessorImpl.java:43) ~[na:1.7.0_79]
	at java.lang.reflect.Method.invoke(Method.java:606) ~[na:1.7.0_79]
	at com.intellij.rt.execution.application.AppMain.main(AppMain.java:140) [idea_rt.jar:na]
Caused by: org.springframework.beans.factory.BeanCreationException: Could not autowire field: private cn.momia.service.sms.SmsSender cn.momia.service.web.ctrl.base.AuthController.smsSender; nested exception is org.springframework.beans.factory.NoSuchBeanDefinitionException: No qualifying bean of type [cn.momia.service.sms.SmsSender] found for dependency: expected at least 1 bean which qualifies as autowire candidate for this dependency. Dependency annotations: {@org.springframework.beans.factory.annotation.Autowired(required=true)}
	at org.springframework.beans.factory.annotation.AutowiredAnnotationBeanPostProcessor$AutowiredFieldElement.inject(AutowiredAnnotationBeanPostProcessor.java:561) ~[spring-beans-4.1.6.RELEASE.jar:4.1.6.RELEASE]
	at org.springframework.beans.factory.annotation.InjectionMetadata.inject(InjectionMetadata.java:88) ~[spring-beans-4.1.6.RELEASE.jar:4.1.6.RELEASE]
	at org.springframework.beans.factory.annotation.AutowiredAnnotationBeanPostProcessor.postProcessPropertyValues(AutowiredAnnotationBeanPostProcessor.java:331) ~[spring-beans-4.1.6.RELEASE.jar:4.1.6.RELEASE]
	... 35 common frames omitted
Caused by: org.springframework.beans.factory.NoSuchBeanDefinitionException: No qualifying bean of type [cn.momia.service.sms.SmsSender] found for dependency: expected at least 1 bean which qualifies as autowire candidate for this dependency. Dependency annotations: {@org.springframework.beans.factory.annotation.Autowired(required=true)}
	at org.springframework.beans.factory.support.DefaultListableBeanFactory.raiseNoSuchBeanDefinitionException(DefaultListableBeanFactory.java:1301) ~[spring-beans-4.1.6.RELEASE.jar:4.1.6.RELEASE]
	at org.springframework.beans.factory.support.DefaultListableBeanFactory.doResolveDependency(DefaultListableBeanFactory.java:1047) ~[spring-beans-4.1.6.RELEASE.jar:4.1.6.RELEASE]
	at org.springframework.beans.factory.support.DefaultListableBeanFactory.resolveDependency(DefaultListableBeanFactory.java:942) ~[spring-beans-4.1.6.RELEASE.jar:4.1.6.RELEASE]
	at org.springframework.beans.factory.annotation.AutowiredAnnotationBeanPostProcessor$AutowiredFieldElement.inject(AutowiredAnnotationBeanPostProcessor.java:533) ~[spring-beans-4.1.6.RELEASE.jar:4.1.6.RELEASE]
	... 37 common frames omitted
10:59:15.227 [main]        WARN  o.eclipse.jetty.util.component.AbstractLifeCycle 204 - FAILED service: javax.servlet.ServletException: service
javax.servlet.ServletException: service
	at org.eclipse.jetty.servlet.ServletHolder.initServlet(ServletHolder.java:553) ~[jetty-servlet-8.1.17.v20150415.jar:8.1.17.v20150415]
	at org.eclipse.jetty.servlet.ServletHolder.doStart(ServletHolder.java:344) ~[jetty-servlet-8.1.17.v20150415.jar:8.1.17.v20150415]
	at org.eclipse.jetty.util.component.AbstractLifeCycle.start(AbstractLifeCycle.java:64) [jetty-util-8.1.17.v20150415.jar:8.1.17.v20150415]
	at org.eclipse.jetty.servlet.ServletHandler.initialize(ServletHandler.java:791) [jetty-servlet-8.1.17.v20150415.jar:8.1.17.v20150415]
	at org.eclipse.jetty.servlet.ServletContextHandler.startContext(ServletContextHandler.java:265) [jetty-servlet-8.1.17.v20150415.jar:8.1.17.v20150415]
	at org.eclipse.jetty.webapp.WebAppContext.startContext(WebAppContext.java:1242) [jetty-webapp-8.1.17.v20150415.jar:8.1.17.v20150415]
	at org.eclipse.jetty.server.handler.ContextHandler.doStart(ContextHandler.java:717) [jetty-server-8.1.17.v20150415.jar:8.1.17.v20150415]
	at org.eclipse.jetty.webapp.WebAppContext.doStart(WebAppContext.java:494) [jetty-webapp-8.1.17.v20150415.jar:8.1.17.v20150415]
	at org.eclipse.jetty.util.component.AbstractLifeCycle.start(AbstractLifeCycle.java:64) [jetty-util-8.1.17.v20150415.jar:8.1.17.v20150415]
	at org.eclipse.jetty.server.handler.HandlerWrapper.doStart(HandlerWrapper.java:95) [jetty-server-8.1.17.v20150415.jar:8.1.17.v20150415]
	at org.eclipse.jetty.server.Server.doStart(Server.java:282) [jetty-server-8.1.17.v20150415.jar:8.1.17.v20150415]
	at org.eclipse.jetty.util.component.AbstractLifeCycle.start(AbstractLifeCycle.java:64) [jetty-util-8.1.17.v20150415.jar:8.1.17.v20150415]
	at cn.momia.service.web.ServiceWeb.main(ServiceWeb.java:27) [classes/:na]
	at sun.reflect.NativeMethodAccessorImpl.invoke0(Native Method) ~[na:1.7.0_79]
	at sun.reflect.NativeMethodAccessorImpl.invoke(NativeMethodAccessorImpl.java:57) ~[na:1.7.0_79]
	at sun.reflect.DelegatingMethodAccessorImpl.invoke(DelegatingMethodAccessorImpl.java:43) ~[na:1.7.0_79]
	at java.lang.reflect.Method.invoke(Method.java:606) ~[na:1.7.0_79]
	at com.intellij.rt.execution.application.AppMain.main(AppMain.java:140) [idea_rt.jar:na]
Caused by: org.springframework.beans.factory.BeanCreationException: Error creating bean with name 'authController': Injection of autowired dependencies failed; nested exception is org.springframework.beans.factory.BeanCreationException: Could not autowire field: private cn.momia.service.sms.SmsSender cn.momia.service.web.ctrl.base.AuthController.smsSender; nested exception is org.springframework.beans.factory.NoSuchBeanDefinitionException: No qualifying bean of type [cn.momia.service.sms.SmsSender] found for dependency: expected at least 1 bean which qualifies as autowire candidate for this dependency. Dependency annotations: {@org.springframework.beans.factory.annotation.Autowired(required=true)}
	at org.springframework.beans.factory.annotation.AutowiredAnnotationBeanPostProcessor.postProcessPropertyValues(AutowiredAnnotationBeanPostProcessor.java:334) ~[spring-beans-4.1.6.RELEASE.jar:4.1.6.RELEASE]
	at org.springframework.beans.factory.support.AbstractAutowireCapableBeanFactory.populateBean(AbstractAutowireCapableBeanFactory.java:1210) ~[spring-beans-4.1.6.RELEASE.jar:4.1.6.RELEASE]
	at org.springframework.beans.factory.support.AbstractAutowireCapableBeanFactory.doCreateBean(AbstractAutowireCapableBeanFactory.java:537) ~[spring-beans-4.1.6.RELEASE.jar:4.1.6.RELEASE]
	at org.springframework.beans.factory.support.AbstractAutowireCapableBeanFactory.createBean(AbstractAutowireCapableBeanFactory.java:476) ~[spring-beans-4.1.6.RELEASE.jar:4.1.6.RELEASE]
	at org.springframework.beans.factory.support.AbstractBeanFactory$1.getObject(AbstractBeanFactory.java:303) ~[spring-beans-4.1.6.RELEASE.jar:4.1.6.RELEASE]
	at org.springframework.beans.factory.support.DefaultSingletonBeanRegistry.getSingleton(DefaultSingletonBeanRegistry.java:230) ~[spring-beans-4.1.6.RELEASE.jar:4.1.6.RELEASE]
	at org.springframework.beans.factory.support.AbstractBeanFactory.doGetBean(AbstractBeanFactory.java:299) ~[spring-beans-4.1.6.RELEASE.jar:4.1.6.RELEASE]
	at org.springframework.beans.factory.support.AbstractBeanFactory.getBean(AbstractBeanFactory.java:194) ~[spring-beans-4.1.6.RELEASE.jar:4.1.6.RELEASE]
	at org.springframework.beans.factory.support.DefaultListableBeanFactory.preInstantiateSingletons(DefaultListableBeanFactory.java:755) ~[spring-beans-4.1.6.RELEASE.jar:4.1.6.RELEASE]
	at org.springframework.context.support.AbstractApplicationContext.finishBeanFactoryInitialization(AbstractApplicationContext.java:757) ~[spring-context-4.1.6.RELEASE.jar:4.1.6.RELEASE]
	at org.springframework.context.support.AbstractApplicationContext.refresh(AbstractApplicationContext.java:480) ~[spring-context-4.1.6.RELEASE.jar:4.1.6.RELEASE]
	at org.springframework.web.servlet.FrameworkServlet.configureAndRefreshWebApplicationContext(FrameworkServlet.java:663) ~[spring-webmvc-4.1.6.RELEASE.jar:4.1.6.RELEASE]
	at org.springframework.web.servlet.FrameworkServlet.createWebApplicationContext(FrameworkServlet.java:629) ~[spring-webmvc-4.1.6.RELEASE.jar:4.1.6.RELEASE]
	at org.springframework.web.servlet.FrameworkServlet.createWebApplicationContext(FrameworkServlet.java:677) ~[spring-webmvc-4.1.6.RELEASE.jar:4.1.6.RELEASE]
	at org.springframework.web.servlet.FrameworkServlet.initWebApplicationContext(FrameworkServlet.java:548) ~[spring-webmvc-4.1.6.RELEASE.jar:4.1.6.RELEASE]
	at org.springframework.web.servlet.FrameworkServlet.initServletBean(FrameworkServlet.java:489) ~[spring-webmvc-4.1.6.RELEASE.jar:4.1.6.RELEASE]
	at org.springframework.web.servlet.HttpServletBean.init(HttpServletBean.java:136) ~[spring-webmvc-4.1.6.RELEASE.jar:4.1.6.RELEASE]
	at javax.servlet.GenericServlet.init(GenericServlet.java:244) ~[javax.servlet-3.0.0.v201112011016.jar:na]
	at org.eclipse.jetty.servlet.ServletHolder.initServlet(ServletHolder.java:532) ~[jetty-servlet-8.1.17.v20150415.jar:8.1.17.v20150415]
	... 17 common frames omitted
Caused by: org.springframework.beans.factory.BeanCreationException: Could not autowire field: private cn.momia.service.sms.SmsSender cn.momia.service.web.ctrl.base.AuthController.smsSender; nested exception is org.springframework.beans.factory.NoSuchBeanDefinitionException: No qualifying bean of type [cn.momia.service.sms.SmsSender] found for dependency: expected at least 1 bean which qualifies as autowire candidate for this dependency. Dependency annotations: {@org.springframework.beans.factory.annotation.Autowired(required=true)}
	at org.springframework.beans.factory.annotation.AutowiredAnnotationBeanPostProcessor$AutowiredFieldElement.inject(AutowiredAnnotationBeanPostProcessor.java:561) ~[spring-beans-4.1.6.RELEASE.jar:4.1.6.RELEASE]
	at org.springframework.beans.factory.annotation.InjectionMetadata.inject(InjectionMetadata.java:88) ~[spring-beans-4.1.6.RELEASE.jar:4.1.6.RELEASE]
	at org.springframework.beans.factory.annotation.AutowiredAnnotationBeanPostProcessor.postProcessPropertyValues(AutowiredAnnotationBeanPostProcessor.java:331) ~[spring-beans-4.1.6.RELEASE.jar:4.1.6.RELEASE]
	... 35 common frames omitted
Caused by: org.springframework.beans.factory.NoSuchBeanDefinitionException: No qualifying bean of type [cn.momia.service.sms.SmsSender] found for dependency: expected at least 1 bean which qualifies as autowire candidate for this dependency. Dependency annotations: {@org.springframework.beans.factory.annotation.Autowired(required=true)}
	at org.springframework.beans.factory.support.DefaultListableBeanFactory.raiseNoSuchBeanDefinitionException(DefaultListableBeanFactory.java:1301) ~[spring-beans-4.1.6.RELEASE.jar:4.1.6.RELEASE]
	at org.springframework.beans.factory.support.DefaultListableBeanFactory.doResolveDependency(DefaultListableBeanFactory.java:1047) ~[spring-beans-4.1.6.RELEASE.jar:4.1.6.RELEASE]
	at org.springframework.beans.factory.support.DefaultListableBeanFactory.resolveDependency(DefaultListableBeanFactory.java:942) ~[spring-beans-4.1.6.RELEASE.jar:4.1.6.RELEASE]
	at org.springframework.beans.factory.annotation.AutowiredAnnotationBeanPostProcessor$AutowiredFieldElement.inject(AutowiredAnnotationBeanPostProcessor.java:533) ~[spring-beans-4.1.6.RELEASE.jar:4.1.6.RELEASE]
	... 37 common frames omitted
10:59:15.229 [main]        WARN  org.eclipse.jetty.webapp.WebAppContext 503 - Failed startup of context o.e.j.w.WebAppContext{/,file:/home/ysm/momia/momia/service/web/}
javax.servlet.ServletException: service
	at org.eclipse.jetty.servlet.ServletHolder.initServlet(ServletHolder.java:553) ~[jetty-servlet-8.1.17.v20150415.jar:8.1.17.v20150415]
	at org.eclipse.jetty.servlet.ServletHolder.doStart(ServletHolder.java:344) ~[jetty-servlet-8.1.17.v20150415.jar:8.1.17.v20150415]
	at org.eclipse.jetty.util.component.AbstractLifeCycle.start(AbstractLifeCycle.java:64) [jetty-util-8.1.17.v20150415.jar:8.1.17.v20150415]
	at org.eclipse.jetty.servlet.ServletHandler.initialize(ServletHandler.java:791) ~[jetty-servlet-8.1.17.v20150415.jar:8.1.17.v20150415]
	at org.eclipse.jetty.servlet.ServletContextHandler.startContext(ServletContextHandler.java:265) ~[jetty-servlet-8.1.17.v20150415.jar:8.1.17.v20150415]
	at org.eclipse.jetty.webapp.WebAppContext.startContext(WebAppContext.java:1242) ~[jetty-webapp-8.1.17.v20150415.jar:8.1.17.v20150415]
	at org.eclipse.jetty.server.handler.ContextHandler.doStart(ContextHandler.java:717) ~[jetty-server-8.1.17.v20150415.jar:8.1.17.v20150415]
	at org.eclipse.jetty.webapp.WebAppContext.doStart(WebAppContext.java:494) ~[jetty-webapp-8.1.17.v20150415.jar:8.1.17.v20150415]
	at org.eclipse.jetty.util.component.AbstractLifeCycle.start(AbstractLifeCycle.java:64) [jetty-util-8.1.17.v20150415.jar:8.1.17.v20150415]
	at org.eclipse.jetty.server.handler.HandlerWrapper.doStart(HandlerWrapper.java:95) [jetty-server-8.1.17.v20150415.jar:8.1.17.v20150415]
	at org.eclipse.jetty.server.Server.doStart(Server.java:282) [jetty-server-8.1.17.v20150415.jar:8.1.17.v20150415]
	at org.eclipse.jetty.util.component.AbstractLifeCycle.start(AbstractLifeCycle.java:64) [jetty-util-8.1.17.v20150415.jar:8.1.17.v20150415]
	at cn.momia.service.web.ServiceWeb.main(ServiceWeb.java:27) [classes/:na]
	at sun.reflect.NativeMethodAccessorImpl.invoke0(Native Method) ~[na:1.7.0_79]
	at sun.reflect.NativeMethodAccessorImpl.invoke(NativeMethodAccessorImpl.java:57) ~[na:1.7.0_79]
	at sun.reflect.DelegatingMethodAccessorImpl.invoke(DelegatingMethodAccessorImpl.java:43) ~[na:1.7.0_79]
	at java.lang.reflect.Method.invoke(Method.java:606) ~[na:1.7.0_79]
	at com.intellij.rt.execution.application.AppMain.main(AppMain.java:140) [idea_rt.jar:na]
Caused by: org.springframework.beans.factory.BeanCreationException: Error creating bean with name 'authController': Injection of autowired dependencies failed; nested exception is org.springframework.beans.factory.BeanCreationException: Could not autowire field: private cn.momia.service.sms.SmsSender cn.momia.service.web.ctrl.base.AuthController.smsSender; nested exception is org.springframework.beans.factory.NoSuchBeanDefinitionException: No qualifying bean of type [cn.momia.service.sms.SmsSender] found for dependency: expected at least 1 bean which qualifies as autowire candidate for this dependency. Dependency annotations: {@org.springframework.beans.factory.annotation.Autowired(required=true)}
	at org.springframework.beans.factory.annotation.AutowiredAnnotationBeanPostProcessor.postProcessPropertyValues(AutowiredAnnotationBeanPostProcessor.java:334) ~[spring-beans-4.1.6.RELEASE.jar:4.1.6.RELEASE]
	at org.springframework.beans.factory.support.AbstractAutowireCapableBeanFactory.populateBean(AbstractAutowireCapableBeanFactory.java:1210) ~[spring-beans-4.1.6.RELEASE.jar:4.1.6.RELEASE]
	at org.springframework.beans.factory.support.AbstractAutowireCapableBeanFactory.doCreateBean(AbstractAutowireCapableBeanFactory.java:537) ~[spring-beans-4.1.6.RELEASE.jar:4.1.6.RELEASE]
	at org.springframework.beans.factory.support.AbstractAutowireCapableBeanFactory.createBean(AbstractAutowireCapableBeanFactory.java:476) ~[spring-beans-4.1.6.RELEASE.jar:4.1.6.RELEASE]
	at org.springframework.beans.factory.support.AbstractBeanFactory$1.getObject(AbstractBeanFactory.java:303) ~[spring-beans-4.1.6.RELEASE.jar:4.1.6.RELEASE]
	at org.springframework.beans.factory.support.DefaultSingletonBeanRegistry.getSingleton(DefaultSingletonBeanRegistry.java:230) ~[spring-beans-4.1.6.RELEASE.jar:4.1.6.RELEASE]
	at org.springframework.beans.factory.support.AbstractBeanFactory.doGetBean(AbstractBeanFactory.java:299) ~[spring-beans-4.1.6.RELEASE.jar:4.1.6.RELEASE]
	at org.springframework.beans.factory.support.AbstractBeanFactory.getBean(AbstractBeanFactory.java:194) ~[spring-beans-4.1.6.RELEASE.jar:4.1.6.RELEASE]
	at org.springframework.beans.factory.support.DefaultListableBeanFactory.preInstantiateSingletons(DefaultListableBeanFactory.java:755) ~[spring-beans-4.1.6.RELEASE.jar:4.1.6.RELEASE]
	at org.springframework.context.support.AbstractApplicationContext.finishBeanFactoryInitialization(AbstractApplicationContext.java:757) ~[spring-context-4.1.6.RELEASE.jar:4.1.6.RELEASE]
	at org.springframework.context.support.AbstractApplicationContext.refresh(AbstractApplicationContext.java:480) ~[spring-context-4.1.6.RELEASE.jar:4.1.6.RELEASE]
	at org.springframework.web.servlet.FrameworkServlet.configureAndRefreshWebApplicationContext(FrameworkServlet.java:663) ~[spring-webmvc-4.1.6.RELEASE.jar:4.1.6.RELEASE]
	at org.springframework.web.servlet.FrameworkServlet.createWebApplicationContext(FrameworkServlet.java:629) ~[spring-webmvc-4.1.6.RELEASE.jar:4.1.6.RELEASE]
	at org.springframework.web.servlet.FrameworkServlet.createWebApplicationContext(FrameworkServlet.java:677) ~[spring-webmvc-4.1.6.RELEASE.jar:4.1.6.RELEASE]
	at org.springframework.web.servlet.FrameworkServlet.initWebApplicationContext(FrameworkServlet.java:548) ~[spring-webmvc-4.1.6.RELEASE.jar:4.1.6.RELEASE]
	at org.springframework.web.servlet.FrameworkServlet.initServletBean(FrameworkServlet.java:489) ~[spring-webmvc-4.1.6.RELEASE.jar:4.1.6.RELEASE]
	at org.springframework.web.servlet.HttpServletBean.init(HttpServletBean.java:136) ~[spring-webmvc-4.1.6.RELEASE.jar:4.1.6.RELEASE]
	at javax.servlet.GenericServlet.init(GenericServlet.java:244) ~[javax.servlet-3.0.0.v201112011016.jar:na]
	at org.eclipse.jetty.servlet.ServletHolder.initServlet(ServletHolder.java:532) ~[jetty-servlet-8.1.17.v20150415.jar:8.1.17.v20150415]
	... 17 common frames omitted
Caused by: org.springframework.beans.factory.BeanCreationException: Could not autowire field: private cn.momia.service.sms.SmsSender cn.momia.service.web.ctrl.base.AuthController.smsSender; nested exception is org.springframework.beans.factory.NoSuchBeanDefinitionException: No qualifying bean of type [cn.momia.service.sms.SmsSender] found for dependency: expected at least 1 bean which qualifies as autowire candidate for this dependency. Dependency annotations: {@org.springframework.beans.factory.annotation.Autowired(required=true)}
	at org.springframework.beans.factory.annotation.AutowiredAnnotationBeanPostProcessor$AutowiredFieldElement.inject(AutowiredAnnotationBeanPostProcessor.java:561) ~[spring-beans-4.1.6.RELEASE.jar:4.1.6.RELEASE]
	at org.springframework.beans.factory.annotation.InjectionMetadata.inject(InjectionMetadata.java:88) ~[spring-beans-4.1.6.RELEASE.jar:4.1.6.RELEASE]
	at org.springframework.beans.factory.annotation.AutowiredAnnotationBeanPostProcessor.postProcessPropertyValues(AutowiredAnnotationBeanPostProcessor.java:331) ~[spring-beans-4.1.6.RELEASE.jar:4.1.6.RELEASE]
	... 35 common frames omitted
Caused by: org.springframework.beans.factory.NoSuchBeanDefinitionException: No qualifying bean of type [cn.momia.service.sms.SmsSender] found for dependency: expected at least 1 bean which qualifies as autowire candidate for this dependency. Dependency annotations: {@org.springframework.beans.factory.annotation.Autowired(required=true)}
	at org.springframework.beans.factory.support.DefaultListableBeanFactory.raiseNoSuchBeanDefinitionException(DefaultListableBeanFactory.java:1301) ~[spring-beans-4.1.6.RELEASE.jar:4.1.6.RELEASE]
	at org.springframework.beans.factory.support.DefaultListableBeanFactory.doResolveDependency(DefaultListableBeanFactory.java:1047) ~[spring-beans-4.1.6.RELEASE.jar:4.1.6.RELEASE]
	at org.springframework.beans.factory.support.DefaultListableBeanFactory.resolveDependency(DefaultListableBeanFactory.java:942) ~[spring-beans-4.1.6.RELEASE.jar:4.1.6.RELEASE]
	at org.springframework.beans.factory.annotation.AutowiredAnnotationBeanPostProcessor$AutowiredFieldElement.inject(AutowiredAnnotationBeanPostProcessor.java:533) ~[spring-beans-4.1.6.RELEASE.jar:4.1.6.RELEASE]
	... 37 common frames omitted
11:00:01.394 [main]        INFO  / 2040 - Initializing Spring root WebApplicationContext
11:00:03.911 [main]        INFO  cn.momia.common.web.logger.LoggerConfigurer 31 - set logger level to: INFO
11:00:03.962 [MLog-Init-Reporter] INFO  com.mchange.v2.log.MLog 203 - MLog clients using slf4j logging.
11:00:04.133 [main]        INFO  com.mchange.v2.c3p0.C3P0Registry 203 - Initializing c3p0-0.9.5 [built 02-January-2015 13:25:04 -0500; debug? true; trace: 10]
11:00:04.547 [main]        INFO  c.m.v2.c3p0.impl.AbstractPoolBackedDataSource 203 - Initializing c3p0 pool... com.mchange.v2.c3p0.ComboPooledDataSource [ acquireIncrement -> 3, acquireRetryAttempts -> 30, acquireRetryDelay -> 1000, autoCommitOnClose -> false, automaticTestTable -> null, breakAfterAcquireFailure -> false, checkoutTimeout -> 1800000, connectionCustomizerClassName -> null, connectionTesterClassName -> com.mchange.v2.c3p0.impl.DefaultConnectionTester, contextClassLoaderSource -> caller, dataSourceName -> z8kfsx9a1101oowifd0aa|4e5ea5, debugUnreturnedConnectionStackTraces -> false, description -> null, driverClass -> com.mysql.jdbc.Driver, extensions -> {}, factoryClassLocation -> null, forceIgnoreUnresolvedTransactions -> false, forceUseNamedDriverClass -> false, identityToken -> z8kfsx9a1101oowifd0aa|4e5ea5, idleConnectionTestPeriod -> 5, initialPoolSize -> 3, jdbcUrl -> jdbc:mysql://120.55.102.12:3306/tongqu?characterEncoding=UTF-8&zeroDateTimeBehavior=convertToNull, maxAdministrativeTaskTime -> 0, maxConnectionAge -> 0, maxIdleTime -> 7200, maxIdleTimeExcessConnections -> 0, maxPoolSize -> 30, maxStatements -> 0, maxStatementsPerConnection -> 0, minPoolSize -> 3, numHelperThreads -> 3, preferredTestQuery -> SELECT 1, privilegeSpawnedThreads -> false, properties -> {user=******, password=******}, propertyCycle -> 0, statementCacheNumDeferredCloseThreads -> 0, testConnectionOnCheckin -> true, testConnectionOnCheckout -> false, unreturnedConnectionTimeout -> 0, userOverrides -> {}, usesTraditionalReflectiveProxies -> false ]
11:00:05.550 [main]        INFO  / 2040 - Initializing Spring FrameworkServlet 'service'
12:22:29.215 [main]        INFO  / 2040 - Initializing Spring root WebApplicationContext
12:22:31.872 [main]        INFO  cn.momia.common.web.logger.LoggerConfigurer 31 - set logger level to: INFO
12:22:32.006 [MLog-Init-Reporter] INFO  com.mchange.v2.log.MLog 203 - MLog clients using slf4j logging.
12:22:32.293 [main]        INFO  com.mchange.v2.c3p0.C3P0Registry 203 - Initializing c3p0-0.9.5 [built 02-January-2015 13:25:04 -0500; debug? true; trace: 10]
12:22:32.827 [main]        INFO  c.m.v2.c3p0.impl.AbstractPoolBackedDataSource 203 - Initializing c3p0 pool... com.mchange.v2.c3p0.ComboPooledDataSource [ acquireIncrement -> 3, acquireRetryAttempts -> 30, acquireRetryDelay -> 1000, autoCommitOnClose -> false, automaticTestTable -> null, breakAfterAcquireFailure -> false, checkoutTimeout -> 1800000, connectionCustomizerClassName -> null, connectionTesterClassName -> com.mchange.v2.c3p0.impl.DefaultConnectionTester, contextClassLoaderSource -> caller, dataSourceName -> z8kfsx9a112zqot1t3pu2u|12e71a4, debugUnreturnedConnectionStackTraces -> false, description -> null, driverClass -> com.mysql.jdbc.Driver, extensions -> {}, factoryClassLocation -> null, forceIgnoreUnresolvedTransactions -> false, forceUseNamedDriverClass -> false, identityToken -> z8kfsx9a112zqot1t3pu2u|12e71a4, idleConnectionTestPeriod -> 5, initialPoolSize -> 3, jdbcUrl -> jdbc:mysql://120.55.102.12:3306/tongqu?characterEncoding=UTF-8&zeroDateTimeBehavior=convertToNull, maxAdministrativeTaskTime -> 0, maxConnectionAge -> 0, maxIdleTime -> 7200, maxIdleTimeExcessConnections -> 0, maxPoolSize -> 30, maxStatements -> 0, maxStatementsPerConnection -> 0, minPoolSize -> 3, numHelperThreads -> 3, preferredTestQuery -> SELECT 1, privilegeSpawnedThreads -> false, properties -> {user=******, password=******}, propertyCycle -> 0, statementCacheNumDeferredCloseThreads -> 0, testConnectionOnCheckin -> true, testConnectionOnCheckout -> false, unreturnedConnectionTimeout -> 0, userOverrides -> {}, usesTraditionalReflectiveProxies -> false ]
12:22:33.921 [main]        INFO  / 2040 - Initializing Spring FrameworkServlet 'service'
12:25:07.190 [main]        INFO  / 2040 - Initializing Spring root WebApplicationContext
12:25:09.278 [main]        INFO  cn.momia.common.web.logger.LoggerConfigurer 31 - set logger level to: INFO
12:25:09.390 [MLog-Init-Reporter] INFO  com.mchange.v2.log.MLog 203 - MLog clients using slf4j logging.
12:25:09.630 [main]        INFO  com.mchange.v2.c3p0.C3P0Registry 203 - Initializing c3p0-0.9.5 [built 02-January-2015 13:25:04 -0500; debug? true; trace: 10]
12:25:10.172 [main]        INFO  c.m.v2.c3p0.impl.AbstractPoolBackedDataSource 203 - Initializing c3p0 pool... com.mchange.v2.c3p0.ComboPooledDataSource [ acquireIncrement -> 3, acquireRetryAttempts -> 30, acquireRetryDelay -> 1000, autoCommitOnClose -> false, automaticTestTable -> null, breakAfterAcquireFailure -> false, checkoutTimeout -> 1800000, connectionCustomizerClassName -> null, connectionTesterClassName -> com.mchange.v2.c3p0.impl.DefaultConnectionTester, contextClassLoaderSource -> caller, dataSourceName -> z8kfsx9a113342e1simz4n|f05ce2, debugUnreturnedConnectionStackTraces -> false, description -> null, driverClass -> com.mysql.jdbc.Driver, extensions -> {}, factoryClassLocation -> null, forceIgnoreUnresolvedTransactions -> false, forceUseNamedDriverClass -> false, identityToken -> z8kfsx9a113342e1simz4n|f05ce2, idleConnectionTestPeriod -> 5, initialPoolSize -> 3, jdbcUrl -> jdbc:mysql://120.55.102.12:3306/tongqu?characterEncoding=UTF-8&zeroDateTimeBehavior=convertToNull, maxAdministrativeTaskTime -> 0, maxConnectionAge -> 0, maxIdleTime -> 7200, maxIdleTimeExcessConnections -> 0, maxPoolSize -> 30, maxStatements -> 0, maxStatementsPerConnection -> 0, minPoolSize -> 3, numHelperThreads -> 3, preferredTestQuery -> SELECT 1, privilegeSpawnedThreads -> false, properties -> {user=******, password=******}, propertyCycle -> 0, statementCacheNumDeferredCloseThreads -> 0, testConnectionOnCheckin -> true, testConnectionOnCheckout -> false, unreturnedConnectionTimeout -> 0, userOverrides -> {}, usesTraditionalReflectiveProxies -> false ]
12:25:11.107 [main]        INFO  / 2040 - Initializing Spring FrameworkServlet 'service'
17:00:40.691 [main]        INFO  / 2040 - Initializing Spring root WebApplicationContext
17:00:43.209 [main]        INFO  cn.momia.common.web.logger.LoggerConfigurer 31 - set logger level to: INFO
17:00:43.282 [MLog-Init-Reporter] INFO  com.mchange.v2.log.MLog 203 - MLog clients using slf4j logging.
17:00:43.507 [main]        INFO  com.mchange.v2.c3p0.C3P0Registry 203 - Initializing c3p0-0.9.5 [built 02-January-2015 13:25:04 -0500; debug? true; trace: 10]
17:00:44.142 [main]        INFO  c.m.v2.c3p0.impl.AbstractPoolBackedDataSource 203 - Initializing c3p0 pool... com.mchange.v2.c3p0.ComboPooledDataSource [ acquireIncrement -> 3, acquireRetryAttempts -> 30, acquireRetryDelay -> 1000, autoCommitOnClose -> false, automaticTestTable -> null, breakAfterAcquireFailure -> false, checkoutTimeout -> 1800000, connectionCustomizerClassName -> null, connectionTesterClassName -> com.mchange.v2.c3p0.impl.DefaultConnectionTester, contextClassLoaderSource -> caller, dataSourceName -> z8kfsx9a11cxhpi28mjzv|127ad0d, debugUnreturnedConnectionStackTraces -> false, description -> null, driverClass -> com.mysql.jdbc.Driver, extensions -> {}, factoryClassLocation -> null, forceIgnoreUnresolvedTransactions -> false, forceUseNamedDriverClass -> false, identityToken -> z8kfsx9a11cxhpi28mjzv|127ad0d, idleConnectionTestPeriod -> 5, initialPoolSize -> 3, jdbcUrl -> jdbc:mysql://120.55.102.12:3306/tongqu?characterEncoding=UTF-8&zeroDateTimeBehavior=convertToNull, maxAdministrativeTaskTime -> 0, maxConnectionAge -> 0, maxIdleTime -> 7200, maxIdleTimeExcessConnections -> 0, maxPoolSize -> 30, maxStatements -> 0, maxStatementsPerConnection -> 0, minPoolSize -> 3, numHelperThreads -> 3, preferredTestQuery -> SELECT 1, privilegeSpawnedThreads -> false, properties -> {user=******, password=******}, propertyCycle -> 0, statementCacheNumDeferredCloseThreads -> 0, testConnectionOnCheckin -> true, testConnectionOnCheckout -> false, unreturnedConnectionTimeout -> 0, userOverrides -> {}, usesTraditionalReflectiveProxies -> false ]
17:00:45.255 [main]        INFO  / 2040 - Initializing Spring FrameworkServlet 'service'
17:10:17.266 [main]        INFO  / 2040 - Initializing Spring root WebApplicationContext
17:10:18.955 [main]        INFO  cn.momia.common.web.logger.LoggerConfigurer 31 - set logger level to: INFO
17:10:19.010 [MLog-Init-Reporter] INFO  com.mchange.v2.log.MLog 203 - MLog clients using slf4j logging.
17:10:19.206 [main]        INFO  com.mchange.v2.c3p0.C3P0Registry 203 - Initializing c3p0-0.9.5 [built 02-January-2015 13:25:04 -0500; debug? true; trace: 10]
17:10:19.614 [main]        INFO  c.m.v2.c3p0.impl.AbstractPoolBackedDataSource 203 - Initializing c3p0 pool... com.mchange.v2.c3p0.ComboPooledDataSource [ acquireIncrement -> 3, acquireRetryAttempts -> 30, acquireRetryDelay -> 1000, autoCommitOnClose -> false, automaticTestTable -> null, breakAfterAcquireFailure -> false, checkoutTimeout -> 1800000, connectionCustomizerClassName -> null, connectionTesterClassName -> com.mchange.v2.c3p0.impl.DefaultConnectionTester, contextClassLoaderSource -> caller, dataSourceName -> z8kfsx9a11d9txsdrbomv|1460415, debugUnreturnedConnectionStackTraces -> false, description -> null, driverClass -> com.mysql.jdbc.Driver, extensions -> {}, factoryClassLocation -> null, forceIgnoreUnresolvedTransactions -> false, forceUseNamedDriverClass -> false, identityToken -> z8kfsx9a11d9txsdrbomv|1460415, idleConnectionTestPeriod -> 5, initialPoolSize -> 3, jdbcUrl -> jdbc:mysql://120.55.102.12:3306/tongqu?characterEncoding=UTF-8&zeroDateTimeBehavior=convertToNull, maxAdministrativeTaskTime -> 0, maxConnectionAge -> 0, maxIdleTime -> 7200, maxIdleTimeExcessConnections -> 0, maxPoolSize -> 30, maxStatements -> 0, maxStatementsPerConnection -> 0, minPoolSize -> 3, numHelperThreads -> 3, preferredTestQuery -> SELECT 1, privilegeSpawnedThreads -> false, properties -> {user=******, password=******}, propertyCycle -> 0, statementCacheNumDeferredCloseThreads -> 0, testConnectionOnCheckin -> true, testConnectionOnCheckout -> false, unreturnedConnectionTimeout -> 0, userOverrides -> {}, usesTraditionalReflectiveProxies -> false ]
17:10:21.346 [main]        INFO  / 2040 - Initializing Spring FrameworkServlet 'service'
17:12:51.283 [main]        INFO  / 2040 - Initializing Spring root WebApplicationContext
17:12:53.565 [main]        INFO  cn.momia.common.web.logger.LoggerConfigurer 31 - set logger level to: INFO
17:12:53.687 [MLog-Init-Reporter] INFO  com.mchange.v2.log.MLog 203 - MLog clients using slf4j logging.
17:12:54.082 [main]        INFO  com.mchange.v2.c3p0.C3P0Registry 203 - Initializing c3p0-0.9.5 [built 02-January-2015 13:25:04 -0500; debug? true; trace: 10]
17:12:54.616 [main]        INFO  c.m.v2.c3p0.impl.AbstractPoolBackedDataSource 203 - Initializing c3p0 pool... com.mchange.v2.c3p0.ComboPooledDataSource [ acquireIncrement -> 3, acquireRetryAttempts -> 30, acquireRetryDelay -> 1000, autoCommitOnClose -> false, automaticTestTable -> null, breakAfterAcquireFailure -> false, checkoutTimeout -> 1800000, connectionCustomizerClassName -> null, connectionTesterClassName -> com.mchange.v2.c3p0.impl.DefaultConnectionTester, contextClassLoaderSource -> caller, dataSourceName -> z8kfsx9a11dd5c91fau7px|10c5bc8, debugUnreturnedConnectionStackTraces -> false, description -> null, driverClass -> com.mysql.jdbc.Driver, extensions -> {}, factoryClassLocation -> null, forceIgnoreUnresolvedTransactions -> false, forceUseNamedDriverClass -> false, identityToken -> z8kfsx9a11dd5c91fau7px|10c5bc8, idleConnectionTestPeriod -> 5, initialPoolSize -> 3, jdbcUrl -> jdbc:mysql://120.55.102.12:3306/tongqu?characterEncoding=UTF-8&zeroDateTimeBehavior=convertToNull, maxAdministrativeTaskTime -> 0, maxConnectionAge -> 0, maxIdleTime -> 7200, maxIdleTimeExcessConnections -> 0, maxPoolSize -> 30, maxStatements -> 0, maxStatementsPerConnection -> 0, minPoolSize -> 3, numHelperThreads -> 3, preferredTestQuery -> SELECT 1, privilegeSpawnedThreads -> false, properties -> {user=******, password=******}, propertyCycle -> 0, statementCacheNumDeferredCloseThreads -> 0, testConnectionOnCheckin -> true, testConnectionOnCheckout -> false, unreturnedConnectionTimeout -> 0, userOverrides -> {}, usesTraditionalReflectiveProxies -> false ]
17:12:55.679 [main]        INFO  / 2040 - Initializing Spring FrameworkServlet 'service'
17:14:03.513 [main]        INFO  / 2040 - Initializing Spring root WebApplicationContext
17:14:05.911 [main]        INFO  cn.momia.common.web.logger.LoggerConfigurer 31 - set logger level to: INFO
17:14:05.962 [MLog-Init-Reporter] INFO  com.mchange.v2.log.MLog 203 - MLog clients using slf4j logging.
17:14:06.156 [main]        INFO  com.mchange.v2.c3p0.C3P0Registry 203 - Initializing c3p0-0.9.5 [built 02-January-2015 13:25:04 -0500; debug? true; trace: 10]
17:14:06.551 [main]        INFO  c.m.v2.c3p0.impl.AbstractPoolBackedDataSource 203 - Initializing c3p0 pool... com.mchange.v2.c3p0.ComboPooledDataSource [ acquireIncrement -> 3, acquireRetryAttempts -> 30, acquireRetryDelay -> 1000, autoCommitOnClose -> false, automaticTestTable -> null, breakAfterAcquireFailure -> false, checkoutTimeout -> 1800000, connectionCustomizerClassName -> null, connectionTesterClassName -> com.mchange.v2.c3p0.impl.DefaultConnectionTester, contextClassLoaderSource -> caller, dataSourceName -> z8kfsx9a11dep1y1qdk2mg|14029a9, debugUnreturnedConnectionStackTraces -> false, description -> null, driverClass -> com.mysql.jdbc.Driver, extensions -> {}, factoryClassLocation -> null, forceIgnoreUnresolvedTransactions -> false, forceUseNamedDriverClass -> false, identityToken -> z8kfsx9a11dep1y1qdk2mg|14029a9, idleConnectionTestPeriod -> 5, initialPoolSize -> 3, jdbcUrl -> jdbc:mysql://120.55.102.12:3306/tongqu?characterEncoding=UTF-8&zeroDateTimeBehavior=convertToNull, maxAdministrativeTaskTime -> 0, maxConnectionAge -> 0, maxIdleTime -> 7200, maxIdleTimeExcessConnections -> 0, maxPoolSize -> 30, maxStatements -> 0, maxStatementsPerConnection -> 0, minPoolSize -> 3, numHelperThreads -> 3, preferredTestQuery -> SELECT 1, privilegeSpawnedThreads -> false, properties -> {user=******, password=******}, propertyCycle -> 0, statementCacheNumDeferredCloseThreads -> 0, testConnectionOnCheckin -> true, testConnectionOnCheckout -> false, unreturnedConnectionTimeout -> 0, userOverrides -> {}, usesTraditionalReflectiveProxies -> false ]
17:14:08.038 [main]        INFO  / 2040 - Initializing Spring FrameworkServlet 'service'
17:15:25.740 [main]        INFO  / 2040 - Initializing Spring root WebApplicationContext
17:15:27.940 [main]        INFO  cn.momia.common.web.logger.LoggerConfigurer 31 - set logger level to: INFO
17:15:28.025 [MLog-Init-Reporter] INFO  com.mchange.v2.log.MLog 203 - MLog clients using slf4j logging.
17:15:28.311 [main]        INFO  com.mchange.v2.c3p0.C3P0Registry 203 - Initializing c3p0-0.9.5 [built 02-January-2015 13:25:04 -0500; debug? true; trace: 10]
17:15:28.718 [main]        INFO  c.m.v2.c3p0.impl.AbstractPoolBackedDataSource 203 - Initializing c3p0 pool... com.mchange.v2.c3p0.ComboPooledDataSource [ acquireIncrement -> 3, acquireRetryAttempts -> 30, acquireRetryDelay -> 1000, autoCommitOnClose -> false, automaticTestTable -> null, breakAfterAcquireFailure -> false, checkoutTimeout -> 1800000, connectionCustomizerClassName -> null, connectionTesterClassName -> com.mchange.v2.c3p0.impl.DefaultConnectionTester, contextClassLoaderSource -> caller, dataSourceName -> z8kfsx9a11dggei1b9ttbr|e84a9e, debugUnreturnedConnectionStackTraces -> false, description -> null, driverClass -> com.mysql.jdbc.Driver, extensions -> {}, factoryClassLocation -> null, forceIgnoreUnresolvedTransactions -> false, forceUseNamedDriverClass -> false, identityToken -> z8kfsx9a11dggei1b9ttbr|e84a9e, idleConnectionTestPeriod -> 5, initialPoolSize -> 3, jdbcUrl -> jdbc:mysql://120.55.102.12:3306/tongqu?characterEncoding=UTF-8&zeroDateTimeBehavior=convertToNull, maxAdministrativeTaskTime -> 0, maxConnectionAge -> 0, maxIdleTime -> 7200, maxIdleTimeExcessConnections -> 0, maxPoolSize -> 30, maxStatements -> 0, maxStatementsPerConnection -> 0, minPoolSize -> 3, numHelperThreads -> 3, preferredTestQuery -> SELECT 1, privilegeSpawnedThreads -> false, properties -> {user=******, password=******}, propertyCycle -> 0, statementCacheNumDeferredCloseThreads -> 0, testConnectionOnCheckin -> true, testConnectionOnCheckout -> false, unreturnedConnectionTimeout -> 0, userOverrides -> {}, usesTraditionalReflectiveProxies -> false ]
17:15:29.710 [main]        INFO  / 2040 - Initializing Spring FrameworkServlet 'service'
17:16:05.811 [main]        INFO  / 2040 - Initializing Spring root WebApplicationContext
17:16:07.997 [main]        INFO  cn.momia.common.web.logger.LoggerConfigurer 31 - set logger level to: INFO
17:16:08.041 [MLog-Init-Reporter] INFO  com.mchange.v2.log.MLog 203 - MLog clients using slf4j logging.
17:16:08.236 [main]        INFO  com.mchange.v2.c3p0.C3P0Registry 203 - Initializing c3p0-0.9.5 [built 02-January-2015 13:25:04 -0500; debug? true; trace: 10]
17:16:08.624 [main]        INFO  c.m.v2.c3p0.impl.AbstractPoolBackedDataSource 203 - Initializing c3p0 pool... com.mchange.v2.c3p0.ComboPooledDataSource [ acquireIncrement -> 3, acquireRetryAttempts -> 30, acquireRetryDelay -> 1000, autoCommitOnClose -> false, automaticTestTable -> null, breakAfterAcquireFailure -> false, checkoutTimeout -> 1800000, connectionCustomizerClassName -> null, connectionTesterClassName -> com.mchange.v2.c3p0.impl.DefaultConnectionTester, contextClassLoaderSource -> caller, dataSourceName -> z8kfsx9a11dhb911k92ah3|16f4a2d, debugUnreturnedConnectionStackTraces -> false, description -> null, driverClass -> com.mysql.jdbc.Driver, extensions -> {}, factoryClassLocation -> null, forceIgnoreUnresolvedTransactions -> false, forceUseNamedDriverClass -> false, identityToken -> z8kfsx9a11dhb911k92ah3|16f4a2d, idleConnectionTestPeriod -> 5, initialPoolSize -> 3, jdbcUrl -> jdbc:mysql://120.55.102.12:3306/tongqu?characterEncoding=UTF-8&zeroDateTimeBehavior=convertToNull, maxAdministrativeTaskTime -> 0, maxConnectionAge -> 0, maxIdleTime -> 7200, maxIdleTimeExcessConnections -> 0, maxPoolSize -> 30, maxStatements -> 0, maxStatementsPerConnection -> 0, minPoolSize -> 3, numHelperThreads -> 3, preferredTestQuery -> SELECT 1, privilegeSpawnedThreads -> false, properties -> {user=******, password=******}, propertyCycle -> 0, statementCacheNumDeferredCloseThreads -> 0, testConnectionOnCheckin -> true, testConnectionOnCheckout -> false, unreturnedConnectionTimeout -> 0, userOverrides -> {}, usesTraditionalReflectiveProxies -> false ]
17:16:09.645 [main]        INFO  / 2040 - Initializing Spring FrameworkServlet 'service'
17:16:30.665 [main]        INFO  / 2040 - Initializing Spring root WebApplicationContext
17:16:32.945 [main]        INFO  cn.momia.common.web.logger.LoggerConfigurer 31 - set logger level to: INFO
17:16:33.026 [MLog-Init-Reporter] INFO  com.mchange.v2.log.MLog 203 - MLog clients using slf4j logging.
17:16:33.344 [main]        INFO  com.mchange.v2.c3p0.C3P0Registry 203 - Initializing c3p0-0.9.5 [built 02-January-2015 13:25:04 -0500; debug? true; trace: 10]
17:16:33.828 [main]        INFO  c.m.v2.c3p0.impl.AbstractPoolBackedDataSource 203 - Initializing c3p0 pool... com.mchange.v2.c3p0.ComboPooledDataSource [ acquireIncrement -> 3, acquireRetryAttempts -> 30, acquireRetryDelay -> 1000, autoCommitOnClose -> false, automaticTestTable -> null, breakAfterAcquireFailure -> false, checkoutTimeout -> 1800000, connectionCustomizerClassName -> null, connectionTesterClassName -> com.mchange.v2.c3p0.impl.DefaultConnectionTester, contextClassLoaderSource -> caller, dataSourceName -> z8kfsx9a11dhuka1rhaqci|18fddb1, debugUnreturnedConnectionStackTraces -> false, description -> null, driverClass -> com.mysql.jdbc.Driver, extensions -> {}, factoryClassLocation -> null, forceIgnoreUnresolvedTransactions -> false, forceUseNamedDriverClass -> false, identityToken -> z8kfsx9a11dhuka1rhaqci|18fddb1, idleConnectionTestPeriod -> 5, initialPoolSize -> 3, jdbcUrl -> jdbc:mysql://120.55.102.12:3306/tongqu?characterEncoding=UTF-8&zeroDateTimeBehavior=convertToNull, maxAdministrativeTaskTime -> 0, maxConnectionAge -> 0, maxIdleTime -> 7200, maxIdleTimeExcessConnections -> 0, maxPoolSize -> 30, maxStatements -> 0, maxStatementsPerConnection -> 0, minPoolSize -> 3, numHelperThreads -> 3, preferredTestQuery -> SELECT 1, privilegeSpawnedThreads -> false, properties -> {user=******, password=******}, propertyCycle -> 0, statementCacheNumDeferredCloseThreads -> 0, testConnectionOnCheckin -> true, testConnectionOnCheckout -> false, unreturnedConnectionTimeout -> 0, userOverrides -> {}, usesTraditionalReflectiveProxies -> false ]
17:16:34.839 [main]        INFO  / 2040 - Initializing Spring FrameworkServlet 'service'
